<?xml version="1.0" encoding="UTF-8"?>
<testsuites name="Checkout" time="186.034" tests="3" failures="2" errors="0">
   <testsuite name="Checkout" tests="3" failures="2" errors="0" time="186.034" skipped="0" timestamp="2022-01-17 13:08:04" hostname="waleedafifi - localhost" id="Test Suites/Checkout">
      <properties>
         <property name="deviceName" value=""/>
         <property name="devicePlatform" value=""/>
         <property name="logFolder" value="/Users/waleedafifi/Desktop/development/fixProj/cleanersupply/Reports/20220117_125503/Checkout/20220117_125512"/>
         <property name="logFiles" value="/Users/waleedafifi/Desktop/development/fixProj/cleanersupply/Reports/20220117_125503/Checkout/20220117_125512/execution0.log"/>
         <property name="attachments" value="/Users/waleedafifi/Desktop/development/fixProj/cleanersupply/Reports/20220117_125503/Checkout/20220117_125512/1642417759796.png"/>
         <property name="hostName" value="waleedafifi - localhost"/>
         <property name="os" value="Mac OS X 64bit"/>
         <property name="katalonVersion" value="8.2.0.208"/>
         <property name="browser" value="Firefox 95.0"/>
         <property name="hostAddress" value="127.0.0.1"/>
         <property name="sessionId" value="9628bd47-221d-49c4-9908-04bbb8c819f8"/>
         <property name="seleniumVersion" value="3.141.59"/>
         <property name="proxyInformation" value="ProxyInformation { proxyOption=NO_PROXY, proxyServerType=HTTP, username=, password=********, proxyServerAddress=, proxyServerPort=0, executionList=&quot;&quot;, isApplyToDesiredCapabilities=true }"/>
         <property name="platform" value="Mac OS X"/>
      </properties>
      <testcase name="Test Cases/Checkout Scenario/Product Details" time="75.296" classname="Test Cases/Checkout Scenario/Product Details" status="FAILED">
         <failure type="FAILED" message="Test Cases/Checkout Scenario/Product Details FAILED.
Reason:
com.kms.katalon.core.exception.StepFailedException: Unable to move mouse over object 'Object Repository/Product details/h2_descHeader'
	at com.kms.katalon.core.webui.keyword.internal.WebUIKeywordMain.stepFailed(WebUIKeywordMain.groovy:64)
	at com.kms.katalon.core.webui.keyword.internal.WebUIKeywordMain.runKeyword(WebUIKeywordMain.groovy:26)
	at com.kms.katalon.core.webui.keyword.builtin.MouseOverKeyword.mouseOver(MouseOverKeyword.groovy:66)
	at com.kms.katalon.core.webui.keyword.builtin.MouseOverKeyword.execute(MouseOverKeyword.groovy:40)
	at com.kms.katalon.core.keyword.internal.KeywordExecutor.executeKeywordForPlatform(KeywordExecutor.groovy:74)
	at com.kms.katalon.core.webui.keyword.WebUiBuiltInKeywords.mouseOver(WebUiBuiltInKeywords.groovy:806)
	at com.kms.katalon.core.webui.keyword.WebUiBuiltInKeywords$mouseOver$16.call(Unknown Source)
	at helpers.ProductDetailsHelpers.hoverEffectAndClickLargeSizeLink(ProductDetailsHelpers.groovy:85)
	at helpers.ProductDetailsHelpers$hoverEffectAndClickLargeSizeLink$3.call(Unknown Source)
	at Product Details.run(Product Details:51)
	at com.kms.katalon.core.main.ScriptEngine.run(ScriptEngine.java:194)
	at com.kms.katalon.core.main.ScriptEngine.runScriptAsRawText(ScriptEngine.java:119)
	at com.kms.katalon.core.main.TestCaseExecutor.runScript(TestCaseExecutor.java:442)
	at com.kms.katalon.core.main.TestCaseExecutor.doExecute(TestCaseExecutor.java:433)
	at com.kms.katalon.core.main.TestCaseExecutor.processExecutionPhase(TestCaseExecutor.java:412)
	at com.kms.katalon.core.main.TestCaseExecutor.accessMainPhase(TestCaseExecutor.java:404)
	at com.kms.katalon.core.main.TestCaseExecutor.execute(TestCaseExecutor.java:281)
	at com.kms.katalon.core.main.TestSuiteExecutor.accessTestCaseMainPhase(TestSuiteExecutor.java:202)
	at com.kms.katalon.core.main.TestSuiteExecutor.accessTestSuiteMainPhase(TestSuiteExecutor.java:164)
	at com.kms.katalon.core.main.TestSuiteExecutor.execute(TestSuiteExecutor.java:105)
	at com.kms.katalon.core.main.TestCaseMain.startTestSuite(TestCaseMain.java:181)
	at com.kms.katalon.core.main.TestCaseMain$startTestSuite$0.call(Unknown Source)
	at TempTestSuite1642416912407.run(TempTestSuite1642416912407.groovy:36)
Caused by: org.openqa.selenium.interactions.MoveTargetOutOfBoundsException: (324, 850) is out of bounds of viewport width (1440) and height (730)
Build info: version: '3.141.59', revision: 'e82be7d358', time: '2018-11-14T08:25:53'
System info: host: 'Waleeds-MacBook-Pro.local', ip: 'fe80:0:0:0:1c5b:3086:5fdd:953c%en0', os.name: 'Mac OS X', os.arch: 'x86_64', os.version: '10.16', java.version: '1.8.0_275'
Driver info: com.kms.katalon.core.webui.driver.firefox.CGeckoDriver
Capabilities {acceptInsecureCerts: true, browserName: firefox, browserVersion: 95.0, javascriptEnabled: true, moz:accessibilityChecks: false, moz:buildID: 20211129150630, moz:geckodriverVersion: 0.30.0, moz:headless: false, moz:processID: 11198, moz:profile: /var/folders/d1/nclsdd393_x..., moz:shutdownTimeout: 60000, moz:useNonSpecCompliantPointerOrigin: false, moz:webdriverClick: true, pageLoadStrategy: normal, platform: MAC, platformName: MAC, platformVersion: 21.2.0, proxy: Proxy(direct), setWindowRect: true, strictFileInteractability: false, timeouts: {implicit: 0, pageLoad: 300000, script: 30000}, unhandledPromptBehavior: dismiss and notify}
Session ID: dfab2145-061f-4edb-985c-1d9528419fee
	at org.openqa.selenium.remote.http.W3CHttpResponseCodec.createException(W3CHttpResponseCodec.java:187)
	at org.openqa.selenium.remote.http.W3CHttpResponseCodec.decode(W3CHttpResponseCodec.java:122)
	at org.openqa.selenium.remote.http.W3CHttpResponseCodec.decode(W3CHttpResponseCodec.java:49)
	at org.openqa.selenium.remote.HttpCommandExecutor.execute(HttpCommandExecutor.java:158)
	at org.openqa.selenium.remote.service.DriverCommandExecutor.execute(DriverCommandExecutor.java:83)
	at org.openqa.selenium.remote.RemoteWebDriver.execute(RemoteWebDriver.java:552)
	at com.kms.katalon.selenium.driver.CFirefoxDriver.execute(CFirefoxDriver.java:27)
	at org.openqa.selenium.remote.RemoteWebDriver.perform(RemoteWebDriver.java:618)
	at org.openqa.selenium.support.events.EventFiringWebDriver.lambda$new$1(EventFiringWebDriver.java:105)
	at com.sun.proxy.$Proxy10.perform(Unknown Source)
	at org.openqa.selenium.support.events.EventFiringWebDriver.perform(EventFiringWebDriver.java:360)
	at org.openqa.selenium.interactions.Actions$BuiltAction.perform(Actions.java:639)
	at org.openqa.selenium.interactions.Actions.perform(Actions.java:595)
	at com.kms.katalon.core.webui.keyword.builtin.MouseOverKeyword$_mouseOver_closure1.doCall(MouseOverKeyword.groovy:59)
	at com.kms.katalon.core.webui.keyword.builtin.MouseOverKeyword$_mouseOver_closure1.call(MouseOverKeyword.groovy)
	at com.kms.katalon.core.webui.keyword.internal.WebUIKeywordMain.runKeyword(WebUIKeywordMain.groovy:20)
	... 21 more
"/>
         <system-out><![CDATA[2022-01-17 13:08:05 - [TEST_CASE][FAILED] - Test Cases/Checkout Scenario/Product Details: Test Cases/Checkout Scenario/Product Details FAILED.
Reason:
com.kms.katalon.core.exception.StepFailedException: Unable to move mouse over object 'Object Repository/Product details/h2_descHeader'
	at com.kms.katalon.core.webui.keyword.internal.WebUIKeywordMain.stepFailed(WebUIKeywordMain.groovy:64)
	at com.kms.katalon.core.webui.keyword.internal.WebUIKeywordMain.runKeyword(WebUIKeywordMain.groovy:26)
	at com.kms.katalon.core.webui.keyword.builtin.MouseOverKeyword.mouseOver(MouseOverKeyword.groovy:66)
	at com.kms.katalon.core.webui.keyword.builtin.MouseOverKeyword.execute(MouseOverKeyword.groovy:40)
	at com.kms.katalon.core.keyword.internal.KeywordExecutor.executeKeywordForPlatform(KeywordExecutor.groovy:74)
	at com.kms.katalon.core.webui.keyword.WebUiBuiltInKeywords.mouseOver(WebUiBuiltInKeywords.groovy:806)
	at com.kms.katalon.core.webui.keyword.WebUiBuiltInKeywords$mouseOver$16.call(Unknown Source)
	at helpers.ProductDetailsHelpers.hoverEffectAndClickLargeSizeLink(ProductDetailsHelpers.groovy:85)
	at helpers.ProductDetailsHelpers$hoverEffectAndClickLargeSizeLink$3.call(Unknown Source)
	at Product Details.run(Product Details:51)
	at com.kms.katalon.core.main.ScriptEngine.run(ScriptEngine.java:194)
	at com.kms.katalon.core.main.ScriptEngine.runScriptAsRawText(ScriptEngine.java:119)
	at com.kms.katalon.core.main.TestCaseExecutor.runScript(TestCaseExecutor.java:442)
	at com.kms.katalon.core.main.TestCaseExecutor.doExecute(TestCaseExecutor.java:433)
	at com.kms.katalon.core.main.TestCaseExecutor.processExecutionPhase(TestCaseExecutor.java:412)
	at com.kms.katalon.core.main.TestCaseExecutor.accessMainPhase(TestCaseExecutor.java:404)
	at com.kms.katalon.core.main.TestCaseExecutor.execute(TestCaseExecutor.java:281)
	at com.kms.katalon.core.main.TestSuiteExecutor.accessTestCaseMainPhase(TestSuiteExecutor.java:202)
	at com.kms.katalon.core.main.TestSuiteExecutor.accessTestSuiteMainPhase(TestSuiteExecutor.java:164)
	at com.kms.katalon.core.main.TestSuiteExecutor.execute(TestSuiteExecutor.java:105)
	at com.kms.katalon.core.main.TestCaseMain.startTestSuite(TestCaseMain.java:181)
	at com.kms.katalon.core.main.TestCaseMain$startTestSuite$0.call(Unknown Source)
	at TempTestSuite1642416912407.run(TempTestSuite1642416912407.groovy:36)
Caused by: org.openqa.selenium.interactions.MoveTargetOutOfBoundsException: (324, 850) is out of bounds of viewport width (1440) and height (730)
Build info: version: '3.141.59', revision: 'e82be7d358', time: '2018-11-14T08:25:53'
System info: host: 'Waleeds-MacBook-Pro.local', ip: 'fe80:0:0:0:1c5b:3086:5fdd:953c%en0', os.name: 'Mac OS X', os.arch: 'x86_64', os.version: '10.16', java.version: '1.8.0_275'
Driver info: com.kms.katalon.core.webui.driver.firefox.CGeckoDriver
Capabilities {acceptInsecureCerts: true, browserName: firefox, browserVersion: 95.0, javascriptEnabled: true, moz:accessibilityChecks: false, moz:buildID: 20211129150630, moz:geckodriverVersion: 0.30.0, moz:headless: false, moz:processID: 11198, moz:profile: /var/folders/d1/nclsdd393_x..., moz:shutdownTimeout: 60000, moz:useNonSpecCompliantPointerOrigin: false, moz:webdriverClick: true, pageLoadStrategy: normal, platform: MAC, platformName: MAC, platformVersion: 21.2.0, proxy: Proxy(direct), setWindowRect: true, strictFileInteractability: false, timeouts: {implicit: 0, pageLoad: 300000, script: 30000}, unhandledPromptBehavior: dismiss and notify}
Session ID: dfab2145-061f-4edb-985c-1d9528419fee
	at org.openqa.selenium.remote.http.W3CHttpResponseCodec.createException(W3CHttpResponseCodec.java:187)
	at org.openqa.selenium.remote.http.W3CHttpResponseCodec.decode(W3CHttpResponseCodec.java:122)
	at org.openqa.selenium.remote.http.W3CHttpResponseCodec.decode(W3CHttpResponseCodec.java:49)
	at org.openqa.selenium.remote.HttpCommandExecutor.execute(HttpCommandExecutor.java:158)
	at org.openqa.selenium.remote.service.DriverCommandExecutor.execute(DriverCommandExecutor.java:83)
	at org.openqa.selenium.remote.RemoteWebDriver.execute(RemoteWebDriver.java:552)
	at com.kms.katalon.selenium.driver.CFirefoxDriver.execute(CFirefoxDriver.java:27)
	at org.openqa.selenium.remote.RemoteWebDriver.perform(RemoteWebDriver.java:618)
	at org.openqa.selenium.support.events.EventFiringWebDriver.lambda$new$1(EventFiringWebDriver.java:105)
	at com.sun.proxy.$Proxy10.perform(Unknown Source)
	at org.openqa.selenium.support.events.EventFiringWebDriver.perform(EventFiringWebDriver.java:360)
	at org.openqa.selenium.interactions.Actions$BuiltAction.perform(Actions.java:639)
	at org.openqa.selenium.interactions.Actions.perform(Actions.java:595)
	at com.kms.katalon.core.webui.keyword.builtin.MouseOverKeyword$_mouseOver_closure1.doCall(MouseOverKeyword.groovy:59)
	at com.kms.katalon.core.webui.keyword.builtin.MouseOverKeyword$_mouseOver_closure1.call(MouseOverKeyword.groovy)
	at com.kms.katalon.core.webui.keyword.internal.WebUIKeywordMain.runKeyword(WebUIKeywordMain.groovy:20)
	... 21 more


2022-01-17 13:08:05 - [TEST_STEP][PASSED] - GeneralHelpers.initScenario(): Current window's url is: 'https://www.cleanersupply.com/'

2022-01-17 13:08:05 - [MESSAGE][INFO] - Starting 'Firefox' driver

2022-01-17 13:08:05 - [MESSAGE][INFO] - Action delay is set to 0 milliseconds

2022-01-17 13:08:10 - [MESSAGE][PASSED] - Browser is opened with url: ''

2022-01-17 13:08:10 - [MESSAGE][PASSED] - Current window maximized

2022-01-17 13:08:18 - [MESSAGE][PASSED] - Navigate to 'https://www.cleanersupply.com/' successfully

2022-01-17 13:08:18 - [MESSAGE][PASSED] - Wait for page load successfully

2022-01-17 13:08:18 - [MESSAGE][PASSED] - Current window's title is: 'Cleaner's Supply - Dry Cleaning Supplies'

2022-01-17 13:08:18 - [MESSAGE][PASSED] - Current window's title is: 'Cleaner's Supply - Dry Cleaning Supplies'

2022-01-17 13:08:18 - [MESSAGE][PASSED] - Current window's url is: 'https://www.cleanersupply.com/'

2022-01-17 13:08:18 - [TEST_STEP][PASSED] - GeneralHelpers.headerSearchFillAndClick(): Object: 'Object Repository/Product details/btn_searchAction' is clicked on

2022-01-17 13:08:22 - [MESSAGE][PASSED] - Text 'Plastic' is set on object 'Object Repository/Product details/input_searchField'

2022-01-17 13:08:22 - [MESSAGE][PASSED] - Attribute 'value' of object 'Object Repository/Product details/input_searchField' is: 'Plastic'

2022-01-17 13:08:23 - [MESSAGE][PASSED] - Object 'Object Repository/Product details/div_searchAutocompleteBox' is visible

2022-01-17 13:08:23 - [MESSAGE][PASSED] - Attribute 'class' of object 'Object Repository/Product details/div_searchAutocompleteBox' is: 'search-autocomplete dropdown-menu open'

2022-01-17 13:08:24 - [MESSAGE][PASSED] - Text of object 'Object Repository/Product details/div_searchHeaderTopBar' is: 'Search for PLASTIC'

2022-01-17 13:08:24 - [MESSAGE][PASSED] - Get CSS 'background-color' value on 'Object Repository/Product details/div_searchHeaderTopBar' successfully: 'rgb(82, 36, 127)'.

2022-01-17 13:08:26 - [MESSAGE][PASSED] - Object: 'Object Repository/Product details/btn_searchAction' is clicked on

2022-01-17 13:08:26 - [TEST_STEP][PASSED] - GeneralHelpers.navigateToResultPage(): Text of object 'Object Repository/Product details/h1_sectionHeading' is: 'SEARCH RESULTS'

2022-01-17 13:08:26 - [MESSAGE][PASSED] - Current window's title is: 'Search Results - Cleaner's Supply'

2022-01-17 13:08:26 - [MESSAGE][PASSED] - Current window's url is: 'https://www.cleanersupply.com/search-results/?q=Plastic'

2022-01-17 13:08:29 - [MESSAGE][PASSED] - Text of object 'Object Repository/Product details/h1_sectionHeading' is: 'SEARCH RESULTS'

2022-01-17 13:08:29 - [TEST_STEP][PASSED] - SearchResultPageValidations.verifyDefaultValues(): Attribute 'class' of object '' is: ' '

2022-01-17 13:08:29 - [MESSAGE][PASSED] - Text of object 'Object Repository/Search Result/h2_productListHeading' is: 'RESULTS FOR "PLASTIC" (224)'

2022-01-17 13:08:30 - [MESSAGE][PASSED] - Text of object 'Object Repository/Search Result/h2_productListHeading' is: 'RESULTS FOR "PLASTIC" (224)'

2022-01-17 13:08:30 - [MESSAGE][PASSED] - Text of object 'Object Repository/Search Result/span_filterOption' is: 'Featured'

2022-01-17 13:08:30 - [MESSAGE][PASSED] - Web element with id: 'Object Repository/Search Result/ul_selectedFilters' located by 'By.cssSelector: ul.selected-filters' is not present after '5' second(s)

2022-01-17 13:08:31 - [MESSAGE][PASSED] - Attribute 'class' of object '' is: ' '

2022-01-17 13:08:31 - [MESSAGE][PASSED] - Attribute 'class' of object '' is: ' '

2022-01-17 13:08:31 - [MESSAGE][PASSED] - Attribute 'class' of object '' is: ' '

2022-01-17 13:08:31 - [MESSAGE][PASSED] - Attribute 'class' of object '' is: ' '

2022-01-17 13:08:31 - [MESSAGE][PASSED] - Attribute 'class' of object '' is: ' '

2022-01-17 13:08:31 - [MESSAGE][PASSED] - Attribute 'class' of object '' is: ' '

2022-01-17 13:08:31 - [MESSAGE][PASSED] - Attribute 'class' of object '' is: ' '

2022-01-17 13:08:31 - [MESSAGE][PASSED] - Attribute 'class' of object '' is: ' '

2022-01-17 13:08:31 - [MESSAGE][PASSED] - Attribute 'class' of object '' is: ' '

2022-01-17 13:08:31 - [MESSAGE][PASSED] - Attribute 'class' of object '' is: ' '

2022-01-17 13:08:31 - [MESSAGE][PASSED] - Attribute 'class' of object '' is: ' '

2022-01-17 13:08:31 - [MESSAGE][PASSED] - Attribute 'class' of object '' is: ' '

2022-01-17 13:08:31 - [MESSAGE][PASSED] - Attribute 'class' of object '' is: ' '

2022-01-17 13:08:31 - [MESSAGE][PASSED] - Attribute 'class' of object '' is: ' '

2022-01-17 13:08:31 - [MESSAGE][PASSED] - Attribute 'class' of object '' is: ' '

2022-01-17 13:08:31 - [MESSAGE][PASSED] - Attribute 'class' of object '' is: ' '

2022-01-17 13:08:31 - [MESSAGE][PASSED] - Attribute 'class' of object '' is: ' '

2022-01-17 13:08:31 - [MESSAGE][PASSED] - Attribute 'class' of object '' is: ' '

2022-01-17 13:08:31 - [MESSAGE][PASSED] - Attribute 'class' of object '' is: ' '

2022-01-17 13:08:31 - [MESSAGE][PASSED] - Attribute 'class' of object '' is: ' '

2022-01-17 13:08:31 - [MESSAGE][PASSED] - Attribute 'class' of object '' is: ' '

2022-01-17 13:08:31 - [MESSAGE][PASSED] - Attribute 'class' of object '' is: ' '

2022-01-17 13:08:31 - [MESSAGE][PASSED] - Attribute 'class' of object '' is: ' '

2022-01-17 13:08:31 - [MESSAGE][PASSED] - Attribute 'class' of object '' is: ' '

2022-01-17 13:08:31 - [MESSAGE][PASSED] - Attribute 'class' of object '' is: ' '

2022-01-17 13:08:31 - [MESSAGE][PASSED] - Attribute 'class' of object '' is: ' '

2022-01-17 13:08:31 - [MESSAGE][PASSED] - Attribute 'class' of object '' is: ' '

2022-01-17 13:08:31 - [MESSAGE][PASSED] - Attribute 'class' of object '' is: ' '

2022-01-17 13:08:31 - [MESSAGE][PASSED] - Attribute 'class' of object '' is: ' '

2022-01-17 13:08:31 - [MESSAGE][PASSED] - Attribute 'class' of object '' is: ' '

2022-01-17 13:08:31 - [MESSAGE][PASSED] - Attribute 'class' of object '' is: ' '

2022-01-17 13:08:31 - [MESSAGE][PASSED] - Attribute 'class' of object '' is: ' '

2022-01-17 13:08:31 - [MESSAGE][PASSED] - Attribute 'class' of object '' is: ' '

2022-01-17 13:08:31 - [MESSAGE][PASSED] - Attribute 'class' of object '' is: ' '

2022-01-17 13:08:31 - [MESSAGE][PASSED] - Attribute 'class' of object '' is: ' '

2022-01-17 13:08:31 - [MESSAGE][PASSED] - Attribute 'class' of object '' is: ' '

2022-01-17 13:08:31 - [MESSAGE][PASSED] - Attribute 'class' of object '' is: ' '

2022-01-17 13:08:31 - [MESSAGE][PASSED] - Attribute 'class' of object '' is: ' '

2022-01-17 13:08:31 - [MESSAGE][PASSED] - Attribute 'class' of object '' is: ' '

2022-01-17 13:08:31 - [MESSAGE][PASSED] - Attribute 'class' of object '' is: ' '

2022-01-17 13:08:32 - [MESSAGE][PASSED] - Attribute 'class' of object '' is: ' '

2022-01-17 13:08:32 - [MESSAGE][PASSED] - Attribute 'class' of object '' is: ' '

2022-01-17 13:08:32 - [MESSAGE][PASSED] - Attribute 'class' of object '' is: ' '

2022-01-17 13:08:32 - [MESSAGE][PASSED] - Attribute 'class' of object '' is: ' '

2022-01-17 13:08:32 - [MESSAGE][PASSED] - Attribute 'class' of object '' is: ' '

2022-01-17 13:08:32 - [MESSAGE][PASSED] - Attribute 'class' of object '' is: ' '

2022-01-17 13:08:32 - [MESSAGE][PASSED] - Attribute 'class' of object '' is: ' '

2022-01-17 13:08:32 - [MESSAGE][PASSED] - Attribute 'class' of object '' is: ' '

2022-01-17 13:08:32 - [MESSAGE][PASSED] - Attribute 'class' of object '' is: ' '

2022-01-17 13:08:32 - [MESSAGE][PASSED] - Attribute 'class' of object '' is: ' '

2022-01-17 13:08:32 - [MESSAGE][PASSED] - Attribute 'class' of object '' is: ' '

2022-01-17 13:08:32 - [MESSAGE][PASSED] - Attribute 'class' of object '' is: ' '

2022-01-17 13:08:32 - [MESSAGE][PASSED] - Attribute 'class' of object '' is: ' '

2022-01-17 13:08:32 - [MESSAGE][PASSED] - Attribute 'class' of object '' is: ' '

2022-01-17 13:08:32 - [MESSAGE][PASSED] - Attribute 'class' of object '' is: ' '

2022-01-17 13:08:32 - [MESSAGE][PASSED] - Attribute 'class' of object '' is: ' '

2022-01-17 13:08:32 - [MESSAGE][PASSED] - Attribute 'class' of object '' is: ' '

2022-01-17 13:08:32 - [MESSAGE][PASSED] - Attribute 'class' of object '' is: ' '

2022-01-17 13:08:32 - [MESSAGE][PASSED] - Attribute 'class' of object '' is: ' '

2022-01-17 13:08:32 - [MESSAGE][PASSED] - Attribute 'class' of object '' is: ' '

2022-01-17 13:08:32 - [MESSAGE][PASSED] - Attribute 'class' of object '' is: ' '

2022-01-17 13:08:32 - [MESSAGE][PASSED] - Attribute 'class' of object '' is: ' '

2022-01-17 13:08:32 - [MESSAGE][PASSED] - Attribute 'class' of object '' is: ' '

2022-01-17 13:08:32 - [MESSAGE][PASSED] - Attribute 'class' of object '' is: ' '

2022-01-17 13:08:32 - [MESSAGE][PASSED] - Attribute 'class' of object '' is: ' '

2022-01-17 13:08:32 - [MESSAGE][PASSED] - Attribute 'class' of object '' is: ' '

2022-01-17 13:08:32 - [MESSAGE][PASSED] - Attribute 'class' of object '' is: ' '

2022-01-17 13:08:32 - [MESSAGE][PASSED] - Attribute 'class' of object '' is: ' '

2022-01-17 13:08:32 - [MESSAGE][PASSED] - Attribute 'class' of object '' is: ' '

2022-01-17 13:08:32 - [MESSAGE][PASSED] - Attribute 'class' of object '' is: ' '

2022-01-17 13:08:32 - [MESSAGE][PASSED] - Attribute 'class' of object '' is: ' '

2022-01-17 13:08:32 - [MESSAGE][PASSED] - Attribute 'class' of object '' is: ' '

2022-01-17 13:08:32 - [MESSAGE][PASSED] - Attribute 'class' of object '' is: ' '

2022-01-17 13:08:32 - [MESSAGE][PASSED] - Attribute 'class' of object '' is: ' '

2022-01-17 13:08:32 - [MESSAGE][PASSED] - Attribute 'class' of object '' is: ' '

2022-01-17 13:08:32 - [MESSAGE][PASSED] - Attribute 'class' of object '' is: ' '

2022-01-17 13:08:32 - [MESSAGE][PASSED] - Attribute 'class' of object '' is: ' '

2022-01-17 13:08:32 - [MESSAGE][PASSED] - Attribute 'class' of object '' is: ' '

2022-01-17 13:08:32 - [MESSAGE][PASSED] - Attribute 'class' of object '' is: ' '

2022-01-17 13:08:32 - [MESSAGE][PASSED] - Attribute 'class' of object '' is: ' '

2022-01-17 13:08:32 - [MESSAGE][PASSED] - Attribute 'class' of object '' is: ' '

2022-01-17 13:08:32 - [MESSAGE][PASSED] - Attribute 'class' of object '' is: ' '

2022-01-17 13:08:32 - [MESSAGE][PASSED] - Attribute 'class' of object '' is: ' '

2022-01-17 13:08:32 - [MESSAGE][PASSED] - Attribute 'class' of object '' is: ' '

2022-01-17 13:08:32 - [MESSAGE][PASSED] - Attribute 'class' of object '' is: ' '

2022-01-17 13:08:32 - [MESSAGE][PASSED] - Attribute 'class' of object '' is: ' '

2022-01-17 13:08:32 - [MESSAGE][PASSED] - Attribute 'class' of object '' is: ' '

2022-01-17 13:08:32 - [MESSAGE][PASSED] - Attribute 'class' of object '' is: ' '

2022-01-17 13:08:32 - [MESSAGE][PASSED] - Attribute 'class' of object '' is: ' '

2022-01-17 13:08:32 - [MESSAGE][PASSED] - Attribute 'class' of object '' is: ' '

2022-01-17 13:08:32 - [MESSAGE][PASSED] - Attribute 'class' of object '' is: ' '

2022-01-17 13:08:32 - [MESSAGE][PASSED] - Attribute 'class' of object '' is: ' '

2022-01-17 13:08:32 - [MESSAGE][PASSED] - Attribute 'class' of object '' is: ' '

2022-01-17 13:08:32 - [MESSAGE][PASSED] - Attribute 'class' of object '' is: ' '

2022-01-17 13:08:32 - [MESSAGE][PASSED] - Attribute 'class' of object '' is: ' '

2022-01-17 13:08:32 - [MESSAGE][PASSED] - Attribute 'class' of object '' is: ' '

2022-01-17 13:08:32 - [MESSAGE][PASSED] - Attribute 'class' of object '' is: ' '

2022-01-17 13:08:32 - [MESSAGE][PASSED] - Attribute 'class' of object '' is: ' '

2022-01-17 13:08:32 - [MESSAGE][PASSED] - Attribute 'class' of object '' is: ' '

2022-01-17 13:08:32 - [MESSAGE][PASSED] - Attribute 'class' of object '' is: ' '

2022-01-17 13:08:32 - [MESSAGE][PASSED] - Attribute 'class' of object '' is: ' '

2022-01-17 13:08:33 - [MESSAGE][PASSED] - Attribute 'class' of object '' is: ' '

2022-01-17 13:08:33 - [MESSAGE][PASSED] - Attribute 'class' of object '' is: ' '

2022-01-17 13:08:33 - [MESSAGE][PASSED] - Attribute 'class' of object '' is: ' '

2022-01-17 13:08:33 - [MESSAGE][PASSED] - Attribute 'class' of object '' is: ' '

2022-01-17 13:08:33 - [MESSAGE][PASSED] - Attribute 'class' of object '' is: ' '

2022-01-17 13:08:33 - [MESSAGE][PASSED] - Attribute 'class' of object '' is: ' '

2022-01-17 13:08:33 - [MESSAGE][PASSED] - Attribute 'class' of object '' is: ' '

2022-01-17 13:08:33 - [MESSAGE][PASSED] - Attribute 'class' of object '' is: ' '

2022-01-17 13:08:33 - [MESSAGE][PASSED] - Attribute 'class' of object '' is: ' '

2022-01-17 13:08:33 - [MESSAGE][PASSED] - Attribute 'class' of object '' is: ' '

2022-01-17 13:08:33 - [MESSAGE][PASSED] - Attribute 'class' of object '' is: ' '

2022-01-17 13:08:33 - [MESSAGE][PASSED] - Attribute 'class' of object '' is: ' '

2022-01-17 13:08:33 - [MESSAGE][PASSED] - Attribute 'class' of object '' is: ' '

2022-01-17 13:08:33 - [MESSAGE][PASSED] - Attribute 'class' of object '' is: ' '

2022-01-17 13:08:33 - [MESSAGE][PASSED] - Attribute 'class' of object '' is: ' '

2022-01-17 13:08:33 - [MESSAGE][PASSED] - Attribute 'class' of object '' is: ' '

2022-01-17 13:08:33 - [MESSAGE][PASSED] - Attribute 'class' of object '' is: ' '

2022-01-17 13:08:33 - [MESSAGE][PASSED] - Attribute 'class' of object '' is: ' '

2022-01-17 13:08:33 - [MESSAGE][PASSED] - Attribute 'class' of object '' is: ' '

2022-01-17 13:08:33 - [MESSAGE][PASSED] - Attribute 'class' of object '' is: ' '

2022-01-17 13:08:33 - [MESSAGE][PASSED] - Attribute 'class' of object '' is: ' '

2022-01-17 13:08:33 - [MESSAGE][PASSED] - Attribute 'class' of object '' is: ' '

2022-01-17 13:08:33 - [MESSAGE][PASSED] - Attribute 'class' of object '' is: ' '

2022-01-17 13:08:33 - [MESSAGE][PASSED] - Attribute 'class' of object '' is: ' '

2022-01-17 13:08:33 - [MESSAGE][PASSED] - Attribute 'class' of object '' is: ' '

2022-01-17 13:08:33 - [MESSAGE][PASSED] - Attribute 'class' of object '' is: ' '

2022-01-17 13:08:33 - [MESSAGE][PASSED] - Attribute 'class' of object '' is: ' '

2022-01-17 13:08:33 - [MESSAGE][PASSED] - Attribute 'class' of object '' is: ' '

2022-01-17 13:08:33 - [MESSAGE][PASSED] - Attribute 'class' of object '' is: ' '

2022-01-17 13:08:33 - [MESSAGE][PASSED] - Attribute 'class' of object '' is: ' '

2022-01-17 13:08:33 - [MESSAGE][PASSED] - Attribute 'class' of object '' is: ' '

2022-01-17 13:08:33 - [MESSAGE][PASSED] - Attribute 'class' of object '' is: ' '

2022-01-17 13:08:33 - [MESSAGE][PASSED] - Attribute 'class' of object '' is: ' '

2022-01-17 13:08:33 - [MESSAGE][PASSED] - Attribute 'class' of object '' is: ' '

2022-01-17 13:08:33 - [MESSAGE][PASSED] - Attribute 'class' of object '' is: ' '

2022-01-17 13:08:33 - [MESSAGE][PASSED] - Attribute 'class' of object '' is: ' '

2022-01-17 13:08:33 - [MESSAGE][PASSED] - Attribute 'class' of object '' is: ' '

2022-01-17 13:08:33 - [MESSAGE][PASSED] - Attribute 'class' of object '' is: ' '

2022-01-17 13:08:33 - [MESSAGE][PASSED] - Attribute 'class' of object '' is: ' '

2022-01-17 13:08:33 - [MESSAGE][PASSED] - Attribute 'class' of object '' is: ' '

2022-01-17 13:08:33 - [MESSAGE][PASSED] - Attribute 'class' of object '' is: ' '

2022-01-17 13:08:33 - [MESSAGE][PASSED] - Attribute 'class' of object '' is: ' '

2022-01-17 13:08:33 - [MESSAGE][PASSED] - Attribute 'class' of object '' is: ' '

2022-01-17 13:08:33 - [MESSAGE][PASSED] - Attribute 'class' of object '' is: ' '

2022-01-17 13:08:33 - [MESSAGE][PASSED] - Attribute 'class' of object '' is: ' '

2022-01-17 13:08:33 - [MESSAGE][PASSED] - Attribute 'class' of object '' is: ' '

2022-01-17 13:08:33 - [MESSAGE][PASSED] - Attribute 'class' of object '' is: ' '

2022-01-17 13:08:33 - [MESSAGE][PASSED] - Attribute 'class' of object '' is: ' '

2022-01-17 13:08:33 - [MESSAGE][PASSED] - Attribute 'class' of object '' is: ' '

2022-01-17 13:08:33 - [MESSAGE][PASSED] - Attribute 'class' of object '' is: ' '

2022-01-17 13:08:33 - [MESSAGE][PASSED] - Attribute 'class' of object '' is: ' '

2022-01-17 13:08:33 - [MESSAGE][PASSED] - Attribute 'class' of object '' is: ' '

2022-01-17 13:08:33 - [MESSAGE][PASSED] - Attribute 'class' of object '' is: ' '

2022-01-17 13:08:33 - [MESSAGE][PASSED] - Attribute 'class' of object '' is: ' '

2022-01-17 13:08:33 - [MESSAGE][PASSED] - Attribute 'class' of object '' is: ' '

2022-01-17 13:08:33 - [MESSAGE][PASSED] - Attribute 'class' of object '' is: ' '

2022-01-17 13:08:33 - [MESSAGE][PASSED] - Attribute 'class' of object '' is: ' '

2022-01-17 13:08:33 - [MESSAGE][PASSED] - Attribute 'class' of object '' is: ' '

2022-01-17 13:08:33 - [MESSAGE][PASSED] - Attribute 'class' of object '' is: ' '

2022-01-17 13:08:33 - [MESSAGE][PASSED] - Attribute 'class' of object '' is: ' '

2022-01-17 13:08:33 - [MESSAGE][PASSED] - Attribute 'class' of object '' is: ' '

2022-01-17 13:08:33 - [MESSAGE][PASSED] - Attribute 'class' of object '' is: ' '

2022-01-17 13:08:33 - [MESSAGE][PASSED] - Attribute 'class' of object '' is: ' '

2022-01-17 13:08:33 - [MESSAGE][PASSED] - Attribute 'class' of object '' is: ' '

2022-01-17 13:08:33 - [MESSAGE][PASSED] - Attribute 'class' of object '' is: ' '

2022-01-17 13:08:33 - [MESSAGE][PASSED] - Attribute 'class' of object '' is: ' '

2022-01-17 13:08:33 - [MESSAGE][PASSED] - Attribute 'class' of object '' is: ' '

2022-01-17 13:08:33 - [MESSAGE][PASSED] - Attribute 'class' of object '' is: ' '

2022-01-17 13:08:33 - [MESSAGE][PASSED] - Attribute 'class' of object '' is: ' '

2022-01-17 13:08:33 - [MESSAGE][PASSED] - Attribute 'class' of object '' is: ' '

2022-01-17 13:08:33 - [MESSAGE][PASSED] - Attribute 'class' of object '' is: ' '

2022-01-17 13:08:33 - [MESSAGE][PASSED] - Attribute 'class' of object '' is: ' '

2022-01-17 13:08:33 - [MESSAGE][PASSED] - Attribute 'class' of object '' is: ' '

2022-01-17 13:08:33 - [MESSAGE][PASSED] - Attribute 'class' of object '' is: ' '

2022-01-17 13:08:33 - [MESSAGE][PASSED] - Attribute 'class' of object '' is: ' '

2022-01-17 13:08:33 - [MESSAGE][PASSED] - Attribute 'class' of object '' is: ' '

2022-01-17 13:08:33 - [MESSAGE][PASSED] - Attribute 'class' of object '' is: ' '

2022-01-17 13:08:33 - [MESSAGE][PASSED] - Attribute 'class' of object '' is: ' '

2022-01-17 13:08:34 - [MESSAGE][PASSED] - Attribute 'class' of object '' is: ' '

2022-01-17 13:08:34 - [MESSAGE][PASSED] - Attribute 'class' of object '' is: ' '

2022-01-17 13:08:34 - [MESSAGE][PASSED] - Attribute 'class' of object '' is: ' '

2022-01-17 13:08:34 - [MESSAGE][PASSED] - Attribute 'class' of object '' is: ' '

2022-01-17 13:08:34 - [MESSAGE][PASSED] - Attribute 'class' of object '' is: ' '

2022-01-17 13:08:34 - [MESSAGE][PASSED] - Attribute 'class' of object '' is: ' '

2022-01-17 13:08:34 - [MESSAGE][PASSED] - Attribute 'class' of object '' is: ' '

2022-01-17 13:08:34 - [MESSAGE][PASSED] - Attribute 'class' of object '' is: ' '

2022-01-17 13:08:34 - [MESSAGE][PASSED] - Attribute 'class' of object '' is: ' '

2022-01-17 13:08:34 - [MESSAGE][PASSED] - Attribute 'class' of object '' is: ' '

2022-01-17 13:08:34 - [MESSAGE][PASSED] - Attribute 'class' of object '' is: ' '

2022-01-17 13:08:34 - [MESSAGE][PASSED] - Attribute 'class' of object '' is: ' '

2022-01-17 13:08:34 - [MESSAGE][PASSED] - Attribute 'class' of object '' is: ' '

2022-01-17 13:08:34 - [MESSAGE][PASSED] - Attribute 'class' of object '' is: ' '

2022-01-17 13:08:34 - [MESSAGE][PASSED] - Attribute 'class' of object '' is: ' '

2022-01-17 13:08:34 - [MESSAGE][PASSED] - Attribute 'class' of object '' is: ' '

2022-01-17 13:08:34 - [MESSAGE][PASSED] - Attribute 'class' of object '' is: ' '

2022-01-17 13:08:34 - [MESSAGE][PASSED] - Attribute 'class' of object '' is: ' '

2022-01-17 13:08:34 - [MESSAGE][PASSED] - Attribute 'class' of object '' is: ' '

2022-01-17 13:08:34 - [MESSAGE][PASSED] - Attribute 'class' of object '' is: ' '

2022-01-17 13:08:34 - [MESSAGE][PASSED] - Attribute 'class' of object '' is: ' '

2022-01-17 13:08:34 - [MESSAGE][PASSED] - Attribute 'class' of object '' is: ' '

2022-01-17 13:08:34 - [MESSAGE][PASSED] - Attribute 'class' of object '' is: ' '

2022-01-17 13:08:34 - [MESSAGE][PASSED] - Attribute 'class' of object '' is: ' '

2022-01-17 13:08:34 - [MESSAGE][PASSED] - Attribute 'class' of object '' is: ' '

2022-01-17 13:08:34 - [MESSAGE][PASSED] - Attribute 'class' of object '' is: ' '

2022-01-17 13:08:34 - [MESSAGE][PASSED] - Attribute 'class' of object '' is: ' '

2022-01-17 13:08:34 - [MESSAGE][PASSED] - Attribute 'class' of object '' is: ' '

2022-01-17 13:08:34 - [MESSAGE][PASSED] - Attribute 'class' of object '' is: ' '

2022-01-17 13:08:34 - [MESSAGE][PASSED] - Attribute 'class' of object '' is: ' '

2022-01-17 13:08:34 - [MESSAGE][PASSED] - Attribute 'class' of object '' is: ' '

2022-01-17 13:08:34 - [MESSAGE][PASSED] - Attribute 'class' of object '' is: ' '

2022-01-17 13:08:34 - [MESSAGE][PASSED] - Attribute 'class' of object '' is: ' '

2022-01-17 13:08:34 - [MESSAGE][PASSED] - Attribute 'class' of object '' is: ' '

2022-01-17 13:08:34 - [MESSAGE][PASSED] - Attribute 'class' of object '' is: ' '

2022-01-17 13:08:34 - [MESSAGE][PASSED] - Attribute 'class' of object '' is: ' '

2022-01-17 13:08:34 - [MESSAGE][PASSED] - Attribute 'class' of object '' is: ' '

2022-01-17 13:08:34 - [MESSAGE][PASSED] - Attribute 'class' of object '' is: ' '

2022-01-17 13:08:34 - [MESSAGE][PASSED] - Attribute 'class' of object '' is: ' '

2022-01-17 13:08:34 - [MESSAGE][PASSED] - Attribute 'class' of object '' is: ' '

2022-01-17 13:08:34 - [MESSAGE][PASSED] - Attribute 'class' of object '' is: ' '

2022-01-17 13:08:34 - [MESSAGE][PASSED] - Attribute 'class' of object '' is: ' '

2022-01-17 13:08:34 - [MESSAGE][PASSED] - Attribute 'class' of object '' is: ' '

2022-01-17 13:08:34 - [MESSAGE][PASSED] - Attribute 'class' of object '' is: ' '

2022-01-17 13:08:34 - [MESSAGE][PASSED] - Attribute 'class' of object '' is: ' '

2022-01-17 13:08:34 - [MESSAGE][PASSED] - Attribute 'class' of object '' is: ' '

2022-01-17 13:08:34 - [MESSAGE][PASSED] - Attribute 'class' of object '' is: ' '

2022-01-17 13:08:34 - [MESSAGE][PASSED] - Attribute 'class' of object '' is: ' '

2022-01-17 13:08:34 - [MESSAGE][PASSED] - Attribute 'class' of object '' is: ' '

2022-01-17 13:08:34 - [MESSAGE][PASSED] - Attribute 'class' of object '' is: ' '

2022-01-17 13:08:34 - [MESSAGE][PASSED] - Attribute 'class' of object '' is: ' '

2022-01-17 13:08:34 - [MESSAGE][PASSED] - Attribute 'class' of object '' is: ' '

2022-01-17 13:08:34 - [MESSAGE][PASSED] - Attribute 'class' of object '' is: ' '

2022-01-17 13:08:34 - [MESSAGE][PASSED] - Attribute 'class' of object '' is: ' '

2022-01-17 13:08:34 - [MESSAGE][PASSED] - Attribute 'class' of object '' is: ' '

2022-01-17 13:08:34 - [MESSAGE][PASSED] - Attribute 'class' of object '' is: ' '

2022-01-17 13:08:34 - [MESSAGE][PASSED] - Attribute 'class' of object '' is: ' '

2022-01-17 13:08:34 - [MESSAGE][PASSED] - Attribute 'class' of object '' is: ' '

2022-01-17 13:08:34 - [MESSAGE][PASSED] - Attribute 'class' of object '' is: ' '

2022-01-17 13:08:34 - [MESSAGE][PASSED] - Attribute 'class' of object '' is: ' '

2022-01-17 13:08:34 - [MESSAGE][PASSED] - Attribute 'class' of object '' is: ' '

2022-01-17 13:08:34 - [MESSAGE][PASSED] - Attribute 'class' of object '' is: ' '

2022-01-17 13:08:34 - [MESSAGE][PASSED] - Attribute 'class' of object '' is: ' '

2022-01-17 13:08:34 - [MESSAGE][PASSED] - Attribute 'class' of object '' is: ' '

2022-01-17 13:08:34 - [MESSAGE][PASSED] - Attribute 'class' of object '' is: ' '

2022-01-17 13:08:34 - [MESSAGE][PASSED] - Attribute 'class' of object '' is: ' '

2022-01-17 13:08:34 - [MESSAGE][PASSED] - Attribute 'class' of object '' is: ' '

2022-01-17 13:08:34 - [MESSAGE][PASSED] - Attribute 'class' of object '' is: ' '

2022-01-17 13:08:34 - [MESSAGE][PASSED] - Attribute 'class' of object '' is: ' '

2022-01-17 13:08:34 - [MESSAGE][PASSED] - Attribute 'class' of object '' is: ' '

2022-01-17 13:08:34 - [MESSAGE][PASSED] - Attribute 'class' of object '' is: ' '

2022-01-17 13:08:34 - [MESSAGE][PASSED] - Attribute 'class' of object '' is: ' '

2022-01-17 13:08:34 - [MESSAGE][PASSED] - Attribute 'class' of object '' is: ' '

2022-01-17 13:08:34 - [MESSAGE][PASSED] - Attribute 'class' of object '' is: ' '

2022-01-17 13:08:34 - [MESSAGE][PASSED] - Attribute 'class' of object '' is: ' '

2022-01-17 13:08:34 - [MESSAGE][PASSED] - Attribute 'class' of object '' is: ' '

2022-01-17 13:08:34 - [MESSAGE][PASSED] - Attribute 'class' of object '' is: ' '

2022-01-17 13:08:34 - [MESSAGE][PASSED] - Attribute 'class' of object '' is: ' '

2022-01-17 13:08:35 - [MESSAGE][PASSED] - Attribute 'class' of object '' is: ' '

2022-01-17 13:08:35 - [MESSAGE][PASSED] - Attribute 'class' of object '' is: ' '

2022-01-17 13:08:35 - [MESSAGE][PASSED] - Attribute 'class' of object '' is: ' '

2022-01-17 13:08:35 - [MESSAGE][PASSED] - Attribute 'class' of object '' is: ' '

2022-01-17 13:08:35 - [MESSAGE][PASSED] - Attribute 'class' of object '' is: ' '

2022-01-17 13:08:35 - [MESSAGE][PASSED] - Attribute 'class' of object '' is: ' '

2022-01-17 13:08:35 - [MESSAGE][PASSED] - Attribute 'class' of object '' is: ' '

2022-01-17 13:08:35 - [MESSAGE][PASSED] - Attribute 'class' of object '' is: ' '

2022-01-17 13:08:35 - [MESSAGE][PASSED] - Attribute 'class' of object '' is: ' '

2022-01-17 13:08:35 - [MESSAGE][PASSED] - Attribute 'class' of object '' is: ' '

2022-01-17 13:08:35 - [MESSAGE][PASSED] - Attribute 'class' of object '' is: ' '

2022-01-17 13:08:35 - [MESSAGE][PASSED] - Attribute 'class' of object '' is: ' '

2022-01-17 13:08:35 - [MESSAGE][PASSED] - Attribute 'class' of object '' is: ' '

2022-01-17 13:08:35 - [MESSAGE][PASSED] - Attribute 'class' of object '' is: ' '

2022-01-17 13:08:35 - [MESSAGE][PASSED] - Attribute 'class' of object '' is: ' '

2022-01-17 13:08:35 - [MESSAGE][PASSED] - Attribute 'class' of object '' is: ' '

2022-01-17 13:08:35 - [MESSAGE][PASSED] - Attribute 'class' of object '' is: ' '

2022-01-17 13:08:35 - [MESSAGE][PASSED] - Attribute 'class' of object '' is: ' '

2022-01-17 13:08:35 - [MESSAGE][PASSED] - Attribute 'class' of object '' is: ' '

2022-01-17 13:08:35 - [MESSAGE][PASSED] - Attribute 'class' of object '' is: ' '

2022-01-17 13:08:35 - [MESSAGE][PASSED] - Attribute 'class' of object '' is: ' '

2022-01-17 13:08:35 - [MESSAGE][PASSED] - Attribute 'class' of object '' is: ' '

2022-01-17 13:08:35 - [MESSAGE][PASSED] - Attribute 'class' of object '' is: ' '

2022-01-17 13:08:35 - [MESSAGE][PASSED] - Attribute 'class' of object '' is: ' '

2022-01-17 13:08:35 - [MESSAGE][PASSED] - Attribute 'class' of object '' is: ' '

2022-01-17 13:08:35 - [MESSAGE][PASSED] - Attribute 'class' of object '' is: ' '

2022-01-17 13:08:35 - [MESSAGE][PASSED] - Attribute 'class' of object '' is: ' '

2022-01-17 13:08:35 - [MESSAGE][PASSED] - Attribute 'class' of object '' is: ' '

2022-01-17 13:08:35 - [MESSAGE][PASSED] - Attribute 'class' of object '' is: ' '

2022-01-17 13:08:35 - [MESSAGE][PASSED] - Attribute 'class' of object '' is: ' '

2022-01-17 13:08:35 - [MESSAGE][PASSED] - Attribute 'class' of object '' is: ' '

2022-01-17 13:08:35 - [MESSAGE][PASSED] - Attribute 'class' of object '' is: ' '

2022-01-17 13:08:35 - [MESSAGE][PASSED] - Attribute 'class' of object '' is: ' '

2022-01-17 13:08:35 - [MESSAGE][PASSED] - Attribute 'class' of object '' is: ' '

2022-01-17 13:08:35 - [MESSAGE][PASSED] - Attribute 'class' of object '' is: ' '

2022-01-17 13:08:35 - [MESSAGE][PASSED] - Attribute 'class' of object '' is: ' '

2022-01-17 13:08:35 - [MESSAGE][PASSED] - Attribute 'class' of object '' is: ' '

2022-01-17 13:08:35 - [MESSAGE][PASSED] - Attribute 'class' of object '' is: ' '

2022-01-17 13:08:35 - [MESSAGE][PASSED] - Attribute 'class' of object '' is: ' '

2022-01-17 13:08:35 - [MESSAGE][PASSED] - Attribute 'class' of object '' is: ' '

2022-01-17 13:08:35 - [MESSAGE][PASSED] - Attribute 'class' of object '' is: ' '

2022-01-17 13:08:35 - [MESSAGE][PASSED] - Attribute 'class' of object '' is: ' '

2022-01-17 13:08:35 - [MESSAGE][PASSED] - Attribute 'class' of object '' is: ' '

2022-01-17 13:08:35 - [MESSAGE][PASSED] - Attribute 'class' of object '' is: ' '

2022-01-17 13:08:35 - [MESSAGE][PASSED] - Attribute 'class' of object '' is: ' '

2022-01-17 13:08:35 - [MESSAGE][PASSED] - Attribute 'class' of object '' is: ' '

2022-01-17 13:08:35 - [MESSAGE][PASSED] - Attribute 'class' of object '' is: ' '

2022-01-17 13:08:35 - [MESSAGE][PASSED] - Attribute 'class' of object '' is: ' '

2022-01-17 13:08:35 - [MESSAGE][PASSED] - Attribute 'class' of object '' is: ' '

2022-01-17 13:08:35 - [MESSAGE][PASSED] - Attribute 'class' of object '' is: ' '

2022-01-17 13:08:35 - [MESSAGE][PASSED] - Attribute 'class' of object '' is: ' '

2022-01-17 13:08:35 - [MESSAGE][PASSED] - Attribute 'class' of object '' is: ' '

2022-01-17 13:08:35 - [MESSAGE][PASSED] - Attribute 'class' of object '' is: ' '

2022-01-17 13:08:35 - [MESSAGE][PASSED] - Attribute 'class' of object '' is: ' '

2022-01-17 13:08:35 - [MESSAGE][PASSED] - Attribute 'class' of object '' is: ' '

2022-01-17 13:08:35 - [MESSAGE][PASSED] - Attribute 'class' of object '' is: ' '

2022-01-17 13:08:35 - [MESSAGE][PASSED] - Attribute 'class' of object '' is: ' '

2022-01-17 13:08:35 - [MESSAGE][PASSED] - Attribute 'class' of object '' is: ' '

2022-01-17 13:08:35 - [MESSAGE][PASSED] - Attribute 'class' of object '' is: ' '

2022-01-17 13:08:35 - [MESSAGE][PASSED] - Attribute 'class' of object '' is: ' '

2022-01-17 13:08:35 - [MESSAGE][PASSED] - Attribute 'class' of object '' is: ' '

2022-01-17 13:08:35 - [MESSAGE][PASSED] - Attribute 'class' of object '' is: ' '

2022-01-17 13:08:35 - [MESSAGE][PASSED] - Attribute 'class' of object '' is: ' '

2022-01-17 13:08:35 - [MESSAGE][PASSED] - Attribute 'class' of object '' is: ' '

2022-01-17 13:08:35 - [MESSAGE][PASSED] - Attribute 'class' of object '' is: ' '

2022-01-17 13:08:35 - [MESSAGE][PASSED] - Attribute 'class' of object '' is: ' '

2022-01-17 13:08:35 - [MESSAGE][PASSED] - Attribute 'class' of object '' is: ' '

2022-01-17 13:08:35 - [MESSAGE][PASSED] - Attribute 'class' of object '' is: ' '

2022-01-17 13:08:35 - [MESSAGE][PASSED] - Attribute 'class' of object '' is: ' '

2022-01-17 13:08:35 - [MESSAGE][PASSED] - Attribute 'class' of object '' is: ' '

2022-01-17 13:08:35 - [MESSAGE][PASSED] - Attribute 'class' of object '' is: ' '

2022-01-17 13:08:35 - [MESSAGE][PASSED] - Attribute 'class' of object '' is: ' '

2022-01-17 13:08:35 - [MESSAGE][PASSED] - Attribute 'class' of object '' is: ' '

2022-01-17 13:08:35 - [MESSAGE][PASSED] - Attribute 'class' of object '' is: ' '

2022-01-17 13:08:35 - [MESSAGE][PASSED] - Attribute 'class' of object '' is: ' '

2022-01-17 13:08:35 - [MESSAGE][PASSED] - Attribute 'class' of object '' is: ' '

2022-01-17 13:08:35 - [MESSAGE][PASSED] - Attribute 'class' of object '' is: ' '

2022-01-17 13:08:35 - [MESSAGE][PASSED] - Attribute 'class' of object '' is: ' '

2022-01-17 13:08:35 - [MESSAGE][PASSED] - Attribute 'class' of object '' is: ' '

2022-01-17 13:08:35 - [MESSAGE][PASSED] - Attribute 'class' of object '' is: ' '

2022-01-17 13:08:35 - [MESSAGE][PASSED] - Attribute 'class' of object '' is: ' '

2022-01-17 13:08:35 - [MESSAGE][PASSED] - Attribute 'class' of object '' is: ' '

2022-01-17 13:08:35 - [MESSAGE][PASSED] - Attribute 'class' of object '' is: ' '

2022-01-17 13:08:36 - [MESSAGE][PASSED] - Attribute 'class' of object '' is: ' '

2022-01-17 13:08:36 - [MESSAGE][PASSED] - Attribute 'class' of object '' is: ' '

2022-01-17 13:08:36 - [MESSAGE][PASSED] - Attribute 'class' of object '' is: ' '

2022-01-17 13:08:36 - [MESSAGE][PASSED] - Attribute 'class' of object '' is: ' '

2022-01-17 13:08:36 - [MESSAGE][PASSED] - Attribute 'class' of object '' is: ' '

2022-01-17 13:08:36 - [MESSAGE][PASSED] - Attribute 'class' of object '' is: ' '

2022-01-17 13:08:36 - [MESSAGE][PASSED] - Attribute 'class' of object '' is: ' '

2022-01-17 13:08:36 - [MESSAGE][PASSED] - Attribute 'class' of object '' is: ' '

2022-01-17 13:08:36 - [MESSAGE][PASSED] - Attribute 'class' of object '' is: ' '

2022-01-17 13:08:36 - [MESSAGE][PASSED] - Attribute 'class' of object '' is: ' '

2022-01-17 13:08:36 - [MESSAGE][PASSED] - Attribute 'class' of object '' is: ' '

2022-01-17 13:08:36 - [MESSAGE][PASSED] - Attribute 'class' of object '' is: ' '

2022-01-17 13:08:36 - [MESSAGE][PASSED] - Attribute 'class' of object '' is: ' '

2022-01-17 13:08:36 - [MESSAGE][PASSED] - Attribute 'class' of object '' is: ' '

2022-01-17 13:08:36 - [MESSAGE][PASSED] - Attribute 'class' of object '' is: ' '

2022-01-17 13:08:36 - [MESSAGE][PASSED] - Attribute 'class' of object '' is: ' '

2022-01-17 13:08:36 - [MESSAGE][PASSED] - Attribute 'class' of object '' is: ' '

2022-01-17 13:08:36 - [MESSAGE][PASSED] - Attribute 'class' of object '' is: ' '

2022-01-17 13:08:36 - [MESSAGE][PASSED] - Attribute 'class' of object '' is: ' '

2022-01-17 13:08:36 - [MESSAGE][PASSED] - Attribute 'class' of object '' is: ' '

2022-01-17 13:08:36 - [MESSAGE][PASSED] - Attribute 'class' of object '' is: ' '

2022-01-17 13:08:36 - [MESSAGE][PASSED] - Attribute 'class' of object '' is: ' '

2022-01-17 13:08:36 - [MESSAGE][PASSED] - Attribute 'class' of object '' is: ' '

2022-01-17 13:08:36 - [MESSAGE][PASSED] - Attribute 'class' of object '' is: ' '

2022-01-17 13:08:36 - [MESSAGE][PASSED] - Attribute 'class' of object '' is: ' '

2022-01-17 13:08:36 - [MESSAGE][PASSED] - Attribute 'class' of object '' is: ' '

2022-01-17 13:08:36 - [MESSAGE][PASSED] - Attribute 'class' of object '' is: ' '

2022-01-17 13:08:36 - [MESSAGE][PASSED] - Attribute 'class' of object '' is: ' '

2022-01-17 13:08:36 - [MESSAGE][PASSED] - Attribute 'class' of object '' is: ' '

2022-01-17 13:08:36 - [MESSAGE][PASSED] - Attribute 'class' of object '' is: ' '

2022-01-17 13:08:36 - [MESSAGE][PASSED] - Attribute 'class' of object '' is: ' '

2022-01-17 13:08:36 - [MESSAGE][PASSED] - Attribute 'class' of object '' is: ' '

2022-01-17 13:08:36 - [MESSAGE][PASSED] - Attribute 'class' of object '' is: ' '

2022-01-17 13:08:36 - [MESSAGE][PASSED] - Attribute 'class' of object '' is: ' '

2022-01-17 13:08:36 - [MESSAGE][PASSED] - Attribute 'class' of object '' is: ' '

2022-01-17 13:08:36 - [MESSAGE][PASSED] - Attribute 'class' of object '' is: ' '

2022-01-17 13:08:36 - [MESSAGE][PASSED] - Attribute 'class' of object '' is: ' '

2022-01-17 13:08:36 - [MESSAGE][PASSED] - Attribute 'class' of object '' is: ' '

2022-01-17 13:08:36 - [MESSAGE][PASSED] - Attribute 'class' of object '' is: ' '

2022-01-17 13:08:36 - [MESSAGE][PASSED] - Attribute 'class' of object '' is: ' '

2022-01-17 13:08:36 - [MESSAGE][PASSED] - Attribute 'class' of object '' is: ' '

2022-01-17 13:08:36 - [MESSAGE][PASSED] - Attribute 'class' of object '' is: ' '

2022-01-17 13:08:36 - [MESSAGE][PASSED] - Attribute 'class' of object '' is: ' '

2022-01-17 13:08:36 - [MESSAGE][PASSED] - Attribute 'class' of object '' is: ' '

2022-01-17 13:08:36 - [MESSAGE][PASSED] - Attribute 'class' of object '' is: ' '

2022-01-17 13:08:36 - [MESSAGE][PASSED] - Attribute 'class' of object '' is: ' '

2022-01-17 13:08:36 - [MESSAGE][PASSED] - Attribute 'class' of object '' is: ' '

2022-01-17 13:08:36 - [MESSAGE][PASSED] - Attribute 'class' of object '' is: ' '

2022-01-17 13:08:36 - [MESSAGE][PASSED] - Attribute 'class' of object '' is: ' '

2022-01-17 13:08:36 - [MESSAGE][PASSED] - Attribute 'class' of object '' is: ' '

2022-01-17 13:08:36 - [MESSAGE][PASSED] - Attribute 'class' of object '' is: ' '

2022-01-17 13:08:36 - [MESSAGE][PASSED] - Attribute 'class' of object '' is: ' '

2022-01-17 13:08:36 - [MESSAGE][PASSED] - Attribute 'class' of object '' is: ' '

2022-01-17 13:08:36 - [MESSAGE][PASSED] - Attribute 'class' of object '' is: ' '

2022-01-17 13:08:36 - [MESSAGE][PASSED] - Attribute 'class' of object '' is: ' '

2022-01-17 13:08:36 - [MESSAGE][PASSED] - Attribute 'class' of object '' is: ' '

2022-01-17 13:08:36 - [MESSAGE][PASSED] - Attribute 'class' of object '' is: ' '

2022-01-17 13:08:36 - [MESSAGE][PASSED] - Attribute 'class' of object '' is: ' '

2022-01-17 13:08:36 - [MESSAGE][PASSED] - Attribute 'class' of object '' is: ' '

2022-01-17 13:08:36 - [MESSAGE][PASSED] - Attribute 'class' of object '' is: ' '

2022-01-17 13:08:36 - [MESSAGE][PASSED] - Attribute 'class' of object '' is: ' '

2022-01-17 13:08:36 - [MESSAGE][PASSED] - Attribute 'class' of object '' is: ' '

2022-01-17 13:08:36 - [MESSAGE][PASSED] - Attribute 'class' of object '' is: ' '

2022-01-17 13:08:36 - [MESSAGE][PASSED] - Attribute 'class' of object '' is: ' '

2022-01-17 13:08:36 - [MESSAGE][PASSED] - Attribute 'class' of object '' is: ' '

2022-01-17 13:08:36 - [MESSAGE][PASSED] - Attribute 'class' of object '' is: ' '

2022-01-17 13:08:36 - [MESSAGE][PASSED] - Attribute 'class' of object '' is: ' '

2022-01-17 13:08:36 - [MESSAGE][PASSED] - Attribute 'class' of object '' is: ' '

2022-01-17 13:08:36 - [MESSAGE][PASSED] - Attribute 'class' of object '' is: ' '

2022-01-17 13:08:36 - [MESSAGE][PASSED] - Attribute 'class' of object '' is: ' '

2022-01-17 13:08:36 - [MESSAGE][PASSED] - Attribute 'class' of object '' is: ' '

2022-01-17 13:08:36 - [MESSAGE][PASSED] - Attribute 'class' of object '' is: ' '

2022-01-17 13:08:36 - [MESSAGE][PASSED] - Attribute 'class' of object '' is: ' '

2022-01-17 13:08:36 - [MESSAGE][PASSED] - Attribute 'class' of object '' is: ' '

2022-01-17 13:08:36 - [MESSAGE][PASSED] - Attribute 'class' of object '' is: ' '

2022-01-17 13:08:36 - [MESSAGE][PASSED] - Attribute 'class' of object '' is: ' '

2022-01-17 13:08:36 - [MESSAGE][PASSED] - Attribute 'class' of object '' is: ' '

2022-01-17 13:08:36 - [MESSAGE][PASSED] - Attribute 'class' of object '' is: ' '

2022-01-17 13:08:36 - [MESSAGE][PASSED] - Attribute 'class' of object '' is: ' '

2022-01-17 13:08:36 - [MESSAGE][PASSED] - Attribute 'class' of object '' is: ' '

2022-01-17 13:08:36 - [MESSAGE][PASSED] - Attribute 'class' of object '' is: ' '

2022-01-17 13:08:36 - [MESSAGE][PASSED] - Attribute 'class' of object '' is: ' '

2022-01-17 13:08:36 - [MESSAGE][PASSED] - Attribute 'class' of object '' is: ' '

2022-01-17 13:08:36 - [MESSAGE][PASSED] - Attribute 'class' of object '' is: ' '

2022-01-17 13:08:36 - [MESSAGE][PASSED] - Attribute 'class' of object '' is: ' '

2022-01-17 13:08:36 - [MESSAGE][PASSED] - Attribute 'class' of object '' is: ' '

2022-01-17 13:08:36 - [MESSAGE][PASSED] - Attribute 'class' of object '' is: ' '

2022-01-17 13:08:36 - [MESSAGE][PASSED] - Attribute 'class' of object '' is: ' '

2022-01-17 13:08:36 - [MESSAGE][PASSED] - Attribute 'class' of object '' is: ' '

2022-01-17 13:08:36 - [MESSAGE][PASSED] - Attribute 'class' of object '' is: ' '

2022-01-17 13:08:37 - [MESSAGE][PASSED] - Attribute 'class' of object '' is: ' '

2022-01-17 13:08:37 - [MESSAGE][PASSED] - Attribute 'class' of object '' is: ' '

2022-01-17 13:08:37 - [MESSAGE][PASSED] - Attribute 'class' of object '' is: ' '

2022-01-17 13:08:37 - [MESSAGE][PASSED] - Attribute 'class' of object '' is: ' '

2022-01-17 13:08:37 - [MESSAGE][PASSED] - Attribute 'class' of object '' is: ' '

2022-01-17 13:08:37 - [MESSAGE][PASSED] - Attribute 'class' of object '' is: ' '

2022-01-17 13:08:37 - [MESSAGE][PASSED] - Attribute 'class' of object '' is: ' '

2022-01-17 13:08:37 - [MESSAGE][PASSED] - Attribute 'class' of object '' is: ' '

2022-01-17 13:08:37 - [MESSAGE][PASSED] - Attribute 'class' of object '' is: ' '

2022-01-17 13:08:37 - [MESSAGE][PASSED] - Attribute 'class' of object '' is: ' '

2022-01-17 13:08:37 - [MESSAGE][PASSED] - Attribute 'class' of object '' is: ' '

2022-01-17 13:08:37 - [MESSAGE][PASSED] - Attribute 'class' of object '' is: ' '

2022-01-17 13:08:37 - [MESSAGE][PASSED] - Attribute 'class' of object '' is: ' '

2022-01-17 13:08:37 - [MESSAGE][PASSED] - Attribute 'class' of object '' is: ' '

2022-01-17 13:08:37 - [MESSAGE][PASSED] - Attribute 'class' of object '' is: ' '

2022-01-17 13:08:37 - [MESSAGE][PASSED] - Attribute 'class' of object '' is: ' '

2022-01-17 13:08:37 - [MESSAGE][PASSED] - Attribute 'class' of object '' is: ' '

2022-01-17 13:08:37 - [MESSAGE][PASSED] - Attribute 'class' of object '' is: ' '

2022-01-17 13:08:37 - [MESSAGE][PASSED] - Attribute 'class' of object '' is: ' '

2022-01-17 13:08:37 - [MESSAGE][PASSED] - Attribute 'class' of object '' is: ' '

2022-01-17 13:08:37 - [MESSAGE][PASSED] - Attribute 'class' of object '' is: ' '

2022-01-17 13:08:37 - [MESSAGE][PASSED] - Attribute 'class' of object '' is: ' '

2022-01-17 13:08:37 - [MESSAGE][PASSED] - Attribute 'class' of object '' is: ' '

2022-01-17 13:08:37 - [MESSAGE][PASSED] - Attribute 'class' of object '' is: ' '

2022-01-17 13:08:37 - [MESSAGE][PASSED] - Attribute 'class' of object '' is: ' '

2022-01-17 13:08:37 - [MESSAGE][PASSED] - Attribute 'class' of object '' is: ' '

2022-01-17 13:08:37 - [MESSAGE][PASSED] - Attribute 'class' of object '' is: ' '

2022-01-17 13:08:37 - [MESSAGE][PASSED] - Attribute 'class' of object '' is: ' '

2022-01-17 13:08:37 - [MESSAGE][PASSED] - Attribute 'class' of object '' is: ' '

2022-01-17 13:08:37 - [MESSAGE][PASSED] - Attribute 'class' of object '' is: ' '

2022-01-17 13:08:37 - [MESSAGE][PASSED] - Attribute 'class' of object '' is: ' '

2022-01-17 13:08:37 - [MESSAGE][PASSED] - Attribute 'class' of object '' is: ' '

2022-01-17 13:08:37 - [MESSAGE][PASSED] - Attribute 'class' of object '' is: ' '

2022-01-17 13:08:37 - [MESSAGE][PASSED] - Attribute 'class' of object '' is: ' '

2022-01-17 13:08:37 - [MESSAGE][PASSED] - Attribute 'class' of object '' is: ' '

2022-01-17 13:08:37 - [MESSAGE][PASSED] - Attribute 'class' of object '' is: ' '

2022-01-17 13:08:37 - [MESSAGE][PASSED] - Attribute 'class' of object '' is: ' '

2022-01-17 13:08:37 - [MESSAGE][PASSED] - Attribute 'class' of object '' is: ' '

2022-01-17 13:08:37 - [MESSAGE][PASSED] - Attribute 'class' of object '' is: ' '

2022-01-17 13:08:37 - [MESSAGE][PASSED] - Attribute 'class' of object '' is: ' '

2022-01-17 13:08:37 - [MESSAGE][PASSED] - Attribute 'class' of object '' is: ' '

2022-01-17 13:08:37 - [MESSAGE][PASSED] - Attribute 'class' of object '' is: ' '

2022-01-17 13:08:37 - [MESSAGE][PASSED] - Attribute 'class' of object '' is: ' '

2022-01-17 13:08:37 - [MESSAGE][PASSED] - Attribute 'class' of object '' is: ' '

2022-01-17 13:08:37 - [MESSAGE][PASSED] - Attribute 'class' of object '' is: ' '

2022-01-17 13:08:37 - [MESSAGE][PASSED] - Attribute 'class' of object '' is: ' '

2022-01-17 13:08:37 - [MESSAGE][PASSED] - Attribute 'class' of object '' is: ' '

2022-01-17 13:08:37 - [MESSAGE][PASSED] - Attribute 'class' of object '' is: ' '

2022-01-17 13:08:37 - [MESSAGE][PASSED] - Attribute 'class' of object '' is: ' '

2022-01-17 13:08:37 - [MESSAGE][PASSED] - Attribute 'class' of object '' is: ' '

2022-01-17 13:08:37 - [MESSAGE][PASSED] - Attribute 'class' of object '' is: ' '

2022-01-17 13:08:37 - [MESSAGE][PASSED] - Attribute 'class' of object '' is: ' '

2022-01-17 13:08:37 - [MESSAGE][PASSED] - Attribute 'class' of object '' is: ' '

2022-01-17 13:08:37 - [MESSAGE][PASSED] - Attribute 'class' of object '' is: ' '

2022-01-17 13:08:37 - [MESSAGE][PASSED] - Attribute 'class' of object '' is: ' '

2022-01-17 13:08:37 - [MESSAGE][PASSED] - Attribute 'class' of object '' is: ' '

2022-01-17 13:08:37 - [TEST_STEP][PASSED] - SearchResultHelper.checkSearchPagePagination(): Get CSS 'color' value on 'Object Repository/Search Result/span_pagenationLeftArrow' successfully: 'rgb(220, 221, 222)'.

2022-01-17 13:08:38 - [MESSAGE][PASSED] - Object 'Object Repository/Search Result/div.pagenationSection' is present

2022-01-17 13:08:38 - [MESSAGE][PASSED] - Get CSS 'background-color' value on 'Object Repository/Search Result/span_currentPagenation' successfully: 'rgb(82, 36, 127)'.

2022-01-17 13:08:39 - [MESSAGE][PASSED] - Get CSS 'color' value on 'Object Repository/Search Result/span_currentPagenation' successfully: 'rgb(255, 255, 255)'.

2022-01-17 13:08:39 - [MESSAGE][PASSED] - Attribute 'class' of object 'Object Repository/Search Result/span_pagenationLeftArrow' is: 'pagination-item pagination-navigation-item disabled'

2022-01-17 13:08:39 - [MESSAGE][PASSED] - Get CSS 'color' value on 'Object Repository/Search Result/span_pagenationLeftArrow' successfully: 'rgb(220, 221, 222)'.

2022-01-17 13:08:39 - [TEST_STEP][PASSED] - SearchResultHelper.selectProductFilters(): Text of object 'Object Repository/Search Result/h2_productListHeading' is: 'RESULTS FOR "PLASTIC" (1)'

2022-01-17 13:08:40 - [MESSAGE][PASSED] - Object: 'Object Repository/Filter/a_packagingProduct' is clicked on

2022-01-17 13:08:41 - [MESSAGE][PASSED] - Web element with id: 'Object Repository/General/div_pagleLoader' located by 'By.cssSelector: div.page-overlay' is not present after '3' second(s)

2022-01-17 13:08:41 - [MESSAGE][PASSED] - Text of object 'Object Repository/Filter/li_packagingProduct' is: 'Packaging Products (58)'

2022-01-17 13:08:42 - [MESSAGE][PASSED] - Text of object 'Object Repository/Search Result/h2_productListHeading' is: 'RESULTS FOR "PLASTIC" (58)'

2022-01-17 13:08:42 - [MESSAGE][PASSED] - Attribute 'class' of object 'Object Repository/Filter/li_packagingProduct' is: 'selected '

2022-01-17 13:08:43 - [MESSAGE][PASSED] - Object: 'Object Repository/Filter/a_plasticBags' is clicked on

2022-01-17 13:08:44 - [MESSAGE][PASSED] - Web element with id: 'Object Repository/General/div_pagleLoader' located by 'By.cssSelector: div.page-overlay' is not present after '3' second(s)

2022-01-17 13:08:44 - [MESSAGE][PASSED] - Attribute 'class' of object 'Object Repository/Filter/li_plasticBags' is: 'selected '

2022-01-17 13:08:45 - [MESSAGE][PASSED] - Object: '' is clicked on

2022-01-17 13:08:46 - [MESSAGE][PASSED] - Attribute 'class' of object '' is: 'block-title'

2022-01-17 13:08:46 - [MESSAGE][PASSED] - Attribute 'class' of object '' is: 'block-content collapsed collapse in'

2022-01-17 13:08:47 - [MESSAGE][PASSED] - Object: 'Object Repository/Filter/a_greenColor' is clicked on

2022-01-17 13:08:47 - [MESSAGE][PASSED] - Web element with id: 'Object Repository/General/div_pagleLoader' located by 'By.cssSelector: div.page-overlay' is not present after '3' second(s)

2022-01-17 13:08:48 - [MESSAGE][PASSED] - Attribute 'class' of object 'Object Repository/Filter/li_greenColor' is: 'selected '

2022-01-17 13:08:48 - [MESSAGE][PASSED] - Text of object 'Object Repository/Filter/li_greenColor' is: 'Green (1)'

2022-01-17 13:08:49 - [MESSAGE][PASSED] - Text of object 'Object Repository/Search Result/h2_productListHeading' is: 'RESULTS FOR "PLASTIC" (1)'

2022-01-17 13:08:49 - [TEST_STEP][PASSED] - SearchResultPageActions.NavigateToProductDetailsPage(): Object: 'Object Repository/Product details/a_productItem' is clicked on

2022-01-17 13:08:49 - [MESSAGE][PASSED] - Attribute 'href' of object 'Object Repository/Search Result/a_productItemLink' is: 'https://www.cleanersupply.com/Bags/Plastic-Bags/Comforter/comforterblanket-bags-12pack/'

2022-01-17 13:08:49 - [MESSAGE][PASSED] - Text of object 'Object Repository/Search Result/h2_productName' is: 'COMFORTER/BLANKET BAGS - 12/PACK'

2022-01-17 13:08:50 - [MESSAGE][PASSED] - Text of object 'Object Repository/Search Result/div_priceRange' is: '$6.50 - $14.88
List $9.72 - $18.96'

2022-01-17 13:08:50 - [MESSAGE][PASSED] - Text of object 'Object Repository/Search Result/span_availability' is: 'Available in 5 colors'

2022-01-17 13:08:54 - [MESSAGE][PASSED] - Object: 'Object Repository/Product details/a_productItem' is clicked on

2022-01-17 13:08:54 - [TEST_STEP][PASSED] - ProductDetailsHelpers.initProductDetailsPage(): Object 'Object Repository/Product details/button_addToCart' is NOT visible

2022-01-17 13:08:54 - [MESSAGE][PASSED] - Current window's title is: 'Comforter/Blanket Bags - 12/Pack - Cleaner's Supply'

2022-01-17 13:08:54 - [MESSAGE][PASSED] - Current window's url is: 'https://www.cleanersupply.com/Bags/Plastic-Bags/Comforter/comforterblanket-bags-12pack/?sku=COMF3BK'

2022-01-17 13:08:55 - [MESSAGE][PASSED] - Text of object 'Object Repository/Product details/ul_breadcrumb' is: 'Bags Plastic Bags Comforter'

2022-01-17 13:08:55 - [MESSAGE][PASSED] - Attribute 'class' of object '' is: 'xlarge option-box selected'

2022-01-17 13:08:56 - [MESSAGE][PASSED] - Get CSS 'background-color' value on '' successfully: 'rgb(65, 64, 66)'.

2022-01-17 13:08:56 - [MESSAGE][PASSED] - Get CSS 'color' value on '' successfully: 'rgb(255, 255, 255)'.

2022-01-17 13:08:56 - [MESSAGE][PASSED] - Text of object 'Object Repository/Product details/div_stockNotifcations' is: 'Currently Unavailable.'

2022-01-17 13:08:56 - [MESSAGE][PASSED] - Get CSS 'color' value on 'Object Repository/Product details/div_stockNotifcations' successfully: 'rgb(237, 28, 36)'.

2022-01-17 13:08:57 - [MESSAGE][PASSED] - Text of object 'Object Repository/Product details/span_skuNumber' is: 'COMF3BK'

2022-01-17 13:08:57 - [MESSAGE][PASSED] - Object 'Object Repository/Product details/h1_productName' is present

2022-01-17 13:08:57 - [MESSAGE][PASSED] - Text of object 'Object Repository/Product details/h1_productName' is: 'X-SMALL BLANKET BAG W/NON-WOVEN SIDES - 15" X 18" X 3" - 12/PACK - BLACK'

2022-01-17 13:08:58 - [MESSAGE][PASSED] - Text of object 'Object Repository/Product details/span_productPrice' is: '$8.64'

2022-01-17 13:08:58 - [MESSAGE][PASSED] - Object 'Object Repository/Product details/a_blackColor' is present

2022-01-17 13:08:58 - [MESSAGE][PASSED] - Attribute 'class' of object 'Object Repository/Product details/a_blackColor' is: 'option-box selected'

2022-01-17 13:08:59 - [MESSAGE][PASSED] - Text of object 'Object Repository/Product details/span_selectedColor' is: 'BLACK'

2022-01-17 13:08:59 - [MESSAGE][PASSED] - Object 'Object Repository/Product details/i_favorite' is NOT visible

2022-01-17 13:08:59 - [MESSAGE][PASSED] - Object 'Object Repository/Product details/button_addToCart' is NOT visible

2022-01-17 13:08:59 - [TEST_STEP][PASSED] - ProductDetailsHelpers.hoverEffectAndClickXLargeSizeLink(): Get CSS 'background-color' value on 'Object Repository/Product details/button_addToCart' successfully: 'rgb(82, 36, 127)'.

2022-01-17 13:09:00 - [MESSAGE][PASSED] - Object: 'Object Repository/Product details/a_xLargeLink' is hovered

2022-01-17 13:09:00 - [MESSAGE][PASSED] - Get CSS 'background-color' value on 'Object Repository/Product details/a_xLargeLink' successfully: 'rgb(119, 120, 123)'.

2022-01-17 13:09:00 - [MESSAGE][PASSED] - Get CSS 'color' value on 'Object Repository/Product details/a_xLargeLink' successfully: 'rgb(255, 255, 255)'.

2022-01-17 13:09:01 - [MESSAGE][PASSED] - Object: 'Object Repository/Product details/a_xLargeLink' is clicked on

2022-01-17 13:09:02 - [MESSAGE][PASSED] - Object 'Object Repository/Product details/h1_productName' is present

2022-01-17 13:09:02 - [MESSAGE][PASSED] - Text of object 'Object Repository/Product details/h1_productName' is: 'X-LARGE COMFORTER BAG W/NON-WOVEN SIDES - 26" X 29" X 10" - 12/PACK - BLACK'

2022-01-17 13:09:03 - [MESSAGE][PASSED] - Attribute 'class' of object '' is: 'xlarge option-box selected'

2022-01-17 13:09:03 - [MESSAGE][PASSED] - Get CSS 'background-color' value on '' successfully: 'rgb(65, 64, 66)'.

2022-01-17 13:09:04 - [MESSAGE][PASSED] - Get CSS 'color' value on '' successfully: 'rgb(255, 255, 255)'.

2022-01-17 13:09:04 - [MESSAGE][PASSED] - Text of object 'Object Repository/Product details/div_stockNotifcations' is: 'In Stock!'

2022-01-17 13:09:04 - [MESSAGE][PASSED] - Get CSS 'color' value on 'Object Repository/Product details/div_stockNotifcations' successfully: 'rgb(0, 137, 63)'.

2022-01-17 13:09:04 - [MESSAGE][PASSED] - Text of object 'Object Repository/Product details/span_skuNumber' is: 'COMF26BK'

2022-01-17 13:09:05 - [MESSAGE][PASSED] - Current window's url is: 'https://www.cleanersupply.com/Bags/Plastic-Bags/Comforter/comforterblanket-bags-12pack/?sku=COMF26BK'

2022-01-17 13:09:05 - [MESSAGE][PASSED] - Text of object 'Object Repository/Product details/span_productSpecSize' is: '26" L x 29" H x 10" W'

2022-01-17 13:09:05 - [MESSAGE][PASSED] - Keys 'BACK_SPACE + 5' sent to object: 'Object Repository/Product details/input_productQuantity'

2022-01-17 13:09:05 - [MESSAGE][PASSED] - Attribute 'value' of object 'Object Repository/Product details/input_productQuantity' is: '5'

2022-01-17 13:09:06 - [MESSAGE][PASSED] - Text of object 'Object Repository/Product details/span_productPrice' is: '$14.88'

2022-01-17 13:09:07 - [MESSAGE][PASSED] - Object 'Object Repository/Product details/i_favorite' is visible

2022-01-17 13:09:07 - [MESSAGE][PASSED] - Object 'Object Repository/Product details/button_addToCart' is visible

2022-01-17 13:09:08 - [MESSAGE][PASSED] - Get CSS 'background-color' value on 'Object Repository/Product details/button_addToCart' successfully: 'rgb(82, 36, 127)'.

2022-01-17 13:09:08 - [TEST_STEP][PASSED] - ProductDetailsHelpers.selectGreenColor(): Current window's url is: 'https://www.cleanersupply.com/Bags/Plastic-Bags/Comforter/comforterblanket-bags-12pack/?sku=COMF26GN'

2022-01-17 13:09:08 - [MESSAGE][PASSED] - Object: 'Object Repository/Product details/a_greenColor' is clicked on

2022-01-17 13:09:09 - [MESSAGE][PASSED] - Object 'Object Repository/Product details/a_greenColor' is present

2022-01-17 13:09:09 - [MESSAGE][PASSED] - Attribute 'class' of object 'Object Repository/Product details/a_greenColor' is: 'option-box selected'

2022-01-17 13:09:10 - [MESSAGE][PASSED] - Text of object 'Object Repository/Product details/span_selectedColor' is: 'GREEN'

2022-01-17 13:09:10 - [MESSAGE][PASSED] - Object 'Object Repository/Product details/h1_productName' is present

2022-01-17 13:09:10 - [MESSAGE][PASSED] - Text of object 'Object Repository/Product details/h1_productName' is: 'X-LARGE COMFORTER BAG W/NON-WOVEN SIDES - 26" X 29" X 10" - 12/PACK - GREEN'

2022-01-17 13:09:11 - [MESSAGE][PASSED] - Text of object 'Object Repository/Product details/span_skuNumber' is: 'COMF26GN'

2022-01-17 13:09:11 - [MESSAGE][PASSED] - Current window's url is: 'https://www.cleanersupply.com/Bags/Plastic-Bags/Comforter/comforterblanket-bags-12pack/?sku=COMF26GN'

2022-01-17 13:09:11 - [TEST_STEP][PASSED] - ProductDetailsHelpers.addProductToCart(): Object: 'Object Repository/Product details/button_addToCart' is clicked on

2022-01-17 13:09:11 - [MESSAGE][PASSED] - Object: 'Object Repository/Product details/div_addToCartContainer' is hovered

2022-01-17 13:09:11 - [MESSAGE][PASSED] - Get CSS 'box-shadow' value on 'Object Repository/Product details/div_addToCartContainer' successfully: 'rgba(0, 0, 0, 0.3) 0px 0px 10px 2px'.

2022-01-17 13:09:12 - [MESSAGE][PASSED] - Text of object 'Object Repository/Product details/h1_productName' is: 'X-LARGE COMFORTER BAG W/NON-WOVEN SIDES - 26" X 29" X 10" - 12/PACK - GREEN'

2022-01-17 13:09:12 - [MESSAGE][PASSED] - Attribute 'value' of object 'Object Repository/Product details/input_productQuantity' is: '5'

2022-01-17 13:09:12 - [MESSAGE][PASSED] - Text of object 'Object Repository/Product details/span_skuNumber' is: 'COMF26GN'

2022-01-17 13:09:13 - [MESSAGE][PASSED] - Text of object 'Object Repository/Product details/span_productPrice' is: '$14.52'

2022-01-17 13:09:14 - [MESSAGE][PASSED] - Object: 'Object Repository/Product details/button_addToCart' is clicked on

2022-01-17 13:09:14 - [TEST_STEP][PASSED] - MiniCartHelpers.hoverOnMiniCartHeader(): Text of object 'Object Repository/Mini Cart/span_cartCounterPadge' is: '1'

2022-01-17 13:09:15 - [MESSAGE][PASSED] - Object: 'Object Repository/Mini Cart/a_miniCartLink' is hovered

2022-01-17 13:09:15 - [MESSAGE][PASSED] - Get CSS 'background-color' value on 'Object Repository/Mini Cart/a_miniCartLink' successfully: 'rgb(255, 255, 255)'.

2022-01-17 13:09:16 - [MESSAGE][PASSED] - Get CSS 'color' value on 'Object Repository/Mini Cart/a_miniCartLink' successfully: 'rgb(82, 36, 127)'.

2022-01-17 13:09:17 - [MESSAGE][PASSED] - Text of object 'Object Repository/Mini Cart/span_miniCartSubTotal' is: '$72.60'

2022-01-17 13:09:18 - [MESSAGE][PASSED] - Text of object 'Object Repository/Mini Cart/span_cartCounterPadge' is: '1'

2022-01-17 13:09:19 - [TEST_STEP][FAILED] - ProductDetailsHelpers.hoverEffectAndClickLargeSizeLink(): Unable to move mouse over object 'Object Repository/Product details/h2_descHeader' (Root cause: com.kms.katalon.core.exception.StepFailedException: Unable to move mouse over object 'Object Repository/Product details/h2_descHeader'
	at com.kms.katalon.core.webui.keyword.internal.WebUIKeywordMain.stepFailed(WebUIKeywordMain.groovy:64)
	at com.kms.katalon.core.webui.keyword.internal.WebUIKeywordMain.runKeyword(WebUIKeywordMain.groovy:26)
	at com.kms.katalon.core.webui.keyword.builtin.MouseOverKeyword.mouseOver(MouseOverKeyword.groovy:66)
	at com.kms.katalon.core.webui.keyword.builtin.MouseOverKeyword.execute(MouseOverKeyword.groovy:40)
	at com.kms.katalon.core.keyword.internal.KeywordExecutor.executeKeywordForPlatform(KeywordExecutor.groovy:74)
	at com.kms.katalon.core.webui.keyword.WebUiBuiltInKeywords.mouseOver(WebUiBuiltInKeywords.groovy:806)
	at com.kms.katalon.core.webui.keyword.WebUiBuiltInKeywords$mouseOver$16.call(Unknown Source)
	at helpers.ProductDetailsHelpers.hoverEffectAndClickLargeSizeLink(ProductDetailsHelpers.groovy:85)
	at helpers.ProductDetailsHelpers$hoverEffectAndClickLargeSizeLink$3.call(Unknown Source)
	at Product Details.run(Product Details:51)
	at com.kms.katalon.core.main.ScriptEngine.run(ScriptEngine.java:194)
	at com.kms.katalon.core.main.ScriptEngine.runScriptAsRawText(ScriptEngine.java:119)
	at com.kms.katalon.core.main.TestCaseExecutor.runScript(TestCaseExecutor.java:442)
	at com.kms.katalon.core.main.TestCaseExecutor.doExecute(TestCaseExecutor.java:433)
	at com.kms.katalon.core.main.TestCaseExecutor.processExecutionPhase(TestCaseExecutor.java:412)
	at com.kms.katalon.core.main.TestCaseExecutor.accessMainPhase(TestCaseExecutor.java:404)
	at com.kms.katalon.core.main.TestCaseExecutor.execute(TestCaseExecutor.java:281)
	at com.kms.katalon.core.main.TestSuiteExecutor.accessTestCaseMainPhase(TestSuiteExecutor.java:202)
	at com.kms.katalon.core.main.TestSuiteExecutor.accessTestSuiteMainPhase(TestSuiteExecutor.java:164)
	at com.kms.katalon.core.main.TestSuiteExecutor.execute(TestSuiteExecutor.java:105)
	at com.kms.katalon.core.main.TestCaseMain.startTestSuite(TestCaseMain.java:181)
	at com.kms.katalon.core.main.TestCaseMain$startTestSuite$0.call(Unknown Source)
	at TempTestSuite1642416912407.run(TempTestSuite1642416912407.groovy:36)
Caused by: org.openqa.selenium.interactions.MoveTargetOutOfBoundsException: (324, 850) is out of bounds of viewport width (1440) and height (730)
Build info: version: '3.141.59', revision: 'e82be7d358', time: '2018-11-14T08:25:53'
System info: host: 'Waleeds-MacBook-Pro.local', ip: 'fe80:0:0:0:1c5b:3086:5fdd:953c%en0', os.name: 'Mac OS X', os.arch: 'x86_64', os.version: '10.16', java.version: '1.8.0_275'
Driver info: com.kms.katalon.core.webui.driver.firefox.CGeckoDriver
Capabilities {acceptInsecureCerts: true, browserName: firefox, browserVersion: 95.0, javascriptEnabled: true, moz:accessibilityChecks: false, moz:buildID: 20211129150630, moz:geckodriverVersion: 0.30.0, moz:headless: false, moz:processID: 11198, moz:profile: /var/folders/d1/nclsdd393_x..., moz:shutdownTimeout: 60000, moz:useNonSpecCompliantPointerOrigin: false, moz:webdriverClick: true, pageLoadStrategy: normal, platform: MAC, platformName: MAC, platformVersion: 21.2.0, proxy: Proxy(direct), setWindowRect: true, strictFileInteractability: false, timeouts: {implicit: 0, pageLoad: 300000, script: 30000}, unhandledPromptBehavior: dismiss and notify}
Session ID: dfab2145-061f-4edb-985c-1d9528419fee
	at org.openqa.selenium.remote.http.W3CHttpResponseCodec.createException(W3CHttpResponseCodec.java:187)
	at org.openqa.selenium.remote.http.W3CHttpResponseCodec.decode(W3CHttpResponseCodec.java:122)
	at org.openqa.selenium.remote.http.W3CHttpResponseCodec.decode(W3CHttpResponseCodec.java:49)
	at org.openqa.selenium.remote.HttpCommandExecutor.execute(HttpCommandExecutor.java:158)
	at org.openqa.selenium.remote.service.DriverCommandExecutor.execute(DriverCommandExecutor.java:83)
	at org.openqa.selenium.remote.RemoteWebDriver.execute(RemoteWebDriver.java:552)
	at com.kms.katalon.selenium.driver.CFirefoxDriver.execute(CFirefoxDriver.java:27)
	at org.openqa.selenium.remote.RemoteWebDriver.perform(RemoteWebDriver.java:618)
	at org.openqa.selenium.support.events.EventFiringWebDriver.lambda$new$1(EventFiringWebDriver.java:105)
	at com.sun.proxy.$Proxy10.perform(Unknown Source)
	at org.openqa.selenium.support.events.EventFiringWebDriver.perform(EventFiringWebDriver.java:360)
	at org.openqa.selenium.interactions.Actions$BuiltAction.perform(Actions.java:639)
	at org.openqa.selenium.interactions.Actions.perform(Actions.java:595)
	at com.kms.katalon.core.webui.keyword.builtin.MouseOverKeyword$_mouseOver_closure1.doCall(MouseOverKeyword.groovy:59)
	at com.kms.katalon.core.webui.keyword.builtin.MouseOverKeyword$_mouseOver_closure1.call(MouseOverKeyword.groovy)
	at com.kms.katalon.core.webui.keyword.internal.WebUIKeywordMain.runKeyword(WebUIKeywordMain.groovy:20)
	at com.kms.katalon.core.webui.keyword.builtin.MouseOverKeyword.mouseOver(MouseOverKeyword.groovy:66)
	at com.kms.katalon.core.webui.keyword.builtin.MouseOverKeyword.execute(MouseOverKeyword.groovy:40)
	at com.kms.katalon.core.keyword.internal.KeywordExecutor.executeKeywordForPlatform(KeywordExecutor.groovy:74)
	at com.kms.katalon.core.webui.keyword.WebUiBuiltInKeywords.mouseOver(WebUiBuiltInKeywords.groovy:806)
	at com.kms.katalon.core.webui.keyword.WebUiBuiltInKeywords$mouseOver$16.call(Unknown Source)
	at helpers.ProductDetailsHelpers.hoverEffectAndClickLargeSizeLink(ProductDetailsHelpers.groovy:85)
	at helpers.ProductDetailsHelpers$hoverEffectAndClickLargeSizeLink$3.call(Unknown Source)
	at Script1641903262768.run(Script1641903262768.groovy:51)
	... 13 more
)

2022-01-17 13:09:20 - [MESSAGE][FAILED] - Unable to move mouse over object 'Object Repository/Product details/h2_descHeader' (Root cause: com.kms.katalon.core.exception.StepFailedException: Unable to move mouse over object 'Object Repository/Product details/h2_descHeader'
	at com.kms.katalon.core.webui.keyword.internal.WebUIKeywordMain.stepFailed(WebUIKeywordMain.groovy:64)
	at com.kms.katalon.core.webui.keyword.internal.WebUIKeywordMain.runKeyword(WebUIKeywordMain.groovy:26)
	at com.kms.katalon.core.webui.keyword.builtin.MouseOverKeyword.mouseOver(MouseOverKeyword.groovy:66)
	at com.kms.katalon.core.webui.keyword.builtin.MouseOverKeyword.execute(MouseOverKeyword.groovy:40)
	at com.kms.katalon.core.keyword.internal.KeywordExecutor.executeKeywordForPlatform(KeywordExecutor.groovy:74)
	at com.kms.katalon.core.webui.keyword.WebUiBuiltInKeywords.mouseOver(WebUiBuiltInKeywords.groovy:806)
	at com.kms.katalon.core.webui.keyword.WebUiBuiltInKeywords$mouseOver$16.call(Unknown Source)
	at helpers.ProductDetailsHelpers.hoverEffectAndClickLargeSizeLink(ProductDetailsHelpers.groovy:85)
	at helpers.ProductDetailsHelpers$hoverEffectAndClickLargeSizeLink$3.call(Unknown Source)
	at Product Details.run(Product Details:51)
	at com.kms.katalon.core.main.ScriptEngine.run(ScriptEngine.java:194)
	at com.kms.katalon.core.main.ScriptEngine.runScriptAsRawText(ScriptEngine.java:119)
	at com.kms.katalon.core.main.TestCaseExecutor.runScript(TestCaseExecutor.java:442)
	at com.kms.katalon.core.main.TestCaseExecutor.doExecute(TestCaseExecutor.java:433)
	at com.kms.katalon.core.main.TestCaseExecutor.processExecutionPhase(TestCaseExecutor.java:412)
	at com.kms.katalon.core.main.TestCaseExecutor.accessMainPhase(TestCaseExecutor.java:404)
	at com.kms.katalon.core.main.TestCaseExecutor.execute(TestCaseExecutor.java:281)
	at com.kms.katalon.core.main.TestSuiteExecutor.accessTestCaseMainPhase(TestSuiteExecutor.java:202)
	at com.kms.katalon.core.main.TestSuiteExecutor.accessTestSuiteMainPhase(TestSuiteExecutor.java:164)
	at com.kms.katalon.core.main.TestSuiteExecutor.execute(TestSuiteExecutor.java:105)
	at com.kms.katalon.core.main.TestCaseMain.startTestSuite(TestCaseMain.java:181)
	at com.kms.katalon.core.main.TestCaseMain$startTestSuite$0.call(Unknown Source)
	at TempTestSuite1642416912407.run(TempTestSuite1642416912407.groovy:36)
Caused by: org.openqa.selenium.interactions.MoveTargetOutOfBoundsException: (324, 850) is out of bounds of viewport width (1440) and height (730)
Build info: version: '3.141.59', revision: 'e82be7d358', time: '2018-11-14T08:25:53'
System info: host: 'Waleeds-MacBook-Pro.local', ip: 'fe80:0:0:0:1c5b:3086:5fdd:953c%en0', os.name: 'Mac OS X', os.arch: 'x86_64', os.version: '10.16', java.version: '1.8.0_275'
Driver info: com.kms.katalon.core.webui.driver.firefox.CGeckoDriver
Capabilities {acceptInsecureCerts: true, browserName: firefox, browserVersion: 95.0, javascriptEnabled: true, moz:accessibilityChecks: false, moz:buildID: 20211129150630, moz:geckodriverVersion: 0.30.0, moz:headless: false, moz:processID: 11198, moz:profile: /var/folders/d1/nclsdd393_x..., moz:shutdownTimeout: 60000, moz:useNonSpecCompliantPointerOrigin: false, moz:webdriverClick: true, pageLoadStrategy: normal, platform: MAC, platformName: MAC, platformVersion: 21.2.0, proxy: Proxy(direct), setWindowRect: true, strictFileInteractability: false, timeouts: {implicit: 0, pageLoad: 300000, script: 30000}, unhandledPromptBehavior: dismiss and notify}
Session ID: dfab2145-061f-4edb-985c-1d9528419fee
	at org.openqa.selenium.remote.http.W3CHttpResponseCodec.createException(W3CHttpResponseCodec.java:187)
	at org.openqa.selenium.remote.http.W3CHttpResponseCodec.decode(W3CHttpResponseCodec.java:122)
	at org.openqa.selenium.remote.http.W3CHttpResponseCodec.decode(W3CHttpResponseCodec.java:49)
	at org.openqa.selenium.remote.HttpCommandExecutor.execute(HttpCommandExecutor.java:158)
	at org.openqa.selenium.remote.service.DriverCommandExecutor.execute(DriverCommandExecutor.java:83)
	at org.openqa.selenium.remote.RemoteWebDriver.execute(RemoteWebDriver.java:552)
	at com.kms.katalon.selenium.driver.CFirefoxDriver.execute(CFirefoxDriver.java:27)
	at org.openqa.selenium.remote.RemoteWebDriver.perform(RemoteWebDriver.java:618)
	at org.openqa.selenium.support.events.EventFiringWebDriver.lambda$new$1(EventFiringWebDriver.java:105)
	at com.sun.proxy.$Proxy10.perform(Unknown Source)
	at org.openqa.selenium.support.events.EventFiringWebDriver.perform(EventFiringWebDriver.java:360)
	at org.openqa.selenium.interactions.Actions$BuiltAction.perform(Actions.java:639)
	at org.openqa.selenium.interactions.Actions.perform(Actions.java:595)
	at com.kms.katalon.core.webui.keyword.builtin.MouseOverKeyword$_mouseOver_closure1.doCall(MouseOverKeyword.groovy:59)
	at com.kms.katalon.core.webui.keyword.builtin.MouseOverKeyword$_mouseOver_closure1.call(MouseOverKeyword.groovy)
	at com.kms.katalon.core.webui.keyword.internal.WebUIKeywordMain.runKeyword(WebUIKeywordMain.groovy:20)
	at com.kms.katalon.core.webui.keyword.builtin.MouseOverKeyword.mouseOver(MouseOverKeyword.groovy:66)
	at com.kms.katalon.core.webui.keyword.builtin.MouseOverKeyword.execute(MouseOverKeyword.groovy:40)
	at com.kms.katalon.core.keyword.internal.KeywordExecutor.executeKeywordForPlatform(KeywordExecutor.groovy:74)
	at com.kms.katalon.core.webui.keyword.WebUiBuiltInKeywords.mouseOver(WebUiBuiltInKeywords.groovy:806)
	at com.kms.katalon.core.webui.keyword.WebUiBuiltInKeywords$mouseOver$16.call(Unknown Source)
	at helpers.ProductDetailsHelpers.hoverEffectAndClickLargeSizeLink(ProductDetailsHelpers.groovy:85)
	at helpers.ProductDetailsHelpers$hoverEffectAndClickLargeSizeLink$3.call(Unknown Source)
	at Script1641903262768.run(Script1641903262768.groovy:51)
	... 13 more
)
[[ATTACHMENT|/Users/waleedafifi/Desktop/development/fixProj/cleanersupply/Reports/20220117_125503/Checkout/20220117_125512/1642417759796.png]]

2022-01-17 13:09:20 - [TEST_STEP][PASSED] - Video: Video recording for test case 'Test Cases/Checkout Scenario/Product Details' .

2022-01-17 13:09:20 - [MESSAGE][INFO] - Video recording for test case 'Test Cases/Checkout Scenario/Product Details' .]]></system-out>
[...]
	at Quick Order.run(Quick Order:45)
	at com.kms.katalon.core.main.ScriptEngine.run(ScriptEngine.java:194)
	at com.kms.katalon.core.main.ScriptEngine.runScriptAsRawText(ScriptEngine.java:119)
	at com.kms.katalon.core.main.TestCaseExecutor.runScript(TestCaseExecutor.java:442)
	at com.kms.katalon.core.main.TestCaseExecutor.doExecute(TestCaseExecutor.java:433)
	at com.kms.katalon.core.main.TestCaseExecutor.processExecutionPhase(TestCaseExecutor.java:412)
	at com.kms.katalon.core.main.TestCaseExecutor.accessMainPhase(TestCaseExecutor.java:404)
	at com.kms.katalon.core.main.TestCaseExecutor.execute(TestCaseExecutor.java:281)
	at com.kms.katalon.core.main.TestSuiteExecutor.accessTestCaseMainPhase(TestSuiteExecutor.java:202)
	at com.kms.katalon.core.main.TestSuiteExecutor.accessTestSuiteMainPhase(TestSuiteExecutor.java:164)
	at com.kms.katalon.core.main.TestSuiteExecutor.execute(TestSuiteExecutor.java:105)
	at com.kms.katalon.core.main.TestCaseMain.startTestSuite(TestCaseMain.java:181)
	at com.kms.katalon.core.main.TestCaseMain$startTestSuite$0.call(Unknown Source)
	at TempTestSuite1642416912407.run(TempTestSuite1642416912407.groovy:36)


2022-01-17 13:10:53 - [TEST_STEP][PASSED] - GeneralHelpers.initScenario(): Current window's url is: 'https://www.cleanersupply.com/'

2022-01-17 13:10:53 - [MESSAGE][INFO] - Starting 'Firefox' driver

2022-01-17 13:10:53 - [MESSAGE][INFO] - Action delay is set to 0 milliseconds

2022-01-17 13:10:57 - [MESSAGE][PASSED] - Browser is opened with url: ''

2022-01-17 13:10:57 - [MESSAGE][PASSED] - Current window maximized

2022-01-17 13:11:02 - [MESSAGE][PASSED] - Navigate to 'https://www.cleanersupply.com/' successfully

2022-01-17 13:11:02 - [MESSAGE][PASSED] - Wait for page load successfully

2022-01-17 13:11:02 - [MESSAGE][PASSED] - Current window's title is: 'Cleaner's Supply - Dry Cleaning Supplies'

2022-01-17 13:11:02 - [MESSAGE][PASSED] - Current window's title is: 'Cleaner's Supply - Dry Cleaning Supplies'

2022-01-17 13:11:02 - [MESSAGE][PASSED] - Current window's url is: 'https://www.cleanersupply.com/'

2022-01-17 13:11:02 - [TEST_STEP][FAILED] - QuickOrderHelpers.navigationAndVerifyToQuickOrder(): Test Cases/Checkout Scenario/Quick Order FAILED.
Reason:
Assertion failed: 

assert WebUI.getText(header).toLowerCase().replace("\n", " ").equals(pageHeader.toLowerCase())
             |       |       |             |                  |      |          |
             ""      |       ""            ""                 false  |          quick order
                     |                                               Quick Order
                     TestObject - 'Object Repository/Quick Order/span_quickOrderHeader'

	at validation.GeneralValidation.verifyAnyHeading(GeneralValidation.groovy:90)
	at validation.GeneralValidation$verifyAnyHeading$6.call(Unknown Source)
	at helpers.GeneralHelpers.verifyNavigationToPage(GeneralHelpers.groovy:70)
	at helpers.GeneralHelpers$verifyNavigationToPage$2.call(Unknown Source)
	at helpers.QuickOrderHelpers.navigationAndVerifyToQuickOrder(QuickOrderHelpers.groovy:151)
	at helpers.QuickOrderHelpers$navigationAndVerifyToQuickOrder.call(Unknown Source)
	at Quick Order.run(Quick Order:45)
	at com.kms.katalon.core.main.ScriptEngine.run(ScriptEngine.java:194)
	at com.kms.katalon.core.main.ScriptEngine.runScriptAsRawText(ScriptEngine.java:119)
	at com.kms.katalon.core.main.TestCaseExecutor.runScript(TestCaseExecutor.java:442)
	at com.kms.katalon.core.main.TestCaseExecutor.doExecute(TestCaseExecutor.java:433)
	at com.kms.katalon.core.main.TestCaseExecutor.processExecutionPhase(TestCaseExecutor.java:412)
	at com.kms.katalon.core.main.TestCaseExecutor.accessMainPhase(TestCaseExecutor.java:404)
	at com.kms.katalon.core.main.TestCaseExecutor.execute(TestCaseExecutor.java:281)
	at com.kms.katalon.core.main.TestSuiteExecutor.accessTestCaseMainPhase(TestSuiteExecutor.java:202)
	at com.kms.katalon.core.main.TestSuiteExecutor.accessTestSuiteMainPhase(TestSuiteExecutor.java:164)
	at com.kms.katalon.core.main.TestSuiteExecutor.execute(TestSuiteExecutor.java:105)
	at com.kms.katalon.core.main.TestCaseMain.startTestSuite(TestCaseMain.java:181)
	at com.kms.katalon.core.main.TestCaseMain$startTestSuite$0.call(Unknown Source)
	at TempTestSuite1642416912407.run(TempTestSuite1642416912407.groovy:36)


2022-01-17 13:11:04 - [MESSAGE][PASSED] - Object 'Object Repository/Quick Order/a_quickOrder' is visible

2022-01-17 13:11:06 - [MESSAGE][PASSED] - Object: 'Object Repository/Quick Order/a_quickOrder' is hovered

2022-01-17 13:11:06 - [MESSAGE][PASSED] - Get CSS 'color' value on 'Object Repository/Quick Order/i_quickOrderIcon' successfully: 'rgb(82, 36, 127)'.

2022-01-17 13:11:09 - [MESSAGE][PASSED] - Object: 'Object Repository/Quick Order/a_quickOrder' is clicked on

2022-01-17 13:11:09 - [MESSAGE][PASSED] - Current window's title is: 'Quick Order - Cleaner's Supply'

2022-01-17 13:11:09 - [MESSAGE][PASSED] - Current window's url is: 'https://www.cleanersupply.com/quick-order/'

2022-01-17 13:11:10 - [MESSAGE][PASSED] - Text of object 'Object Repository/Quick Order/span_quickOrderHeader' is: ''

2022-01-17 13:11:10 - [MESSAGE][FAILED] - Test Cases/Checkout Scenario/Quick Order FAILED.
Reason:
Assertion failed: 

assert WebUI.getText(header).toLowerCase().replace("\n", " ").equals(pageHeader.toLowerCase())
             |       |       |             |                  |      |          |
             ""      |       ""            ""                 false  |          quick order
                     |                                               Quick Order
                     TestObject - 'Object Repository/Quick Order/span_quickOrderHeader'

	at validation.GeneralValidation.verifyAnyHeading(GeneralValidation.groovy:90)
	at validation.GeneralValidation$verifyAnyHeading$6.call(Unknown Source)
	at helpers.GeneralHelpers.verifyNavigationToPage(GeneralHelpers.groovy:70)
	at helpers.GeneralHelpers$verifyNavigationToPage$2.call(Unknown Source)
	at helpers.QuickOrderHelpers.navigationAndVerifyToQuickOrder(QuickOrderHelpers.groovy:151)
	at helpers.QuickOrderHelpers$navigationAndVerifyToQuickOrder.call(Unknown Source)
	at Quick Order.run(Quick Order:45)
	at com.kms.katalon.core.main.ScriptEngine.run(ScriptEngine.java:194)
	at com.kms.katalon.core.main.ScriptEngine.runScriptAsRawText(ScriptEngine.java:119)
	at com.kms.katalon.core.main.TestCaseExecutor.runScript(TestCaseExecutor.java:442)
	at com.kms.katalon.core.main.TestCaseExecutor.doExecute(TestCaseExecutor.java:433)
	at com.kms.katalon.core.main.TestCaseExecutor.processExecutionPhase(TestCaseExecutor.java:412)
	at com.kms.katalon.core.main.TestCaseExecutor.accessMainPhase(TestCaseExecutor.java:404)
	at com.kms.katalon.core.main.TestCaseExecutor.execute(TestCaseExecutor.java:281)
	at com.kms.katalon.core.main.TestSuiteExecutor.accessTestCaseMainPhase(TestSuiteExecutor.java:202)
	at com.kms.katalon.core.main.TestSuiteExecutor.accessTestSuiteMainPhase(TestSuiteExecutor.java:164)
	at com.kms.katalon.core.main.TestSuiteExecutor.execute(TestSuiteExecutor.java:105)
	at com.kms.katalon.core.main.TestCaseMain.startTestSuite(TestCaseMain.java:181)
	at com.kms.katalon.core.main.TestCaseMain$startTestSuite$0.call(Unknown Source)
	at TempTestSuite1642416912407.run(TempTestSuite1642416912407.groovy:36)


2022-01-17 13:11:10 - [TEST_STEP][PASSED] - Video: Video recording for test case 'Test Cases/Checkout Scenario/Quick Order' .

2022-01-17 13:11:10 - [MESSAGE][INFO] - Video recording for test case 'Test Cases/Checkout Scenario/Quick Order' .]]></system-out>
         <system-err><![CDATA[2022-01-17 13:10:53 - [TEST_CASE][FAILED] - Test Cases/Checkout Scenario/Quick Order: Test Cases/Checkout Scenario/Quick Order FAILED.
Reason:
Assertion failed: 

assert WebUI.getText(header).toLowerCase().replace("\n", " ").equals(pageHeader.toLowerCase())
             |       |       |             |                  |      |          |
             ""      |       ""            ""                 false  |          quick order
                     |                                               Quick Order
                     TestObject - 'Object Repository/Quick Order/span_quickOrderHeader'

	at validation.GeneralValidation.verifyAnyHeading(GeneralValidation.groovy:90)
	at validation.GeneralValidation$verifyAnyHeading$6.call(Unknown Source)
	at helpers.GeneralHelpers.verifyNavigationToPage(GeneralHelpers.groovy:70)
	at helpers.GeneralHelpers$verifyNavigationToPage$2.call(Unknown Source)
	at helpers.QuickOrderHelpers.navigationAndVerifyToQuickOrder(QuickOrderHelpers.groovy:151)
	at helpers.QuickOrderHelpers$navigationAndVerifyToQuickOrder.call(Unknown Source)
	at Quick Order.run(Quick Order:45)
	at com.kms.katalon.core.main.ScriptEngine.run(ScriptEngine.java:194)
	at com.kms.katalon.core.main.ScriptEngine.runScriptAsRawText(ScriptEngine.java:119)
	at com.kms.katalon.core.main.TestCaseExecutor.runScript(TestCaseExecutor.java:442)
	at com.kms.katalon.core.main.TestCaseExecutor.doExecute(TestCaseExecutor.java:433)
	at com.kms.katalon.core.main.TestCaseExecutor.processExecutionPhase(TestCaseExecutor.java:412)
	at com.kms.katalon.core.main.TestCaseExecutor.accessMainPhase(TestCaseExecutor.java:404)
	at com.kms.katalon.core.main.TestCaseExecutor.execute(TestCaseExecutor.java:281)
	at com.kms.katalon.core.main.TestSuiteExecutor.accessTestCaseMainPhase(TestSuiteExecutor.java:202)
	at com.kms.katalon.core.main.TestSuiteExecutor.accessTestSuiteMainPhase(TestSuiteExecutor.java:164)
	at com.kms.katalon.core.main.TestSuiteExecutor.execute(TestSuiteExecutor.java:105)
	at com.kms.katalon.core.main.TestCaseMain.startTestSuite(TestCaseMain.java:181)
	at com.kms.katalon.core.main.TestCaseMain$startTestSuite$0.call(Unknown Source)
	at TempTestSuite1642416912407.run(TempTestSuite1642416912407.groovy:36)]]></system-err>
      </testcase>
      <system-out><![CDATA[2022-01-17 13:08:04 - [TEST_SUITE][FAILED] - Checkout: Test Cases/Checkout Scenario/Product Details FAILED.
Reason:
com.kms.katalon.core.exception.StepFailedException: Unable to move mouse over object 'Object Repository/Product details/h2_descHeader'
	at com.kms.katalon.core.webui.keyword.internal.WebUIKeywordMain.stepFailed(WebUIKeywordMain.groovy:64)
	at com.kms.katalon.core.webui.keyword.internal.WebUIKeywordMain.runKeyword(WebUIKeywordMain.groovy:26)
	at com.kms.katalon.core.webui.keyword.builtin.MouseOverKeyword.mouseOver(MouseOverKeyword.groovy:66)
	at com.kms.katalon.core.webui.keyword.builtin.MouseOverKeyword.execute(MouseOverKeyword.groovy:40)
	at com.kms.katalon.core.keyword.internal.KeywordExecutor.executeKeywordForPlatform(KeywordExecutor.groovy:74)
	at com.kms.katalon.core.webui.keyword.WebUiBuiltInKeywords.mouseOver(WebUiBuiltInKeywords.groovy:806)
	at com.kms.katalon.core.webui.keyword.WebUiBuiltInKeywords$mouseOver$16.call(Unknown Source)
	at helpers.ProductDetailsHelpers.hoverEffectAndClickLargeSizeLink(ProductDetailsHelpers.groovy:85)
	at helpers.ProductDetailsHelpers$hoverEffectAndClickLargeSizeLink$3.call(Unknown Source)
	at Product Details.run(Product Details:51)
	at com.kms.katalon.core.main.ScriptEngine.run(ScriptEngine.java:194)
	at com.kms.katalon.core.main.ScriptEngine.runScriptAsRawText(ScriptEngine.java:119)
	at com.kms.katalon.core.main.TestCaseExecutor.runScript(TestCaseExecutor.java:442)
	at com.kms.katalon.core.main.TestCaseExecutor.doExecute(TestCaseExecutor.java:433)
	at com.kms.katalon.core.main.TestCaseExecutor.processExecutionPhase(TestCaseExecutor.java:412)
	at com.kms.katalon.core.main.TestCaseExecutor.accessMainPhase(TestCaseExecutor.java:404)
	at com.kms.katalon.core.main.TestCaseExecutor.execute(TestCaseExecutor.java:281)
	at com.kms.katalon.core.main.TestSuiteExecutor.accessTestCaseMainPhase(TestSuiteExecutor.java:202)
	at com.kms.katalon.core.main.TestSuiteExecutor.accessTestSuiteMainPhase(TestSuiteExecutor.java:164)
	at com.kms.katalon.core.main.TestSuiteExecutor.execute(TestSuiteExecutor.java:105)
	at com.kms.katalon.core.main.TestCaseMain.startTestSuite(TestCaseMain.java:181)
	at com.kms.katalon.core.main.TestCaseMain$startTestSuite$0.call(Unknown Source)
	at TempTestSuite1642416912407.run(TempTestSuite1642416912407.groovy:36)
Caused by: org.openqa.selenium.interactions.MoveTargetOutOfBoundsException: (324, 850) is out of bounds of viewport width (1440) and height (730)
Build info: version: '3.141.59', revision: 'e82be7d358', time: '2018-11-14T08:25:53'
System info: host: 'Waleeds-MacBook-Pro.local', ip: 'fe80:0:0:0:1c5b:3086:5fdd:953c%en0', os.name: 'Mac OS X', os.arch: 'x86_64', os.version: '10.16', java.version: '1.8.0_275'
Driver info: com.kms.katalon.core.webui.driver.firefox.CGeckoDriver
Capabilities {acceptInsecureCerts: true, browserName: firefox, browserVersion: 95.0, javascriptEnabled: true, moz:accessibilityChecks: false, moz:buildID: 20211129150630, moz:geckodriverVersion: 0.30.0, moz:headless: false, moz:processID: 11198, moz:profile: /var/folders/d1/nclsdd393_x..., moz:shutdownTimeout: 60000, moz:useNonSpecCompliantPointerOrigin: false, moz:webdriverClick: true, pageLoadStrategy: normal, platform: MAC, platformName: MAC, platformVersion: 21.2.0, proxy: Proxy(direct), setWindowRect: true, strictFileInteractability: false, timeouts: {implicit: 0, pageLoad: 300000, script: 30000}, unhandledPromptBehavior: dismiss and notify}
Session ID: dfab2145-061f-4edb-985c-1d9528419fee
	at org.openqa.selenium.remote.http.W3CHttpResponseCodec.createException(W3CHttpResponseCodec.java:187)
	at org.openqa.selenium.remote.http.W3CHttpResponseCodec.decode(W3CHttpResponseCodec.java:122)
	at org.openqa.selenium.remote.http.W3CHttpResponseCodec.decode(W3CHttpResponseCodec.java:49)
	at org.openqa.selenium.remote.HttpCommandExecutor.execute(HttpCommandExecutor.java:158)
	at org.openqa.selenium.remote.service.DriverCommandExecutor.execute(DriverCommandExecutor.java:83)
	at org.openqa.selenium.remote.RemoteWebDriver.execute(RemoteWebDriver.java:552)
	at com.kms.katalon.selenium.driver.CFirefoxDriver.execute(CFirefoxDriver.java:27)
	at org.openqa.selenium.remote.RemoteWebDriver.perform(RemoteWebDriver.java:618)
	at org.openqa.selenium.support.events.EventFiringWebDriver.lambda$new$1(EventFiringWebDriver.java:105)
	at com.sun.proxy.$Proxy10.perform(Unknown Source)
	at org.openqa.selenium.support.events.EventFiringWebDriver.perform(EventFiringWebDriver.java:360)
	at org.openqa.selenium.interactions.Actions$BuiltAction.perform(Actions.java:639)
	at org.openqa.selenium.interactions.Actions.perform(Actions.java:595)
	at com.kms.katalon.core.webui.keyword.builtin.MouseOverKeyword$_mouseOver_closure1.doCall(MouseOverKeyword.groovy:59)
	at com.kms.katalon.core.webui.keyword.builtin.MouseOverKeyword$_mouseOver_closure1.call(MouseOverKeyword.groovy)
	at com.kms.katalon.core.webui.keyword.internal.WebUIKeywordMain.runKeyword(WebUIKeywordMain.groovy:20)
	... 21 more]]></system-out>
      <system-err><![CDATA[2022-01-17 13:08:04 - [TEST_SUITE][FAILED] - Checkout: Test Cases/Checkout Scenario/Product Details FAILED.
Reason:
com.kms.katalon.core.exception.StepFailedException: Unable to move mouse over object 'Object Repository/Product details/h2_descHeader'
	at com.kms.katalon.core.webui.keyword.internal.WebUIKeywordMain.stepFailed(WebUIKeywordMain.groovy:64)
	at com.kms.katalon.core.webui.keyword.internal.WebUIKeywordMain.runKeyword(WebUIKeywordMain.groovy:26)
	at com.kms.katalon.core.webui.keyword.builtin.MouseOverKeyword.mouseOver(MouseOverKeyword.groovy:66)
	at com.kms.katalon.core.webui.keyword.builtin.MouseOverKeyword.execute(MouseOverKeyword.groovy:40)
	at com.kms.katalon.core.keyword.internal.KeywordExecutor.executeKeywordForPlatform(KeywordExecutor.groovy:74)
	at com.kms.katalon.core.webui.keyword.WebUiBuiltInKeywords.mouseOver(WebUiBuiltInKeywords.groovy:806)
	at com.kms.katalon.core.webui.keyword.WebUiBuiltInKeywords$mouseOver$16.call(Unknown Source)
	at helpers.ProductDetailsHelpers.hoverEffectAndClickLargeSizeLink(ProductDetailsHelpers.groovy:85)
	at helpers.ProductDetailsHelpers$hoverEffectAndClickLargeSizeLink$3.call(Unknown Source)
	at Product Details.run(Product Details:51)
	at com.kms.katalon.core.main.ScriptEngine.run(ScriptEngine.java:194)
	at com.kms.katalon.core.main.ScriptEngine.runScriptAsRawText(ScriptEngine.java:119)
	at com.kms.katalon.core.main.TestCaseExecutor.runScript(TestCaseExecutor.java:442)
	at com.kms.katalon.core.main.TestCaseExecutor.doExecute(TestCaseExecutor.java:433)
	at com.kms.katalon.core.main.TestCaseExecutor.processExecutionPhase(TestCaseExecutor.java:412)
	at com.kms.katalon.core.main.TestCaseExecutor.accessMainPhase(TestCaseExecutor.java:404)
	at com.kms.katalon.core.main.TestCaseExecutor.execute(TestCaseExecutor.java:281)
	at com.kms.katalon.core.main.TestSuiteExecutor.accessTestCaseMainPhase(TestSuiteExecutor.java:202)
	at com.kms.katalon.core.main.TestSuiteExecutor.accessTestSuiteMainPhase(TestSuiteExecutor.java:164)
	at com.kms.katalon.core.main.TestSuiteExecutor.execute(TestSuiteExecutor.java:105)
	at com.kms.katalon.core.main.TestCaseMain.startTestSuite(TestCaseMain.java:181)
	at com.kms.katalon.core.main.TestCaseMain$startTestSuite$0.call(Unknown Source)
	at TempTestSuite1642416912407.run(TempTestSuite1642416912407.groovy:36)
Caused by: org.openqa.selenium.interactions.MoveTargetOutOfBoundsException: (324, 850) is out of bounds of viewport width (1440) and height (730)
Build info: version: '3.141.59', revision: 'e82be7d358', time: '2018-11-14T08:25:53'
System info: host: 'Waleeds-MacBook-Pro.local', ip: 'fe80:0:0:0:1c5b:3086:5fdd:953c%en0', os.name: 'Mac OS X', os.arch: 'x86_64', os.version: '10.16', java.version: '1.8.0_275'
Driver info: com.kms.katalon.core.webui.driver.firefox.CGeckoDriver
Capabilities {acceptInsecureCerts: true, browserName: firefox, browserVersion: 95.0, javascriptEnabled: true, moz:accessibilityChecks: false, moz:buildID: 20211129150630, moz:geckodriverVersion: 0.30.0, moz:headless: false, moz:processID: 11198, moz:profile: /var/folders/d1/nclsdd393_x..., moz:shutdownTimeout: 60000, moz:useNonSpecCompliantPointerOrigin: false, moz:webdriverClick: true, pageLoadStrategy: normal, platform: MAC, platformName: MAC, platformVersion: 21.2.0, proxy: Proxy(direct), setWindowRect: true, strictFileInteractability: false, timeouts: {implicit: 0, pageLoad: 300000, script: 30000}, unhandledPromptBehavior: dismiss and notify}
Session ID: dfab2145-061f-4edb-985c-1d9528419fee
	at org.openqa.selenium.remote.http.W3CHttpResponseCodec.createException(W3CHttpResponseCodec.java:187)
	at org.openqa.selenium.remote.http.W3CHttpResponseCodec.decode(W3CHttpResponseCodec.java:122)
	at org.openqa.selenium.remote.http.W3CHttpResponseCodec.decode(W3CHttpResponseCodec.java:49)
	at org.openqa.selenium.remote.HttpCommandExecutor.execute(HttpCommandExecutor.java:158)
	at org.openqa.selenium.remote.service.DriverCommandExecutor.execute(DriverCommandExecutor.java:83)
	at org.openqa.selenium.remote.RemoteWebDriver.execute(RemoteWebDriver.java:552)
	at com.kms.katalon.selenium.driver.CFirefoxDriver.execute(CFirefoxDriver.java:27)
	at org.openqa.selenium.remote.RemoteWebDriver.perform(RemoteWebDriver.java:618)
	at org.openqa.selenium.support.events.EventFiringWebDriver.lambda$new$1(EventFiringWebDriver.java:105)
	at com.sun.proxy.$Proxy10.perform(Unknown Source)
	at org.openqa.selenium.support.events.EventFiringWebDriver.perform(EventFiringWebDriver.java:360)
	at org.openqa.selenium.interactions.Actions$BuiltAction.perform(Actions.java:639)
	at org.openqa.selenium.interactions.Actions.perform(Actions.java:595)
	at com.kms.katalon.core.webui.keyword.builtin.MouseOverKeyword$_mouseOver_closure1.doCall(MouseOverKeyword.groovy:59)
	at com.kms.katalon.core.webui.keyword.builtin.MouseOverKeyword$_mouseOver_closure1.call(MouseOverKeyword.groovy)
	at com.kms.katalon.core.webui.keyword.internal.WebUIKeywordMain.runKeyword(WebUIKeywordMain.groovy:20)
	... 21 more]]></system-err>
   </testsuite>
</testsuites>
