<?xml version="1.0" encoding="UTF-8"?>
<testsuites name="Cleaner Supply collection" time="1311.489" tests="10" failures="6" errors="0">
   <testsuite name="Footer" tests="1" failures="0" errors="0" time="25.21" skipped="0" timestamp="2022-01-15 10:59:13" hostname="waleedafifi - localhost" id="Test Suites/Footer">
      <properties>
         <property name="deviceName" value=""/>
         <property name="devicePlatform" value=""/>
         <property name="logFolder" value="/Users/waleedafifi/git/cleanersupply/Reports/20220115_105856/Footer/20220115_105858"/>
         <property name="logFiles" value="/Users/waleedafifi/git/cleanersupply/Reports/20220115_105856/Footer/20220115_105858/execution0.log"/>
         <property name="attachments" value=""/>
         <property name="hostName" value="waleedafifi - localhost"/>
         <property name="os" value="Mac OS X 64bit"/>
         <property name="katalonVersion" value="8.2.0.208"/>
         <property name="browser" value="Chrome 97.0.4692.71"/>
         <property name="hostAddress" value="127.0.0.1"/>
         <property name="sessionId" value="daf96d5162fc6e65f27571d882db6423"/>
         <property name="seleniumVersion" value="3.141.59"/>
         <property name="proxyInformation" value="ProxyInformation { proxyOption=NO_PROXY, proxyServerType=HTTP, username=, password=********, proxyServerAddress=, proxyServerPort=0, executionList=&quot;&quot;, isApplyToDesiredCapabilities=true }"/>
         <property name="platform" value="Mac OS X"/>
      </properties>
      <testcase name="Test Cases/Footer/Footer TC" time="24.759" classname="Test Cases/Footer/Footer TC" status="PASSED">
         <system-out><![CDATA[2022-01-15 10:59:14 - [TEST_CASE][PASSED] - Test Cases/Footer/Footer TC: Test Cases/Footer/Footer TC

2022-01-15 10:59:14 - [TEST_STEP][PASSED] - GeneralHelpers.initScenario(): Current window's url is: 'https://www.cleanersupply.com/'

2022-01-15 10:59:15 - [MESSAGE][INFO] - Starting 'Chrome' driver

2022-01-15 10:59:15 - [MESSAGE][INFO] - Action delay is set to 0 milliseconds

2022-01-15 10:59:20 - [MESSAGE][PASSED] - Browser is opened with url: ''

2022-01-15 10:59:22 - [MESSAGE][PASSED] - Current window maximized

2022-01-15 10:59:34 - [MESSAGE][PASSED] - Navigate to 'https://www.cleanersupply.com/' successfully

2022-01-15 10:59:34 - [MESSAGE][PASSED] - Wait for page load successfully

2022-01-15 10:59:34 - [MESSAGE][PASSED] - Current window's title is: 'Cleaner's Supply - Dry Cleaning Supplies'

2022-01-15 10:59:34 - [MESSAGE][PASSED] - Current window's title is: 'Cleaner's Supply - Dry Cleaning Supplies'

2022-01-15 10:59:34 - [MESSAGE][PASSED] - Current window's url is: 'https://www.cleanersupply.com/'

2022-01-15 10:59:34 - [TEST_STEP][PASSED] - defaultFooterValidatins.verifyExistingOftopFooterImage(): Object 'Object Repository/defaultFooter/img_topFooter' is visible

2022-01-15 10:59:36 - [MESSAGE][PASSED] - Object 'Object Repository/defaultFooter/img_topFooter' is visible

2022-01-15 10:59:36 - [TEST_STEP][PASSED] - defaultFooterValidatins.verifyBackGroundandMaxHeightOfTopFooter(): Get CSS 'max-height' value on 'Object Repository/defaultFooter/div_topFooter' successfully: '93px'.

2022-01-15 10:59:36 - [MESSAGE][PASSED] - Get CSS 'background' value on 'Object Repository/defaultFooter/div_topFooter' successfully: 'rgb(255, 199, 9) none repeat scroll 0% 0% / auto padding-box border-box'.

2022-01-15 10:59:37 - [MESSAGE][PASSED] - Get CSS 'max-height' value on 'Object Repository/defaultFooter/div_topFooter' successfully: '93px'.

2022-01-15 10:59:37 - [TEST_STEP][PASSED] - defaultFooterValidatins.verifyExistingOffooterBody(): Object 'Object Repository/defaultFooter/div_footerBody' is visible

2022-01-15 10:59:38 - [MESSAGE][PASSED] - Object 'Object Repository/defaultFooter/div_footerBody' is visible

2022-01-15 10:59:38 - [TEST_STEP][PASSED] - defaultFooterValidatins.verifyBackGroundandPaddingOfFooterBody(): Get CSS 'padding' value on 'Object Repository/defaultFooter/div_footerBody' successfully: '30px 0px 45px'.

2022-01-15 10:59:38 - [MESSAGE][PASSED] - Get CSS 'background' value on 'Object Repository/defaultFooter/div_footerBody' successfully: 'rgb(70, 70, 70) none repeat scroll 0% 0% / auto padding-box border-box'.

2022-01-15 10:59:39 - [MESSAGE][PASSED] - Get CSS 'padding' value on 'Object Repository/defaultFooter/div_footerBody' successfully: '30px 0px 45px'.]]></system-out>
         <system-err><![CDATA[]]></system-err>
      </testcase>
      <system-out><![CDATA[2022-01-15 10:59:13 - [TEST_SUITE][PASSED] - Footer: Test Cases/Footer/Footer TC]]></system-out>
      <system-err><![CDATA[]]></system-err>
   </testsuite>
   <testsuite name="Checkout" tests="3" failures="1" errors="0" time="594.931" skipped="0" timestamp="2022-01-15 10:59:43" hostname="waleedafifi - localhost" id="Test Suites/Checkout">
      <properties>
         <property name="deviceName" value=""/>
         <property name="devicePlatform" value=""/>
         <property name="logFolder" value="/Users/waleedafifi/git/cleanersupply/Reports/20220115_105856/Checkout/20220115_105900"/>
         <property name="logFiles" value="/Users/waleedafifi/git/cleanersupply/Reports/20220115_105856/Checkout/20220115_105900/execution0.log"/>
         <property name="attachments" value=""/>
         <property name="hostName" value="waleedafifi - localhost"/>
         <property name="os" value="Mac OS X 64bit"/>
         <property name="katalonVersion" value="8.2.0.208"/>
         <property name="browser" value="Chrome 97.0.4692.71"/>
         <property name="hostAddress" value="127.0.0.1"/>
         <property name="sessionId" value="57c3eba2c15192b30e48f3ac975a9a6d"/>
         <property name="seleniumVersion" value="3.141.59"/>
         <property name="proxyInformation" value="ProxyInformation { proxyOption=NO_PROXY, proxyServerType=HTTP, username=, password=********, proxyServerAddress=, proxyServerPort=0, executionList=&quot;&quot;, isApplyToDesiredCapabilities=true }"/>
         <property name="platform" value="Mac OS X"/>
      </properties>
      <testcase name="Test Cases/Checkout Scenario/Product Details" time="232.191" classname="Test Cases/Checkout Scenario/Product Details" status="PASSED">
         <system-out><![CDATA[2022-01-15 10:59:44 - [TEST_CASE][PASSED] - Test Cases/Checkout Scenario/Product Details: Test Cases/Checkout Scenario/Product Details

2022-01-15 10:59:44 - [TEST_STEP][PASSED] - GeneralHelpers.initScenario(): Current window's url is: 'https://www.cleanersupply.com/'

2022-01-15 10:59:44 - [MESSAGE][INFO] - Starting 'Chrome' driver

2022-01-15 10:59:45 - [MESSAGE][INFO] - Action delay is set to 0 milliseconds

2022-01-15 10:59:47 - [MESSAGE][PASSED] - Browser is opened with url: ''

2022-01-15 10:59:47 - [MESSAGE][PASSED] - Current window maximized

2022-01-15 11:00:02 - [MESSAGE][PASSED] - Navigate to 'https://www.cleanersupply.com/' successfully

2022-01-15 11:00:02 - [MESSAGE][PASSED] - Wait for page load successfully

2022-01-15 11:00:02 - [MESSAGE][PASSED] - Current window's title is: 'Cleaner's Supply - Dry Cleaning Supplies'

2022-01-15 11:00:02 - [MESSAGE][PASSED] - Current window's title is: 'Cleaner's Supply - Dry Cleaning Supplies'

2022-01-15 11:00:02 - [MESSAGE][PASSED] - Current window's url is: 'https://www.cleanersupply.com/'

2022-01-15 11:00:02 - [TEST_STEP][PASSED] - GeneralHelpers.headerSearchFillAndClick(): Object: 'Object Repository/Product details/btn_searchAction' is clicked on

2022-01-15 11:00:09 - [MESSAGE][PASSED] - Text 'Plastic' is set on object 'Object Repository/Product details/input_searchField'

2022-01-15 11:00:10 - [MESSAGE][PASSED] - Attribute 'value' of object 'Object Repository/Product details/input_searchField' is: 'Plastic'

2022-01-15 11:00:11 - [MESSAGE][PASSED] - Object 'Object Repository/Product details/div_searchAutocompleteBox' is visible

2022-01-15 11:00:11 - [MESSAGE][PASSED] - Attribute 'class' of object 'Object Repository/Product details/div_searchAutocompleteBox' is: 'search-autocomplete dropdown-menu open'

2022-01-15 11:00:11 - [MESSAGE][PASSED] - Text of object 'Object Repository/Product details/div_searchHeaderTopBar' is: 'Search for PLASTIC'

2022-01-15 11:00:12 - [MESSAGE][PASSED] - Get CSS 'background-color' value on 'Object Repository/Product details/div_searchHeaderTopBar' successfully: 'rgba(82, 36, 127, 1)'.

2022-01-15 11:00:16 - [MESSAGE][PASSED] - Object: 'Object Repository/Product details/btn_searchAction' is clicked on

2022-01-15 11:00:16 - [TEST_STEP][PASSED] - GeneralHelpers.navigateToResultPage(): Text of object 'Object Repository/Product details/h1_sectionHeading' is: 'SEARCH RESULTS'

2022-01-15 11:00:16 - [MESSAGE][PASSED] - Current window's title is: 'Search Results - Cleaner's Supply'

2022-01-15 11:00:16 - [MESSAGE][PASSED] - Current window's url is: 'https://www.cleanersupply.com/search-results/?q=Plastic'

2022-01-15 11:00:34 - [MESSAGE][PASSED] - Text of object 'Object Repository/Product details/h1_sectionHeading' is: 'SEARCH RESULTS'

2022-01-15 11:00:34 - [TEST_STEP][PASSED] - SearchResultPageValidations.verifyDefaultValues(): Attribute 'class' of object '' is: ' '

2022-01-15 11:00:35 - [MESSAGE][PASSED] - Text of object 'Object Repository/Search Result/h2_productListHeading' is: 'RESULTS FOR "PLASTIC" (224)'

2022-01-15 11:00:35 - [MESSAGE][PASSED] - Text of object 'Object Repository/Search Result/h2_productListHeading' is: 'RESULTS FOR "PLASTIC" (224)'

2022-01-15 11:00:35 - [MESSAGE][PASSED] - Text of object 'Object Repository/Search Result/span_filterOption' is: 'Featured'

2022-01-15 11:00:36 - [MESSAGE][PASSED] - Web element with id: 'Object Repository/Search Result/ul_selectedFilters' located by 'By.cssSelector: ul.selected-filters' is not present after '5' second(s)

2022-01-15 11:00:37 - [MESSAGE][PASSED] - Attribute 'class' of object '' is: ' '

2022-01-15 11:00:37 - [MESSAGE][PASSED] - Attribute 'class' of object '' is: ' '

2022-01-15 11:00:37 - [MESSAGE][PASSED] - Attribute 'class' of object '' is: ' '

2022-01-15 11:00:37 - [MESSAGE][PASSED] - Attribute 'class' of object '' is: ' '

2022-01-15 11:00:37 - [MESSAGE][PASSED] - Attribute 'class' of object '' is: ' '

2022-01-15 11:00:37 - [MESSAGE][PASSED] - Attribute 'class' of object '' is: ' '

2022-01-15 11:00:37 - [MESSAGE][PASSED] - Attribute 'class' of object '' is: ' '

2022-01-15 11:00:37 - [MESSAGE][PASSED] - Attribute 'class' of object '' is: ' '

2022-01-15 11:00:37 - [MESSAGE][PASSED] - Attribute 'class' of object '' is: ' '

2022-01-15 11:00:37 - [MESSAGE][PASSED] - Attribute 'class' of object '' is: ' '

2022-01-15 11:00:37 - [MESSAGE][PASSED] - Attribute 'class' of object '' is: ' '

2022-01-15 11:00:37 - [MESSAGE][PASSED] - Attribute 'class' of object '' is: ' '

2022-01-15 11:00:37 - [MESSAGE][PASSED] - Attribute 'class' of object '' is: ' '

2022-01-15 11:00:37 - [MESSAGE][PASSED] - Attribute 'class' of object '' is: ' '

2022-01-15 11:00:37 - [MESSAGE][PASSED] - Attribute 'class' of object '' is: ' '

2022-01-15 11:00:37 - [MESSAGE][PASSED] - Attribute 'class' of object '' is: ' '

2022-01-15 11:00:37 - [MESSAGE][PASSED] - Attribute 'class' of object '' is: ' '

2022-01-15 11:00:37 - [MESSAGE][PASSED] - Attribute 'class' of object '' is: ' '

2022-01-15 11:00:37 - [MESSAGE][PASSED] - Attribute 'class' of object '' is: ' '

2022-01-15 11:00:37 - [MESSAGE][PASSED] - Attribute 'class' of object '' is: ' '

2022-01-15 11:00:37 - [MESSAGE][PASSED] - Attribute 'class' of object '' is: ' '

2022-01-15 11:00:37 - [MESSAGE][PASSED] - Attribute 'class' of object '' is: ' '

2022-01-15 11:00:37 - [MESSAGE][PASSED] - Attribute 'class' of object '' is: ' '

2022-01-15 11:00:37 - [MESSAGE][PASSED] - Attribute 'class' of object '' is: ' '

2022-01-15 11:00:37 - [MESSAGE][PASSED] - Attribute 'class' of object '' is: ' '

2022-01-15 11:00:37 - [MESSAGE][PASSED] - Attribute 'class' of object '' is: ' '

2022-01-15 11:00:37 - [MESSAGE][PASSED] - Attribute 'class' of object '' is: ' '

2022-01-15 11:00:37 - [MESSAGE][PASSED] - Attribute 'class' of object '' is: ' '

2022-01-15 11:00:37 - [MESSAGE][PASSED] - Attribute 'class' of object '' is: ' '

2022-01-15 11:00:37 - [MESSAGE][PASSED] - Attribute 'class' of object '' is: ' '

2022-01-15 11:00:37 - [MESSAGE][PASSED] - Attribute 'class' of object '' is: ' '

2022-01-15 11:00:37 - [MESSAGE][PASSED] - Attribute 'class' of object '' is: ' '

2022-01-15 11:00:37 - [MESSAGE][PASSED] - Attribute 'class' of object '' is: ' '

2022-01-15 11:00:37 - [MESSAGE][PASSED] - Attribute 'class' of object '' is: ' '

2022-01-15 11:00:37 - [MESSAGE][PASSED] - Attribute 'class' of object '' is: ' '

2022-01-15 11:00:37 - [MESSAGE][PASSED] - Attribute 'class' of object '' is: ' '

2022-01-15 11:00:37 - [MESSAGE][PASSED] - Attribute 'class' of object '' is: ' '

2022-01-15 11:00:37 - [MESSAGE][PASSED] - Attribute 'class' of object '' is: ' '

2022-01-15 11:00:37 - [MESSAGE][PASSED] - Attribute 'class' of object '' is: ' '

2022-01-15 11:00:37 - [MESSAGE][PASSED] - Attribute 'class' of object '' is: ' '

2022-01-15 11:00:37 - [MESSAGE][PASSED] - Attribute 'class' of object '' is: ' '

2022-01-15 11:00:37 - [MESSAGE][PASSED] - Attribute 'class' of object '' is: ' '

2022-01-15 11:00:37 - [MESSAGE][PASSED] - Attribute 'class' of object '' is: ' '

2022-01-15 11:00:37 - [MESSAGE][PASSED] - Attribute 'class' of object '' is: ' '

2022-01-15 11:00:38 - [MESSAGE][PASSED] - Attribute 'class' of object '' is: ' '

2022-01-15 11:00:38 - [MESSAGE][PASSED] - Attribute 'class' of object '' is: ' '

2022-01-15 11:00:38 - [MESSAGE][PASSED] - Attribute 'class' of object '' is: ' '

2022-01-15 11:00:38 - [MESSAGE][PASSED] - Attribute 'class' of object '' is: ' '

2022-01-15 11:00:38 - [MESSAGE][PASSED] - Attribute 'class' of object '' is: ' '

2022-01-15 11:00:38 - [MESSAGE][PASSED] - Attribute 'class' of object '' is: ' '

2022-01-15 11:00:38 - [MESSAGE][PASSED] - Attribute 'class' of object '' is: ' '

2022-01-15 11:00:38 - [MESSAGE][PASSED] - Attribute 'class' of object '' is: ' '

2022-01-15 11:00:38 - [MESSAGE][PASSED] - Attribute 'class' of object '' is: ' '

2022-01-15 11:00:38 - [MESSAGE][PASSED] - Attribute 'class' of object '' is: ' '

2022-01-15 11:00:38 - [MESSAGE][PASSED] - Attribute 'class' of object '' is: ' '

2022-01-15 11:00:38 - [MESSAGE][PASSED] - Attribute 'class' of object '' is: ' '

2022-01-15 11:00:38 - [MESSAGE][PASSED] - Attribute 'class' of object '' is: ' '

2022-01-15 11:00:38 - [MESSAGE][PASSED] - Attribute 'class' of object '' is: ' '

2022-01-15 11:00:38 - [MESSAGE][PASSED] - Attribute 'class' of object '' is: ' '

2022-01-15 11:00:38 - [MESSAGE][PASSED] - Attribute 'class' of object '' is: ' '

2022-01-15 11:00:38 - [MESSAGE][PASSED] - Attribute 'class' of object '' is: ' '

2022-01-15 11:00:38 - [MESSAGE][PASSED] - Attribute 'class' of object '' is: ' '

2022-01-15 11:00:38 - [MESSAGE][PASSED] - Attribute 'class' of object '' is: ' '

2022-01-15 11:00:38 - [MESSAGE][PASSED] - Attribute 'class' of object '' is: ' '

2022-01-15 11:00:38 - [MESSAGE][PASSED] - Attribute 'class' of object '' is: ' '

2022-01-15 11:00:38 - [MESSAGE][PASSED] - Attribute 'class' of object '' is: ' '

2022-01-15 11:00:38 - [MESSAGE][PASSED] - Attribute 'class' of object '' is: ' '

2022-01-15 11:00:38 - [MESSAGE][PASSED] - Attribute 'class' of object '' is: ' '

2022-01-15 11:00:38 - [MESSAGE][PASSED] - Attribute 'class' of object '' is: ' '

2022-01-15 11:00:38 - [MESSAGE][PASSED] - Attribute 'class' of object '' is: ' '

2022-01-15 11:00:38 - [MESSAGE][PASSED] - Attribute 'class' of object '' is: ' '

2022-01-15 11:00:38 - [MESSAGE][PASSED] - Attribute 'class' of object '' is: ' '

2022-01-15 11:00:38 - [MESSAGE][PASSED] - Attribute 'class' of object '' is: ' '

2022-01-15 11:00:38 - [MESSAGE][PASSED] - Attribute 'class' of object '' is: ' '

2022-01-15 11:00:38 - [MESSAGE][PASSED] - Attribute 'class' of object '' is: ' '

2022-01-15 11:00:38 - [MESSAGE][PASSED] - Attribute 'class' of object '' is: ' '

2022-01-15 11:00:38 - [MESSAGE][PASSED] - Attribute 'class' of object '' is: ' '

2022-01-15 11:00:38 - [MESSAGE][PASSED] - Attribute 'class' of object '' is: ' '

2022-01-15 11:00:38 - [MESSAGE][PASSED] - Attribute 'class' of object '' is: ' '

2022-01-15 11:00:38 - [MESSAGE][PASSED] - Attribute 'class' of object '' is: ' '

2022-01-15 11:00:38 - [MESSAGE][PASSED] - Attribute 'class' of object '' is: ' '

2022-01-15 11:00:38 - [MESSAGE][PASSED] - Attribute 'class' of object '' is: ' '

2022-01-15 11:00:38 - [MESSAGE][PASSED] - Attribute 'class' of object '' is: ' '

2022-01-15 11:00:38 - [MESSAGE][PASSED] - Attribute 'class' of object '' is: ' '

2022-01-15 11:00:38 - [MESSAGE][PASSED] - Attribute 'class' of object '' is: ' '

2022-01-15 11:00:38 - [MESSAGE][PASSED] - Attribute 'class' of object '' is: ' '

2022-01-15 11:00:38 - [MESSAGE][PASSED] - Attribute 'class' of object '' is: ' '

2022-01-15 11:00:38 - [MESSAGE][PASSED] - Attribute 'class' of object '' is: ' '

2022-01-15 11:00:38 - [MESSAGE][PASSED] - Attribute 'class' of object '' is: ' '

2022-01-15 11:00:38 - [MESSAGE][PASSED] - Attribute 'class' of object '' is: ' '

2022-01-15 11:00:38 - [MESSAGE][PASSED] - Attribute 'class' of object '' is: ' '

2022-01-15 11:00:38 - [MESSAGE][PASSED] - Attribute 'class' of object '' is: ' '

2022-01-15 11:00:38 - [MESSAGE][PASSED] - Attribute 'class' of object '' is: ' '

2022-01-15 11:00:38 - [MESSAGE][PASSED] - Attribute 'class' of object '' is: ' '

2022-01-15 11:00:38 - [MESSAGE][PASSED] - Attribute 'class' of object '' is: ' '

2022-01-15 11:00:38 - [MESSAGE][PASSED] - Attribute 'class' of object '' is: ' '

2022-01-15 11:00:38 - [MESSAGE][PASSED] - Attribute 'class' of object '' is: ' '

2022-01-15 11:00:38 - [MESSAGE][PASSED] - Attribute 'class' of object '' is: ' '

2022-01-15 11:00:38 - [MESSAGE][PASSED] - Attribute 'class' of object '' is: ' '

2022-01-15 11:00:38 - [MESSAGE][PASSED] - Attribute 'class' of object '' is: ' '

2022-01-15 11:00:38 - [MESSAGE][PASSED] - Attribute 'class' of object '' is: ' '

2022-01-15 11:00:38 - [MESSAGE][PASSED] - Attribute 'class' of object '' is: ' '

2022-01-15 11:00:38 - [MESSAGE][PASSED] - Attribute 'class' of object '' is: ' '

2022-01-15 11:00:38 - [MESSAGE][PASSED] - Attribute 'class' of object '' is: ' '

2022-01-15 11:00:38 - [MESSAGE][PASSED] - Attribute 'class' of object '' is: ' '

2022-01-15 11:00:39 - [MESSAGE][PASSED] - Attribute 'class' of object '' is: ' '

2022-01-15 11:00:39 - [MESSAGE][PASSED] - Attribute 'class' of object '' is: ' '

2022-01-15 11:00:39 - [MESSAGE][PASSED] - Attribute 'class' of object '' is: ' '

2022-01-15 11:00:39 - [MESSAGE][PASSED] - Attribute 'class' of object '' is: ' '

2022-01-15 11:00:39 - [MESSAGE][PASSED] - Attribute 'class' of object '' is: ' '

2022-01-15 11:00:39 - [MESSAGE][PASSED] - Attribute 'class' of object '' is: ' '

2022-01-15 11:00:39 - [MESSAGE][PASSED] - Attribute 'class' of object '' is: ' '

2022-01-15 11:00:39 - [MESSAGE][PASSED] - Attribute 'class' of object '' is: ' '

2022-01-15 11:00:39 - [MESSAGE][PASSED] - Attribute 'class' of object '' is: ' '

2022-01-15 11:00:39 - [MESSAGE][PASSED] - Attribute 'class' of object '' is: ' '

2022-01-15 11:00:39 - [MESSAGE][PASSED] - Attribute 'class' of object '' is: ' '

2022-01-15 11:00:39 - [MESSAGE][PASSED] - Attribute 'class' of object '' is: ' '

2022-01-15 11:00:39 - [MESSAGE][PASSED] - Attribute 'class' of object '' is: ' '

2022-01-15 11:00:39 - [MESSAGE][PASSED] - Attribute 'class' of object '' is: ' '

2022-01-15 11:00:39 - [MESSAGE][PASSED] - Attribute 'class' of object '' is: ' '

2022-01-15 11:00:39 - [MESSAGE][PASSED] - Attribute 'class' of object '' is: ' '

2022-01-15 11:00:39 - [MESSAGE][PASSED] - Attribute 'class' of object '' is: ' '

2022-01-15 11:00:39 - [MESSAGE][PASSED] - Attribute 'class' of object '' is: ' '

2022-01-15 11:00:39 - [MESSAGE][PASSED] - Attribute 'class' of object '' is: ' '

2022-01-15 11:00:39 - [MESSAGE][PASSED] - Attribute 'class' of object '' is: ' '

2022-01-15 11:00:39 - [MESSAGE][PASSED] - Attribute 'class' of object '' is: ' '

2022-01-15 11:00:39 - [MESSAGE][PASSED] - Attribute 'class' of object '' is: ' '

2022-01-15 11:00:39 - [MESSAGE][PASSED] - Attribute 'class' of object '' is: ' '

2022-01-15 11:00:39 - [MESSAGE][PASSED] - Attribute 'class' of object '' is: ' '

2022-01-15 11:00:39 - [MESSAGE][PASSED] - Attribute 'class' of object '' is: ' '

2022-01-15 11:00:39 - [MESSAGE][PASSED] - Attribute 'class' of object '' is: ' '

2022-01-15 11:00:39 - [MESSAGE][PASSED] - Attribute 'class' of object '' is: ' '

2022-01-15 11:00:39 - [MESSAGE][PASSED] - Attribute 'class' of object '' is: ' '

2022-01-15 11:00:39 - [MESSAGE][PASSED] - Attribute 'class' of object '' is: ' '

2022-01-15 11:00:39 - [MESSAGE][PASSED] - Attribute 'class' of object '' is: ' '

2022-01-15 11:00:39 - [MESSAGE][PASSED] - Attribute 'class' of object '' is: ' '

2022-01-15 11:00:39 - [MESSAGE][PASSED] - Attribute 'class' of object '' is: ' '

2022-01-15 11:00:39 - [MESSAGE][PASSED] - Attribute 'class' of object '' is: ' '

2022-01-15 11:00:39 - [MESSAGE][PASSED] - Attribute 'class' of object '' is: ' '

2022-01-15 11:00:39 - [MESSAGE][PASSED] - Attribute 'class' of object '' is: ' '

2022-01-15 11:00:39 - [MESSAGE][PASSED] - Attribute 'class' of object '' is: ' '

2022-01-15 11:00:39 - [MESSAGE][PASSED] - Attribute 'class' of object '' is: ' '

2022-01-15 11:00:39 - [MESSAGE][PASSED] - Attribute 'class' of object '' is: ' '

2022-01-15 11:00:39 - [MESSAGE][PASSED] - Attribute 'class' of object '' is: ' '

2022-01-15 11:00:39 - [MESSAGE][PASSED] - Attribute 'class' of object '' is: ' '

2022-01-15 11:00:39 - [MESSAGE][PASSED] - Attribute 'class' of object '' is: ' '

2022-01-15 11:00:39 - [MESSAGE][PASSED] - Attribute 'class' of object '' is: ' '

2022-01-15 11:00:39 - [MESSAGE][PASSED] - Attribute 'class' of object '' is: ' '

2022-01-15 11:00:39 - [MESSAGE][PASSED] - Attribute 'class' of object '' is: ' '

2022-01-15 11:00:39 - [MESSAGE][PASSED] - Attribute 'class' of object '' is: ' '

2022-01-15 11:00:39 - [MESSAGE][PASSED] - Attribute 'class' of object '' is: ' '

2022-01-15 11:00:39 - [MESSAGE][PASSED] - Attribute 'class' of object '' is: ' '

2022-01-15 11:00:39 - [MESSAGE][PASSED] - Attribute 'class' of object '' is: ' '

2022-01-15 11:00:39 - [MESSAGE][PASSED] - Attribute 'class' of object '' is: ' '

2022-01-15 11:00:39 - [MESSAGE][PASSED] - Attribute 'class' of object '' is: ' '

2022-01-15 11:00:39 - [MESSAGE][PASSED] - Attribute 'class' of object '' is: ' '

2022-01-15 11:00:39 - [MESSAGE][PASSED] - Attribute 'class' of object '' is: ' '

2022-01-15 11:00:39 - [MESSAGE][PASSED] - Attribute 'class' of object '' is: ' '

2022-01-15 11:00:39 - [MESSAGE][PASSED] - Attribute 'class' of object '' is: ' '

2022-01-15 11:00:39 - [MESSAGE][PASSED] - Attribute 'class' of object '' is: ' '

2022-01-15 11:00:39 - [MESSAGE][PASSED] - Attribute 'class' of object '' is: ' '

2022-01-15 11:00:39 - [MESSAGE][PASSED] - Attribute 'class' of object '' is: ' '

2022-01-15 11:00:39 - [MESSAGE][PASSED] - Attribute 'class' of object '' is: ' '

2022-01-15 11:00:39 - [MESSAGE][PASSED] - Attribute 'class' of object '' is: ' '

2022-01-15 11:00:39 - [MESSAGE][PASSED] - Attribute 'class' of object '' is: ' '

2022-01-15 11:00:39 - [MESSAGE][PASSED] - Attribute 'class' of object '' is: ' '

2022-01-15 11:00:39 - [MESSAGE][PASSED] - Attribute 'class' of object '' is: ' '

2022-01-15 11:00:39 - [MESSAGE][PASSED] - Attribute 'class' of object '' is: ' '

2022-01-15 11:00:39 - [MESSAGE][PASSED] - Attribute 'class' of object '' is: ' '

2022-01-15 11:00:39 - [MESSAGE][PASSED] - Attribute 'class' of object '' is: ' '

2022-01-15 11:00:39 - [MESSAGE][PASSED] - Attribute 'class' of object '' is: ' '

2022-01-15 11:00:39 - [MESSAGE][PASSED] - Attribute 'class' of object '' is: ' '

2022-01-15 11:00:39 - [MESSAGE][PASSED] - Attribute 'class' of object '' is: ' '

2022-01-15 11:00:39 - [MESSAGE][PASSED] - Attribute 'class' of object '' is: ' '

2022-01-15 11:00:39 - [MESSAGE][PASSED] - Attribute 'class' of object '' is: ' '

2022-01-15 11:00:39 - [MESSAGE][PASSED] - Attribute 'class' of object '' is: ' '

2022-01-15 11:00:39 - [MESSAGE][PASSED] - Attribute 'class' of object '' is: ' '

2022-01-15 11:00:39 - [MESSAGE][PASSED] - Attribute 'class' of object '' is: ' '

2022-01-15 11:00:39 - [MESSAGE][PASSED] - Attribute 'class' of object '' is: ' '

2022-01-15 11:00:39 - [MESSAGE][PASSED] - Attribute 'class' of object '' is: ' '

2022-01-15 11:00:39 - [MESSAGE][PASSED] - Attribute 'class' of object '' is: ' '

2022-01-15 11:00:39 - [MESSAGE][PASSED] - Attribute 'class' of object '' is: ' '

2022-01-15 11:00:39 - [MESSAGE][PASSED] - Attribute 'class' of object '' is: ' '

2022-01-15 11:00:39 - [MESSAGE][PASSED] - Attribute 'class' of object '' is: ' '

2022-01-15 11:00:39 - [MESSAGE][PASSED] - Attribute 'class' of object '' is: ' '

2022-01-15 11:00:39 - [MESSAGE][PASSED] - Attribute 'class' of object '' is: ' '

2022-01-15 11:00:39 - [MESSAGE][PASSED] - Attribute 'class' of object '' is: ' '

2022-01-15 11:00:39 - [MESSAGE][PASSED] - Attribute 'class' of object '' is: ' '

2022-01-15 11:00:40 - [MESSAGE][PASSED] - Attribute 'class' of object '' is: ' '

2022-01-15 11:00:40 - [MESSAGE][PASSED] - Attribute 'class' of object '' is: ' '

2022-01-15 11:00:40 - [MESSAGE][PASSED] - Attribute 'class' of object '' is: ' '

2022-01-15 11:00:40 - [MESSAGE][PASSED] - Attribute 'class' of object '' is: ' '

2022-01-15 11:00:40 - [MESSAGE][PASSED] - Attribute 'class' of object '' is: ' '

2022-01-15 11:00:40 - [MESSAGE][PASSED] - Attribute 'class' of object '' is: ' '

2022-01-15 11:00:40 - [MESSAGE][PASSED] - Attribute 'class' of object '' is: ' '

2022-01-15 11:00:40 - [MESSAGE][PASSED] - Attribute 'class' of object '' is: ' '

2022-01-15 11:00:40 - [MESSAGE][PASSED] - Attribute 'class' of object '' is: ' '

2022-01-15 11:00:40 - [MESSAGE][PASSED] - Attribute 'class' of object '' is: ' '

2022-01-15 11:00:40 - [MESSAGE][PASSED] - Attribute 'class' of object '' is: ' '

2022-01-15 11:00:40 - [MESSAGE][PASSED] - Attribute 'class' of object '' is: ' '

2022-01-15 11:00:40 - [MESSAGE][PASSED] - Attribute 'class' of object '' is: ' '

2022-01-15 11:00:40 - [MESSAGE][PASSED] - Attribute 'class' of object '' is: ' '

2022-01-15 11:00:40 - [MESSAGE][PASSED] - Attribute 'class' of object '' is: ' '

2022-01-15 11:00:40 - [MESSAGE][PASSED] - Attribute 'class' of object '' is: ' '

2022-01-15 11:00:40 - [MESSAGE][PASSED] - Attribute 'class' of object '' is: ' '

2022-01-15 11:00:40 - [MESSAGE][PASSED] - Attribute 'class' of object '' is: ' '

2022-01-15 11:00:40 - [MESSAGE][PASSED] - Attribute 'class' of object '' is: ' '

2022-01-15 11:00:40 - [MESSAGE][PASSED] - Attribute 'class' of object '' is: ' '

2022-01-15 11:00:40 - [MESSAGE][PASSED] - Attribute 'class' of object '' is: ' '

2022-01-15 11:00:40 - [MESSAGE][PASSED] - Attribute 'class' of object '' is: ' '

2022-01-15 11:00:40 - [MESSAGE][PASSED] - Attribute 'class' of object '' is: ' '

2022-01-15 11:00:40 - [MESSAGE][PASSED] - Attribute 'class' of object '' is: ' '

2022-01-15 11:00:40 - [MESSAGE][PASSED] - Attribute 'class' of object '' is: ' '

2022-01-15 11:00:40 - [MESSAGE][PASSED] - Attribute 'class' of object '' is: ' '

2022-01-15 11:00:40 - [MESSAGE][PASSED] - Attribute 'class' of object '' is: ' '

2022-01-15 11:00:40 - [MESSAGE][PASSED] - Attribute 'class' of object '' is: ' '

2022-01-15 11:00:40 - [MESSAGE][PASSED] - Attribute 'class' of object '' is: ' '

2022-01-15 11:00:40 - [MESSAGE][PASSED] - Attribute 'class' of object '' is: ' '

2022-01-15 11:00:40 - [MESSAGE][PASSED] - Attribute 'class' of object '' is: ' '

2022-01-15 11:00:40 - [MESSAGE][PASSED] - Attribute 'class' of object '' is: ' '

2022-01-15 11:00:40 - [MESSAGE][PASSED] - Attribute 'class' of object '' is: ' '

2022-01-15 11:00:40 - [MESSAGE][PASSED] - Attribute 'class' of object '' is: ' '

2022-01-15 11:00:40 - [MESSAGE][PASSED] - Attribute 'class' of object '' is: ' '

2022-01-15 11:00:40 - [MESSAGE][PASSED] - Attribute 'class' of object '' is: ' '

2022-01-15 11:00:40 - [MESSAGE][PASSED] - Attribute 'class' of object '' is: ' '

2022-01-15 11:00:40 - [MESSAGE][PASSED] - Attribute 'class' of object '' is: ' '

2022-01-15 11:00:40 - [MESSAGE][PASSED] - Attribute 'class' of object '' is: ' '

2022-01-15 11:00:40 - [MESSAGE][PASSED] - Attribute 'class' of object '' is: ' '

2022-01-15 11:00:40 - [MESSAGE][PASSED] - Attribute 'class' of object '' is: ' '

2022-01-15 11:00:40 - [MESSAGE][PASSED] - Attribute 'class' of object '' is: ' '

2022-01-15 11:00:40 - [MESSAGE][PASSED] - Attribute 'class' of object '' is: ' '

2022-01-15 11:00:40 - [MESSAGE][PASSED] - Attribute 'class' of object '' is: ' '

2022-01-15 11:00:40 - [MESSAGE][PASSED] - Attribute 'class' of object '' is: ' '

2022-01-15 11:00:40 - [MESSAGE][PASSED] - Attribute 'class' of object '' is: ' '

2022-01-15 11:00:40 - [MESSAGE][PASSED] - Attribute 'class' of object '' is: ' '

2022-01-15 11:00:40 - [MESSAGE][PASSED] - Attribute 'class' of object '' is: ' '

2022-01-15 11:00:40 - [MESSAGE][PASSED] - Attribute 'class' of object '' is: ' '

2022-01-15 11:00:40 - [MESSAGE][PASSED] - Attribute 'class' of object '' is: ' '

2022-01-15 11:00:40 - [MESSAGE][PASSED] - Attribute 'class' of object '' is: ' '

2022-01-15 11:00:40 - [MESSAGE][PASSED] - Attribute 'class' of object '' is: ' '

2022-01-15 11:00:40 - [MESSAGE][PASSED] - Attribute 'class' of object '' is: ' '

2022-01-15 11:00:40 - [MESSAGE][PASSED] - Attribute 'class' of object '' is: ' '

2022-01-15 11:00:40 - [MESSAGE][PASSED] - Attribute 'class' of object '' is: ' '

2022-01-15 11:00:40 - [MESSAGE][PASSED] - Attribute 'class' of object '' is: ' '

2022-01-15 11:00:40 - [MESSAGE][PASSED] - Attribute 'class' of object '' is: ' '

2022-01-15 11:00:40 - [MESSAGE][PASSED] - Attribute 'class' of object '' is: ' '

2022-01-15 11:00:40 - [MESSAGE][PASSED] - Attribute 'class' of object '' is: ' '

2022-01-15 11:00:40 - [MESSAGE][PASSED] - Attribute 'class' of object '' is: ' '

2022-01-15 11:00:40 - [MESSAGE][PASSED] - Attribute 'class' of object '' is: ' '

2022-01-15 11:00:40 - [MESSAGE][PASSED] - Attribute 'class' of object '' is: ' '

2022-01-15 11:00:40 - [MESSAGE][PASSED] - Attribute 'class' of object '' is: ' '

2022-01-15 11:00:40 - [MESSAGE][PASSED] - Attribute 'class' of object '' is: ' '

2022-01-15 11:00:40 - [MESSAGE][PASSED] - Attribute 'class' of object '' is: ' '

2022-01-15 11:00:40 - [MESSAGE][PASSED] - Attribute 'class' of object '' is: ' '

2022-01-15 11:00:40 - [MESSAGE][PASSED] - Attribute 'class' of object '' is: ' '

2022-01-15 11:00:40 - [MESSAGE][PASSED] - Attribute 'class' of object '' is: ' '

2022-01-15 11:00:40 - [MESSAGE][PASSED] - Attribute 'class' of object '' is: ' '

2022-01-15 11:00:40 - [MESSAGE][PASSED] - Attribute 'class' of object '' is: ' '

2022-01-15 11:00:40 - [MESSAGE][PASSED] - Attribute 'class' of object '' is: ' '

2022-01-15 11:00:40 - [MESSAGE][PASSED] - Attribute 'class' of object '' is: ' '

2022-01-15 11:00:40 - [MESSAGE][PASSED] - Attribute 'class' of object '' is: ' '

2022-01-15 11:00:40 - [MESSAGE][PASSED] - Attribute 'class' of object '' is: ' '

2022-01-15 11:00:40 - [MESSAGE][PASSED] - Attribute 'class' of object '' is: ' '

2022-01-15 11:00:40 - [MESSAGE][PASSED] - Attribute 'class' of object '' is: ' '

2022-01-15 11:00:40 - [MESSAGE][PASSED] - Attribute 'class' of object '' is: ' '

2022-01-15 11:00:40 - [MESSAGE][PASSED] - Attribute 'class' of object '' is: ' '

2022-01-15 11:00:40 - [MESSAGE][PASSED] - Attribute 'class' of object '' is: ' '

2022-01-15 11:00:40 - [MESSAGE][PASSED] - Attribute 'class' of object '' is: ' '

2022-01-15 11:00:40 - [MESSAGE][PASSED] - Attribute 'class' of object '' is: ' '

2022-01-15 11:00:41 - [MESSAGE][PASSED] - Attribute 'class' of object '' is: ' '

2022-01-15 11:00:41 - [MESSAGE][PASSED] - Attribute 'class' of object '' is: ' '

2022-01-15 11:00:41 - [MESSAGE][PASSED] - Attribute 'class' of object '' is: ' '

2022-01-15 11:00:41 - [MESSAGE][PASSED] - Attribute 'class' of object '' is: ' '

2022-01-15 11:00:41 - [MESSAGE][PASSED] - Attribute 'class' of object '' is: ' '

2022-01-15 11:00:41 - [MESSAGE][PASSED] - Attribute 'class' of object '' is: ' '

2022-01-15 11:00:41 - [MESSAGE][PASSED] - Attribute 'class' of object '' is: ' '

2022-01-15 11:00:41 - [MESSAGE][PASSED] - Attribute 'class' of object '' is: ' '

2022-01-15 11:00:41 - [MESSAGE][PASSED] - Attribute 'class' of object '' is: ' '

2022-01-15 11:00:41 - [MESSAGE][PASSED] - Attribute 'class' of object '' is: ' '

2022-01-15 11:00:41 - [MESSAGE][PASSED] - Attribute 'class' of object '' is: ' '

2022-01-15 11:00:41 - [MESSAGE][PASSED] - Attribute 'class' of object '' is: ' '

2022-01-15 11:00:41 - [MESSAGE][PASSED] - Attribute 'class' of object '' is: ' '

2022-01-15 11:00:41 - [MESSAGE][PASSED] - Attribute 'class' of object '' is: ' '

2022-01-15 11:00:41 - [MESSAGE][PASSED] - Attribute 'class' of object '' is: ' '

2022-01-15 11:00:41 - [MESSAGE][PASSED] - Attribute 'class' of object '' is: ' '

2022-01-15 11:00:41 - [MESSAGE][PASSED] - Attribute 'class' of object '' is: ' '

2022-01-15 11:00:41 - [MESSAGE][PASSED] - Attribute 'class' of object '' is: ' '

2022-01-15 11:00:41 - [MESSAGE][PASSED] - Attribute 'class' of object '' is: ' '

2022-01-15 11:00:41 - [MESSAGE][PASSED] - Attribute 'class' of object '' is: ' '

2022-01-15 11:00:41 - [MESSAGE][PASSED] - Attribute 'class' of object '' is: ' '

2022-01-15 11:00:41 - [MESSAGE][PASSED] - Attribute 'class' of object '' is: ' '

2022-01-15 11:00:41 - [MESSAGE][PASSED] - Attribute 'class' of object '' is: ' '

2022-01-15 11:00:41 - [MESSAGE][PASSED] - Attribute 'class' of object '' is: ' '

2022-01-15 11:00:41 - [MESSAGE][PASSED] - Attribute 'class' of object '' is: ' '

2022-01-15 11:00:41 - [MESSAGE][PASSED] - Attribute 'class' of object '' is: ' '

2022-01-15 11:00:41 - [MESSAGE][PASSED] - Attribute 'class' of object '' is: ' '

2022-01-15 11:00:41 - [MESSAGE][PASSED] - Attribute 'class' of object '' is: ' '

2022-01-15 11:00:41 - [MESSAGE][PASSED] - Attribute 'class' of object '' is: ' '

2022-01-15 11:00:41 - [MESSAGE][PASSED] - Attribute 'class' of object '' is: ' '

2022-01-15 11:00:41 - [MESSAGE][PASSED] - Attribute 'class' of object '' is: ' '

2022-01-15 11:00:41 - [MESSAGE][PASSED] - Attribute 'class' of object '' is: ' '

2022-01-15 11:00:41 - [MESSAGE][PASSED] - Attribute 'class' of object '' is: ' '

2022-01-15 11:00:41 - [MESSAGE][PASSED] - Attribute 'class' of object '' is: ' '

2022-01-15 11:00:41 - [MESSAGE][PASSED] - Attribute 'class' of object '' is: ' '

2022-01-15 11:00:41 - [MESSAGE][PASSED] - Attribute 'class' of object '' is: ' '

2022-01-15 11:00:41 - [MESSAGE][PASSED] - Attribute 'class' of object '' is: ' '

2022-01-15 11:00:41 - [MESSAGE][PASSED] - Attribute 'class' of object '' is: ' '

2022-01-15 11:00:41 - [MESSAGE][PASSED] - Attribute 'class' of object '' is: ' '

2022-01-15 11:00:41 - [MESSAGE][PASSED] - Attribute 'class' of object '' is: ' '

2022-01-15 11:00:41 - [MESSAGE][PASSED] - Attribute 'class' of object '' is: ' '

2022-01-15 11:00:41 - [MESSAGE][PASSED] - Attribute 'class' of object '' is: ' '

2022-01-15 11:00:41 - [MESSAGE][PASSED] - Attribute 'class' of object '' is: ' '

2022-01-15 11:00:41 - [MESSAGE][PASSED] - Attribute 'class' of object '' is: ' '

2022-01-15 11:00:41 - [MESSAGE][PASSED] - Attribute 'class' of object '' is: ' '

2022-01-15 11:00:41 - [MESSAGE][PASSED] - Attribute 'class' of object '' is: ' '

2022-01-15 11:00:41 - [MESSAGE][PASSED] - Attribute 'class' of object '' is: ' '

2022-01-15 11:00:41 - [MESSAGE][PASSED] - Attribute 'class' of object '' is: ' '

2022-01-15 11:00:41 - [MESSAGE][PASSED] - Attribute 'class' of object '' is: ' '

2022-01-15 11:00:41 - [MESSAGE][PASSED] - Attribute 'class' of object '' is: ' '

2022-01-15 11:00:41 - [MESSAGE][PASSED] - Attribute 'class' of object '' is: ' '

2022-01-15 11:00:41 - [MESSAGE][PASSED] - Attribute 'class' of object '' is: ' '

2022-01-15 11:00:41 - [MESSAGE][PASSED] - Attribute 'class' of object '' is: ' '

2022-01-15 11:00:41 - [MESSAGE][PASSED] - Attribute 'class' of object '' is: ' '

2022-01-15 11:00:41 - [MESSAGE][PASSED] - Attribute 'class' of object '' is: ' '

2022-01-15 11:00:41 - [MESSAGE][PASSED] - Attribute 'class' of object '' is: ' '

2022-01-15 11:00:41 - [MESSAGE][PASSED] - Attribute 'class' of object '' is: ' '

2022-01-15 11:00:41 - [MESSAGE][PASSED] - Attribute 'class' of object '' is: ' '

2022-01-15 11:00:41 - [MESSAGE][PASSED] - Attribute 'class' of object '' is: ' '

2022-01-15 11:00:41 - [MESSAGE][PASSED] - Attribute 'class' of object '' is: ' '

2022-01-15 11:00:41 - [MESSAGE][PASSED] - Attribute 'class' of object '' is: ' '

2022-01-15 11:00:41 - [MESSAGE][PASSED] - Attribute 'class' of object '' is: ' '

2022-01-15 11:00:41 - [MESSAGE][PASSED] - Attribute 'class' of object '' is: ' '

2022-01-15 11:00:41 - [MESSAGE][PASSED] - Attribute 'class' of object '' is: ' '

2022-01-15 11:00:41 - [MESSAGE][PASSED] - Attribute 'class' of object '' is: ' '

2022-01-15 11:00:41 - [MESSAGE][PASSED] - Attribute 'class' of object '' is: ' '

2022-01-15 11:00:41 - [MESSAGE][PASSED] - Attribute 'class' of object '' is: ' '

2022-01-15 11:00:41 - [MESSAGE][PASSED] - Attribute 'class' of object '' is: ' '

2022-01-15 11:00:41 - [MESSAGE][PASSED] - Attribute 'class' of object '' is: ' '

2022-01-15 11:00:41 - [MESSAGE][PASSED] - Attribute 'class' of object '' is: ' '

2022-01-15 11:00:41 - [MESSAGE][PASSED] - Attribute 'class' of object '' is: ' '

2022-01-15 11:00:41 - [MESSAGE][PASSED] - Attribute 'class' of object '' is: ' '

2022-01-15 11:00:41 - [MESSAGE][PASSED] - Attribute 'class' of object '' is: ' '

2022-01-15 11:00:41 - [MESSAGE][PASSED] - Attribute 'class' of object '' is: ' '

2022-01-15 11:00:41 - [MESSAGE][PASSED] - Attribute 'class' of object '' is: ' '

2022-01-15 11:00:41 - [MESSAGE][PASSED] - Attribute 'class' of object '' is: ' '

2022-01-15 11:00:41 - [MESSAGE][PASSED] - Attribute 'class' of object '' is: ' '

2022-01-15 11:00:41 - [MESSAGE][PASSED] - Attribute 'class' of object '' is: ' '

2022-01-15 11:00:41 - [MESSAGE][PASSED] - Attribute 'class' of object '' is: ' '

2022-01-15 11:00:41 - [MESSAGE][PASSED] - Attribute 'class' of object '' is: ' '

2022-01-15 11:00:41 - [MESSAGE][PASSED] - Attribute 'class' of object '' is: ' '

2022-01-15 11:00:41 - [MESSAGE][PASSED] - Attribute 'class' of object '' is: ' '

2022-01-15 11:00:41 - [MESSAGE][PASSED] - Attribute 'class' of object '' is: ' '

2022-01-15 11:00:41 - [MESSAGE][PASSED] - Attribute 'class' of object '' is: ' '

2022-01-15 11:00:41 - [MESSAGE][PASSED] - Attribute 'class' of object '' is: ' '

2022-01-15 11:00:41 - [MESSAGE][PASSED] - Attribute 'class' of object '' is: ' '

2022-01-15 11:00:41 - [MESSAGE][PASSED] - Attribute 'class' of object '' is: ' '

2022-01-15 11:00:41 - [MESSAGE][PASSED] - Attribute 'class' of object '' is: ' '

2022-01-15 11:00:42 - [MESSAGE][PASSED] - Attribute 'class' of object '' is: ' '

2022-01-15 11:00:42 - [MESSAGE][PASSED] - Attribute 'class' of object '' is: ' '

2022-01-15 11:00:42 - [MESSAGE][PASSED] - Attribute 'class' of object '' is: ' '

2022-01-15 11:00:42 - [MESSAGE][PASSED] - Attribute 'class' of object '' is: ' '

2022-01-15 11:00:42 - [MESSAGE][PASSED] - Attribute 'class' of object '' is: ' '

2022-01-15 11:00:42 - [MESSAGE][PASSED] - Attribute 'class' of object '' is: ' '

2022-01-15 11:00:42 - [MESSAGE][PASSED] - Attribute 'class' of object '' is: ' '

2022-01-15 11:00:42 - [MESSAGE][PASSED] - Attribute 'class' of object '' is: ' '

2022-01-15 11:00:42 - [MESSAGE][PASSED] - Attribute 'class' of object '' is: ' '

2022-01-15 11:00:42 - [MESSAGE][PASSED] - Attribute 'class' of object '' is: ' '

2022-01-15 11:00:42 - [MESSAGE][PASSED] - Attribute 'class' of object '' is: ' '

2022-01-15 11:00:42 - [MESSAGE][PASSED] - Attribute 'class' of object '' is: ' '

2022-01-15 11:00:42 - [MESSAGE][PASSED] - Attribute 'class' of object '' is: ' '

2022-01-15 11:00:42 - [MESSAGE][PASSED] - Attribute 'class' of object '' is: ' '

2022-01-15 11:00:42 - [MESSAGE][PASSED] - Attribute 'class' of object '' is: ' '

2022-01-15 11:00:42 - [MESSAGE][PASSED] - Attribute 'class' of object '' is: ' '

2022-01-15 11:00:42 - [MESSAGE][PASSED] - Attribute 'class' of object '' is: ' '

2022-01-15 11:00:42 - [MESSAGE][PASSED] - Attribute 'class' of object '' is: ' '

2022-01-15 11:00:42 - [MESSAGE][PASSED] - Attribute 'class' of object '' is: ' '

2022-01-15 11:00:42 - [MESSAGE][PASSED] - Attribute 'class' of object '' is: ' '

2022-01-15 11:00:42 - [MESSAGE][PASSED] - Attribute 'class' of object '' is: ' '

2022-01-15 11:00:42 - [MESSAGE][PASSED] - Attribute 'class' of object '' is: ' '

2022-01-15 11:00:42 - [MESSAGE][PASSED] - Attribute 'class' of object '' is: ' '

2022-01-15 11:00:42 - [MESSAGE][PASSED] - Attribute 'class' of object '' is: ' '

2022-01-15 11:00:42 - [MESSAGE][PASSED] - Attribute 'class' of object '' is: ' '

2022-01-15 11:00:42 - [MESSAGE][PASSED] - Attribute 'class' of object '' is: ' '

2022-01-15 11:00:42 - [MESSAGE][PASSED] - Attribute 'class' of object '' is: ' '

2022-01-15 11:00:42 - [MESSAGE][PASSED] - Attribute 'class' of object '' is: ' '

2022-01-15 11:00:42 - [MESSAGE][PASSED] - Attribute 'class' of object '' is: ' '

2022-01-15 11:00:42 - [MESSAGE][PASSED] - Attribute 'class' of object '' is: ' '

2022-01-15 11:00:42 - [MESSAGE][PASSED] - Attribute 'class' of object '' is: ' '

2022-01-15 11:00:42 - [MESSAGE][PASSED] - Attribute 'class' of object '' is: ' '

2022-01-15 11:00:42 - [MESSAGE][PASSED] - Attribute 'class' of object '' is: ' '

2022-01-15 11:00:42 - [MESSAGE][PASSED] - Attribute 'class' of object '' is: ' '

2022-01-15 11:00:42 - [MESSAGE][PASSED] - Attribute 'class' of object '' is: ' '

2022-01-15 11:00:42 - [MESSAGE][PASSED] - Attribute 'class' of object '' is: ' '

2022-01-15 11:00:42 - [MESSAGE][PASSED] - Attribute 'class' of object '' is: ' '

2022-01-15 11:00:42 - [MESSAGE][PASSED] - Attribute 'class' of object '' is: ' '

2022-01-15 11:00:42 - [MESSAGE][PASSED] - Attribute 'class' of object '' is: ' '

2022-01-15 11:00:42 - [MESSAGE][PASSED] - Attribute 'class' of object '' is: ' '

2022-01-15 11:00:42 - [MESSAGE][PASSED] - Attribute 'class' of object '' is: ' '

2022-01-15 11:00:42 - [MESSAGE][PASSED] - Attribute 'class' of object '' is: ' '

2022-01-15 11:00:42 - [MESSAGE][PASSED] - Attribute 'class' of object '' is: ' '

2022-01-15 11:00:42 - [MESSAGE][PASSED] - Attribute 'class' of object '' is: ' '

2022-01-15 11:00:42 - [MESSAGE][PASSED] - Attribute 'class' of object '' is: ' '

2022-01-15 11:00:42 - [MESSAGE][PASSED] - Attribute 'class' of object '' is: ' '

2022-01-15 11:00:42 - [MESSAGE][PASSED] - Attribute 'class' of object '' is: ' '

2022-01-15 11:00:42 - [MESSAGE][PASSED] - Attribute 'class' of object '' is: ' '

2022-01-15 11:00:42 - [MESSAGE][PASSED] - Attribute 'class' of object '' is: ' '

2022-01-15 11:00:42 - [MESSAGE][PASSED] - Attribute 'class' of object '' is: ' '

2022-01-15 11:00:42 - [MESSAGE][PASSED] - Attribute 'class' of object '' is: ' '

2022-01-15 11:00:42 - [MESSAGE][PASSED] - Attribute 'class' of object '' is: ' '

2022-01-15 11:00:42 - [MESSAGE][PASSED] - Attribute 'class' of object '' is: ' '

2022-01-15 11:00:42 - [MESSAGE][PASSED] - Attribute 'class' of object '' is: ' '

2022-01-15 11:00:42 - [MESSAGE][PASSED] - Attribute 'class' of object '' is: ' '

2022-01-15 11:00:42 - [MESSAGE][PASSED] - Attribute 'class' of object '' is: ' '

2022-01-15 11:00:42 - [MESSAGE][PASSED] - Attribute 'class' of object '' is: ' '

2022-01-15 11:00:42 - [MESSAGE][PASSED] - Attribute 'class' of object '' is: ' '

2022-01-15 11:00:42 - [MESSAGE][PASSED] - Attribute 'class' of object '' is: ' '

2022-01-15 11:00:42 - [MESSAGE][PASSED] - Attribute 'class' of object '' is: ' '

2022-01-15 11:00:42 - [MESSAGE][PASSED] - Attribute 'class' of object '' is: ' '

2022-01-15 11:00:42 - [MESSAGE][PASSED] - Attribute 'class' of object '' is: ' '

2022-01-15 11:00:43 - [MESSAGE][PASSED] - Attribute 'class' of object '' is: ' '

2022-01-15 11:00:43 - [MESSAGE][PASSED] - Attribute 'class' of object '' is: ' '

2022-01-15 11:00:43 - [MESSAGE][PASSED] - Attribute 'class' of object '' is: ' '

2022-01-15 11:00:43 - [MESSAGE][PASSED] - Attribute 'class' of object '' is: ' '

2022-01-15 11:00:43 - [MESSAGE][PASSED] - Attribute 'class' of object '' is: ' '

2022-01-15 11:00:43 - [MESSAGE][PASSED] - Attribute 'class' of object '' is: ' '

2022-01-15 11:00:43 - [MESSAGE][PASSED] - Attribute 'class' of object '' is: ' '

2022-01-15 11:00:43 - [MESSAGE][PASSED] - Attribute 'class' of object '' is: ' '

2022-01-15 11:00:43 - [MESSAGE][PASSED] - Attribute 'class' of object '' is: ' '

2022-01-15 11:00:43 - [MESSAGE][PASSED] - Attribute 'class' of object '' is: ' '

2022-01-15 11:00:43 - [MESSAGE][PASSED] - Attribute 'class' of object '' is: ' '

2022-01-15 11:00:43 - [MESSAGE][PASSED] - Attribute 'class' of object '' is: ' '

2022-01-15 11:00:43 - [MESSAGE][PASSED] - Attribute 'class' of object '' is: ' '

2022-01-15 11:00:43 - [MESSAGE][PASSED] - Attribute 'class' of object '' is: ' '

2022-01-15 11:00:43 - [MESSAGE][PASSED] - Attribute 'class' of object '' is: ' '

2022-01-15 11:00:43 - [MESSAGE][PASSED] - Attribute 'class' of object '' is: ' '

2022-01-15 11:00:43 - [MESSAGE][PASSED] - Attribute 'class' of object '' is: ' '

2022-01-15 11:00:43 - [MESSAGE][PASSED] - Attribute 'class' of object '' is: ' '

2022-01-15 11:00:43 - [MESSAGE][PASSED] - Attribute 'class' of object '' is: ' '

2022-01-15 11:00:43 - [MESSAGE][PASSED] - Attribute 'class' of object '' is: ' '

2022-01-15 11:00:43 - [MESSAGE][PASSED] - Attribute 'class' of object '' is: ' '

2022-01-15 11:00:43 - [MESSAGE][PASSED] - Attribute 'class' of object '' is: ' '

2022-01-15 11:00:43 - [MESSAGE][PASSED] - Attribute 'class' of object '' is: ' '

2022-01-15 11:00:43 - [MESSAGE][PASSED] - Attribute 'class' of object '' is: ' '

2022-01-15 11:00:43 - [MESSAGE][PASSED] - Attribute 'class' of object '' is: ' '

2022-01-15 11:00:43 - [MESSAGE][PASSED] - Attribute 'class' of object '' is: ' '

2022-01-15 11:00:43 - [MESSAGE][PASSED] - Attribute 'class' of object '' is: ' '

2022-01-15 11:00:43 - [MESSAGE][PASSED] - Attribute 'class' of object '' is: ' '

2022-01-15 11:00:43 - [MESSAGE][PASSED] - Attribute 'class' of object '' is: ' '

2022-01-15 11:00:43 - [MESSAGE][PASSED] - Attribute 'class' of object '' is: ' '

2022-01-15 11:00:43 - [MESSAGE][PASSED] - Attribute 'class' of object '' is: ' '

2022-01-15 11:00:43 - [MESSAGE][PASSED] - Attribute 'class' of object '' is: ' '

2022-01-15 11:00:43 - [MESSAGE][PASSED] - Attribute 'class' of object '' is: ' '

2022-01-15 11:00:43 - [MESSAGE][PASSED] - Attribute 'class' of object '' is: ' '

2022-01-15 11:00:43 - [MESSAGE][PASSED] - Attribute 'class' of object '' is: ' '

2022-01-15 11:00:43 - [MESSAGE][PASSED] - Attribute 'class' of object '' is: ' '

2022-01-15 11:00:43 - [MESSAGE][PASSED] - Attribute 'class' of object '' is: ' '

2022-01-15 11:00:43 - [MESSAGE][PASSED] - Attribute 'class' of object '' is: ' '

2022-01-15 11:00:43 - [MESSAGE][PASSED] - Attribute 'class' of object '' is: ' '

2022-01-15 11:00:43 - [MESSAGE][PASSED] - Attribute 'class' of object '' is: ' '

2022-01-15 11:00:43 - [MESSAGE][PASSED] - Attribute 'class' of object '' is: ' '

2022-01-15 11:00:43 - [MESSAGE][PASSED] - Attribute 'class' of object '' is: ' '

2022-01-15 11:00:43 - [MESSAGE][PASSED] - Attribute 'class' of object '' is: ' '

2022-01-15 11:00:43 - [MESSAGE][PASSED] - Attribute 'class' of object '' is: ' '

2022-01-15 11:00:43 - [MESSAGE][PASSED] - Attribute 'class' of object '' is: ' '

2022-01-15 11:00:43 - [MESSAGE][PASSED] - Attribute 'class' of object '' is: ' '

2022-01-15 11:00:43 - [MESSAGE][PASSED] - Attribute 'class' of object '' is: ' '

2022-01-15 11:00:43 - [MESSAGE][PASSED] - Attribute 'class' of object '' is: ' '

2022-01-15 11:00:43 - [MESSAGE][PASSED] - Attribute 'class' of object '' is: ' '

2022-01-15 11:00:43 - [MESSAGE][PASSED] - Attribute 'class' of object '' is: ' '

2022-01-15 11:00:43 - [MESSAGE][PASSED] - Attribute 'class' of object '' is: ' '

2022-01-15 11:00:43 - [MESSAGE][PASSED] - Attribute 'class' of object '' is: ' '

2022-01-15 11:00:43 - [MESSAGE][PASSED] - Attribute 'class' of object '' is: ' '

2022-01-15 11:00:43 - [MESSAGE][PASSED] - Attribute 'class' of object '' is: ' '

2022-01-15 11:00:43 - [MESSAGE][PASSED] - Attribute 'class' of object '' is: ' '

2022-01-15 11:00:43 - [MESSAGE][PASSED] - Attribute 'class' of object '' is: ' '

2022-01-15 11:00:43 - [MESSAGE][PASSED] - Attribute 'class' of object '' is: ' '

2022-01-15 11:00:43 - [MESSAGE][PASSED] - Attribute 'class' of object '' is: ' '

2022-01-15 11:00:43 - [MESSAGE][PASSED] - Attribute 'class' of object '' is: ' '

2022-01-15 11:00:43 - [MESSAGE][PASSED] - Attribute 'class' of object '' is: ' '

2022-01-15 11:00:43 - [MESSAGE][PASSED] - Attribute 'class' of object '' is: ' '

2022-01-15 11:00:43 - [MESSAGE][PASSED] - Attribute 'class' of object '' is: ' '

2022-01-15 11:00:43 - [MESSAGE][PASSED] - Attribute 'class' of object '' is: ' '

2022-01-15 11:00:43 - [MESSAGE][PASSED] - Attribute 'class' of object '' is: ' '

2022-01-15 11:00:43 - [MESSAGE][PASSED] - Attribute 'class' of object '' is: ' '

2022-01-15 11:00:43 - [MESSAGE][PASSED] - Attribute 'class' of object '' is: ' '

2022-01-15 11:00:43 - [MESSAGE][PASSED] - Attribute 'class' of object '' is: ' '

2022-01-15 11:00:43 - [TEST_STEP][PASSED] - SearchResultHelper.checkSearchPagePagination(): Get CSS 'color' value on 'Object Repository/Search Result/span_pagenationLeftArrow' successfully: 'rgba(220, 221, 222, 1)'.

2022-01-15 11:00:44 - [MESSAGE][PASSED] - Object 'Object Repository/Search Result/div.pagenationSection' is present

2022-01-15 11:00:44 - [MESSAGE][PASSED] - Get CSS 'background-color' value on 'Object Repository/Search Result/span_currentPagenation' successfully: 'rgba(82, 36, 127, 1)'.

2022-01-15 11:00:45 - [MESSAGE][PASSED] - Get CSS 'color' value on 'Object Repository/Search Result/span_currentPagenation' successfully: 'rgba(255, 255, 255, 1)'.

2022-01-15 11:00:45 - [MESSAGE][PASSED] - Attribute 'class' of object 'Object Repository/Search Result/span_pagenationLeftArrow' is: 'pagination-item pagination-navigation-item disabled'

2022-01-15 11:00:45 - [MESSAGE][PASSED] - Get CSS 'color' value on 'Object Repository/Search Result/span_pagenationLeftArrow' successfully: 'rgba(220, 221, 222, 1)'.

2022-01-15 11:00:45 - [TEST_STEP][PASSED] - SearchResultHelper.selectProductFilters(): Text of object 'Object Repository/Search Result/h2_productListHeading' is: 'RESULTS FOR "PLASTIC" (1)'

2022-01-15 11:00:46 - [MESSAGE][PASSED] - Object: 'Object Repository/Filter/a_packagingProduct' is clicked on

2022-01-15 11:00:47 - [MESSAGE][PASSED] - Web element with id: 'Object Repository/General/div_pagleLoader' located by 'By.cssSelector: div.page-overlay' is not present after '3' second(s)

2022-01-15 11:00:48 - [MESSAGE][PASSED] - Text of object 'Object Repository/Filter/li_packagingProduct' is: 'Packaging Products (58)'

2022-01-15 11:00:48 - [MESSAGE][PASSED] - Text of object 'Object Repository/Search Result/h2_productListHeading' is: 'RESULTS FOR "PLASTIC" (58)'

2022-01-15 11:00:49 - [MESSAGE][PASSED] - Attribute 'class' of object 'Object Repository/Filter/li_packagingProduct' is: 'selected '

2022-01-15 11:00:50 - [MESSAGE][PASSED] - Object: 'Object Repository/Filter/a_plasticBags' is clicked on

2022-01-15 11:00:52 - [MESSAGE][PASSED] - Web element with id: 'Object Repository/General/div_pagleLoader' located by 'By.cssSelector: div.page-overlay' is not present after '3' second(s)

2022-01-15 11:00:52 - [MESSAGE][PASSED] - Attribute 'class' of object 'Object Repository/Filter/li_plasticBags' is: 'selected '

2022-01-15 11:00:53 - [MESSAGE][PASSED] - Object: '' is clicked on

2022-01-15 11:00:54 - [MESSAGE][PASSED] - Attribute 'class' of object '' is: 'block-title'

2022-01-15 11:00:54 - [MESSAGE][PASSED] - Attribute 'class' of object '' is: 'block-content collapsed collapse in'

2022-01-15 11:00:54 - [MESSAGE][PASSED] - Object: 'Object Repository/Filter/a_greenColor' is clicked on

2022-01-15 11:00:55 - [MESSAGE][PASSED] - Web element with id: 'Object Repository/General/div_pagleLoader' located by 'By.cssSelector: div.page-overlay' is not present after '3' second(s)

2022-01-15 11:00:56 - [MESSAGE][PASSED] - Attribute 'class' of object 'Object Repository/Filter/li_greenColor' is: 'selected '

2022-01-15 11:00:56 - [MESSAGE][PASSED] - Text of object 'Object Repository/Filter/li_greenColor' is: 'Green (1)'

2022-01-15 11:00:57 - [MESSAGE][PASSED] - Text of object 'Object Repository/Search Result/h2_productListHeading' is: 'RESULTS FOR "PLASTIC" (1)'

2022-01-15 11:00:57 - [TEST_STEP][PASSED] - SearchResultPageActions.NavigateToProductDetailsPage(): Object: 'Object Repository/Product details/a_productItem' is clicked on

2022-01-15 11:00:58 - [MESSAGE][PASSED] - Attribute 'href' of object 'Object Repository/Search Result/a_productItemLink' is: 'https://www.cleanersupply.com/Bags/Plastic-Bags/Comforter/comforterblanket-bags-12pack/'

2022-01-15 11:00:58 - [MESSAGE][PASSED] - Text of object 'Object Repository/Search Result/h2_productName' is: 'COMFORTER/BLANKET BAGS - 12/PACK'

2022-01-15 11:00:58 - [MESSAGE][PASSED] - Text of object 'Object Repository/Search Result/div_priceRange' is: '$6.50 - $14.88
List $9.72 - $18.96'

2022-01-15 11:00:59 - [MESSAGE][PASSED] - Text of object 'Object Repository/Search Result/span_availability' is: 'Available in 5 colors'

2022-01-15 11:01:09 - [MESSAGE][PASSED] - Object: 'Object Repository/Product details/a_productItem' is clicked on

2022-01-15 11:01:09 - [TEST_STEP][PASSED] - ProductDetailsHelpers.initProductDetailsPage(): Object 'Object Repository/Product details/button_addToCart' is NOT visible

2022-01-15 11:01:09 - [MESSAGE][PASSED] - Current window's url is: 'https://www.cleanersupply.com/Bags/Plastic-Bags/Comforter/comforterblanket-bags-12pack/?sku=COMF3BK'

2022-01-15 11:01:12 - [MESSAGE][PASSED] - Text of object 'Object Repository/Product details/ul_breadcrumb' is: 'Bags Plastic Bags Comforter'

2022-01-15 11:01:13 - [MESSAGE][PASSED] - Attribute 'class' of object '' is: 'xlarge option-box selected'

2022-01-15 11:01:13 - [MESSAGE][PASSED] - Get CSS 'background-color' value on '' successfully: 'rgba(65, 64, 66, 1)'.

2022-01-15 11:01:14 - [MESSAGE][PASSED] - Get CSS 'color' value on '' successfully: 'rgba(255, 255, 255, 1)'.

2022-01-15 11:01:14 - [MESSAGE][PASSED] - Text of object 'Object Repository/Product details/div_stockNotifcations' is: 'Currently Unavailable.'

2022-01-15 11:01:14 - [MESSAGE][PASSED] - Get CSS 'color' value on 'Object Repository/Product details/div_stockNotifcations' successfully: 'rgba(237, 28, 36, 1)'.

2022-01-15 11:01:15 - [MESSAGE][PASSED] - Text of object 'Object Repository/Product details/span_skuNumber' is: 'COMF3BK'

2022-01-15 11:01:15 - [MESSAGE][PASSED] - Object 'Object Repository/Product details/h1_productName' is present

2022-01-15 11:01:16 - [MESSAGE][PASSED] - Text of object 'Object Repository/Product details/h1_productName' is: 'X-SMALL BLANKET BAG W/NON-WOVEN SIDES - 15" X 18" X 3" - 12/PACK - BLACK'

2022-01-15 11:01:16 - [MESSAGE][PASSED] - Text of object 'Object Repository/Product details/span_productPrice' is: '$8.64'

2022-01-15 11:01:17 - [MESSAGE][PASSED] - Object 'Object Repository/Product details/a_blackColor' is present

2022-01-15 11:01:17 - [MESSAGE][PASSED] - Attribute 'class' of object 'Object Repository/Product details/a_blackColor' is: 'option-box selected'

2022-01-15 11:01:18 - [MESSAGE][PASSED] - Text of object 'Object Repository/Product details/span_selectedColor' is: 'BLACK'

2022-01-15 11:01:18 - [MESSAGE][PASSED] - Object 'Object Repository/Product details/i_favorite' is NOT visible

2022-01-15 11:01:18 - [MESSAGE][PASSED] - Object 'Object Repository/Product details/button_addToCart' is NOT visible

2022-01-15 11:01:18 - [TEST_STEP][PASSED] - ProductDetailsHelpers.hoverEffectAndClickXLargeSizeLink(): Get CSS 'background-color' value on 'Object Repository/Product details/button_addToCart' successfully: 'rgba(82, 36, 127, 1)'.

2022-01-15 11:01:19 - [MESSAGE][PASSED] - Object: 'Object Repository/Product details/a_xLargeLink' is hovered

2022-01-15 11:01:19 - [MESSAGE][PASSED] - Get CSS 'background-color' value on 'Object Repository/Product details/a_xLargeLink' successfully: 'rgba(119, 120, 123, 1)'.

2022-01-15 11:01:20 - [MESSAGE][PASSED] - Get CSS 'color' value on 'Object Repository/Product details/a_xLargeLink' successfully: 'rgba(255, 255, 255, 1)'.

2022-01-15 11:01:20 - [MESSAGE][PASSED] - Object: 'Object Repository/Product details/a_xLargeLink' is clicked on

2022-01-15 11:01:21 - [MESSAGE][PASSED] - Object 'Object Repository/Product details/h1_productName' is present

2022-01-15 11:01:22 - [MESSAGE][PASSED] - Text of object 'Object Repository/Product details/h1_productName' is: 'X-LARGE COMFORTER BAG W/NON-WOVEN SIDES - 26" X 29" X 10" - 12/PACK - BLACK'

2022-01-15 11:01:22 - [MESSAGE][PASSED] - Attribute 'class' of object '' is: 'xlarge option-box selected'

2022-01-15 11:01:22 - [MESSAGE][PASSED] - Get CSS 'background-color' value on '' successfully: 'rgba(65, 64, 66, 1)'.

2022-01-15 11:01:23 - [MESSAGE][PASSED] - Get CSS 'color' value on '' successfully: 'rgba(255, 255, 255, 1)'.

2022-01-15 11:01:23 - [MESSAGE][PASSED] - Text of object 'Object Repository/Product details/div_stockNotifcations' is: 'In Stock!'

2022-01-15 11:01:23 - [MESSAGE][PASSED] - Get CSS 'color' value on 'Object Repository/Product details/div_stockNotifcations' successfully: 'rgba(0, 137, 63, 1)'.

2022-01-15 11:01:24 - [MESSAGE][PASSED] - Text of object 'Object Repository/Product details/span_skuNumber' is: 'COMF26BK'

2022-01-15 11:01:24 - [MESSAGE][PASSED] - Current window's url is: 'https://www.cleanersupply.com/Bags/Plastic-Bags/Comforter/comforterblanket-bags-12pack/?sku=COMF26BK'

2022-01-15 11:01:24 - [MESSAGE][PASSED] - Text of object 'Object Repository/Product details/span_productSpecSize' is: '26" L x 29" H x 10" W'

2022-01-15 11:01:25 - [MESSAGE][PASSED] - Keys 'BACK_SPACE + 5' sent to object: 'Object Repository/Product details/input_productQuantity'

2022-01-15 11:01:26 - [MESSAGE][PASSED] - Attribute 'value' of object 'Object Repository/Product details/input_productQuantity' is: '5'

2022-01-15 11:01:26 - [MESSAGE][PASSED] - Text of object 'Object Repository/Product details/span_productPrice' is: '$14.88'

2022-01-15 11:01:27 - [MESSAGE][PASSED] - Object 'Object Repository/Product details/i_favorite' is visible

2022-01-15 11:01:28 - [MESSAGE][PASSED] - Object 'Object Repository/Product details/button_addToCart' is visible

2022-01-15 11:01:28 - [MESSAGE][PASSED] - Get CSS 'background-color' value on 'Object Repository/Product details/button_addToCart' successfully: 'rgba(82, 36, 127, 1)'.

2022-01-15 11:01:28 - [TEST_STEP][PASSED] - ProductDetailsHelpers.selectGreenColor(): Current window's url is: 'https://www.cleanersupply.com/Bags/Plastic-Bags/Comforter/comforterblanket-bags-12pack/?sku=COMF26GN'

2022-01-15 11:01:29 - [MESSAGE][PASSED] - Object: 'Object Repository/Product details/a_greenColor' is clicked on

2022-01-15 11:01:30 - [MESSAGE][PASSED] - Object 'Object Repository/Product details/a_greenColor' is present

2022-01-15 11:01:30 - [MESSAGE][PASSED] - Attribute 'class' of object 'Object Repository/Product details/a_greenColor' is: 'option-box selected'

2022-01-15 11:01:30 - [MESSAGE][PASSED] - Text of object 'Object Repository/Product details/span_selectedColor' is: 'GREEN'

2022-01-15 11:01:31 - [MESSAGE][PASSED] - Object 'Object Repository/Product details/h1_productName' is present

2022-01-15 11:01:31 - [MESSAGE][PASSED] - Text of object 'Object Repository/Product details/h1_productName' is: 'X-LARGE COMFORTER BAG W/NON-WOVEN SIDES - 26" X 29" X 10" - 12/PACK - GREEN'

2022-01-15 11:01:31 - [MESSAGE][PASSED] - Text of object 'Object Repository/Product details/span_skuNumber' is: 'COMF26GN'

2022-01-15 11:01:31 - [MESSAGE][PASSED] - Current window's url is: 'https://www.cleanersupply.com/Bags/Plastic-Bags/Comforter/comforterblanket-bags-12pack/?sku=COMF26GN'

2022-01-15 11:01:31 - [TEST_STEP][PASSED] - ProductDetailsHelpers.addProductToCart(): Object: 'Object Repository/Product details/button_addToCart' is clicked on

2022-01-15 11:01:32 - [MESSAGE][PASSED] - Object: 'Object Repository/Product details/div_addToCartContainer' is hovered

2022-01-15 11:01:32 - [MESSAGE][PASSED] - Get CSS 'box-shadow' value on 'Object Repository/Product details/div_addToCartContainer' successfully: 'rgba(0, 0, 0, 0.3) 0px 0px 10px 2px'.

2022-01-15 11:01:33 - [MESSAGE][PASSED] - Text of object 'Object Repository/Product details/h1_productName' is: 'X-LARGE COMFORTER BAG W/NON-WOVEN SIDES - 26" X 29" X 10" - 12/PACK - GREEN'

2022-01-15 11:01:33 - [MESSAGE][PASSED] - Attribute 'value' of object 'Object Repository/Product details/input_productQuantity' is: '5'

2022-01-15 11:01:33 - [MESSAGE][PASSED] - Text of object 'Object Repository/Product details/span_skuNumber' is: 'COMF26GN'

2022-01-15 11:01:34 - [MESSAGE][PASSED] - Text of object 'Object Repository/Product details/span_productPrice' is: '$14.52'

2022-01-15 11:01:34 - [MESSAGE][PASSED] - Object: 'Object Repository/Product details/button_addToCart' is clicked on

2022-01-15 11:01:34 - [TEST_STEP][PASSED] - MiniCartHelpers.hoverOnMiniCartHeader(): Text of object 'Object Repository/Mini Cart/span_cartCounterPadge' is: '1'

2022-01-15 11:01:36 - [MESSAGE][PASSED] - Object: 'Object Repository/Mini Cart/a_miniCartLink' is hovered

2022-01-15 11:01:36 - [MESSAGE][PASSED] - Get CSS 'background-color' value on 'Object Repository/Mini Cart/a_miniCartLink' successfully: 'rgba(255, 255, 255, 1)'.

2022-01-15 11:01:36 - [MESSAGE][PASSED] - Get CSS 'color' value on 'Object Repository/Mini Cart/a_miniCartLink' successfully: 'rgba(82, 36, 127, 1)'.

2022-01-15 11:01:38 - [MESSAGE][PASSED] - Text of object 'Object Repository/Mini Cart/span_miniCartSubTotal' is: '$72.60'

2022-01-15 11:01:39 - [MESSAGE][PASSED] - Text of object 'Object Repository/Mini Cart/span_cartCounterPadge' is: '1'

2022-01-15 11:01:40 - [TEST_STEP][PASSED] - ProductDetailsHelpers.hoverEffectAndClickLargeSizeLink(): Get CSS 'background-color' value on 'Object Repository/Product details/button_addToCart' successfully: 'rgba(82, 36, 127, 1)'.

2022-01-15 11:01:40 - [MESSAGE][PASSED] - Object: 'Object Repository/Product details/a_largeLink' is hovered

2022-01-15 11:01:41 - [MESSAGE][PASSED] - Object: 'Object Repository/Product details/a_largeLink' is clicked on

2022-01-15 11:01:42 - [MESSAGE][PASSED] - Attribute 'class' of object '' is: 'xlarge option-box selected'

2022-01-15 11:01:42 - [MESSAGE][PASSED] - Get CSS 'background-color' value on '' successfully: 'rgba(65, 64, 66, 1)'.

2022-01-15 11:01:42 - [MESSAGE][PASSED] - Get CSS 'color' value on '' successfully: 'rgba(255, 255, 255, 1)'.

2022-01-15 11:01:43 - [MESSAGE][PASSED] - Object 'Object Repository/Product details/h1_productName' is present

2022-01-15 11:01:43 - [MESSAGE][PASSED] - Text of object 'Object Repository/Product details/h1_productName' is: 'LARGE COMFORTER BAG W/NON-WOVEN SIDES - 24" X 27" X 8" - 12/PACK - GREEN'

2022-01-15 11:01:43 - [MESSAGE][PASSED] - Text of object 'Object Repository/Product details/span_skuNumber' is: 'COMF24GN'

2022-01-15 11:01:43 - [MESSAGE][PASSED] - Current window's url is: 'https://www.cleanersupply.com/Bags/Plastic-Bags/Comforter/comforterblanket-bags-12pack/?sku=COMF24GN'

2022-01-15 11:01:44 - [MESSAGE][PASSED] - Text of object 'Object Repository/Product details/span_productSpecSize' is: '24" L x 27" H x 8" W'

2022-01-15 11:01:45 - [MESSAGE][PASSED] - Keys 'BACK_SPACE + 4' sent to object: 'Object Repository/Product details/input_productQuantity'

2022-01-15 11:01:45 - [MESSAGE][PASSED] - Attribute 'value' of object 'Object Repository/Product details/input_productQuantity' is: '4'

2022-01-15 11:01:46 - [MESSAGE][PASSED] - Text of object 'Object Repository/Product details/span_productPrice' is: '$13.56'

2022-01-15 11:01:47 - [MESSAGE][PASSED] - Object 'Object Repository/Product details/i_favorite' is visible

2022-01-15 11:01:48 - [MESSAGE][PASSED] - Object 'Object Repository/Product details/button_addToCart' is visible

2022-01-15 11:01:48 - [MESSAGE][PASSED] - Get CSS 'background-color' value on 'Object Repository/Product details/button_addToCart' successfully: 'rgba(82, 36, 127, 1)'.

2022-01-15 11:01:48 - [TEST_STEP][PASSED] - ProductDetailsHelpers.selectRoyalBlueColor(): Current window's url is: 'https://www.cleanersupply.com/Bags/Plastic-Bags/Comforter/comforterblanket-bags-12pack/?sku=COMF24RO'

2022-01-15 11:01:49 - [MESSAGE][PASSED] - Object: 'Object Repository/Product details/a_royalBlueColor' is clicked on

2022-01-15 11:01:50 - [MESSAGE][PASSED] - Object 'Object Repository/Product details/a_royalBlueColor' is present

2022-01-15 11:01:51 - [MESSAGE][PASSED] - Attribute 'class' of object 'Object Repository/Product details/a_royalBlueColor' is: 'option-box selected'

2022-01-15 11:01:51 - [MESSAGE][PASSED] - Text of object 'Object Repository/Product details/span_selectedColor' is: 'ROYAL BLUE'

2022-01-15 11:01:51 - [MESSAGE][PASSED] - Object 'Object Repository/Product details/h1_productName' is present

2022-01-15 11:01:52 - [MESSAGE][PASSED] - Text of object 'Object Repository/Product details/h1_productName' is: 'LARGE COMFORTER BAG W/NON-WOVEN SIDES - 24" X 27" X 8" - 12/PACK - ROYAL BLUE'

2022-01-15 11:01:52 - [MESSAGE][PASSED] - Text of object 'Object Repository/Product details/span_skuNumber' is: 'COMF24RO'

2022-01-15 11:01:52 - [MESSAGE][PASSED] - Current window's url is: 'https://www.cleanersupply.com/Bags/Plastic-Bags/Comforter/comforterblanket-bags-12pack/?sku=COMF24RO'

2022-01-15 11:01:52 - [TEST_STEP][PASSED] - ProductDetailsHelpers.addProductToCart(): Object: 'Object Repository/Product details/button_addToCart' is clicked on

2022-01-15 11:01:53 - [MESSAGE][PASSED] - Object: 'Object Repository/Product details/div_addToCartContainer' is hovered

2022-01-15 11:01:53 - [MESSAGE][PASSED] - Get CSS 'box-shadow' value on 'Object Repository/Product details/div_addToCartContainer' successfully: 'rgba(0, 0, 0, 0.3) 0px 0px 10px 2px'.

2022-01-15 11:01:54 - [MESSAGE][PASSED] - Text of object 'Object Repository/Product details/h1_productName' is: 'LARGE COMFORTER BAG W/NON-WOVEN SIDES - 24" X 27" X 8" - 12/PACK - ROYAL BLUE'

2022-01-15 11:01:54 - [MESSAGE][PASSED] - Attribute 'value' of object 'Object Repository/Product details/input_productQuantity' is: '4'

2022-01-15 11:01:54 - [MESSAGE][PASSED] - Text of object 'Object Repository/Product details/span_skuNumber' is: 'COMF24RO'

2022-01-15 11:01:55 - [MESSAGE][PASSED] - Text of object 'Object Repository/Product details/span_productPrice' is: '$12.72'

2022-01-15 11:01:55 - [MESSAGE][PASSED] - Object: 'Object Repository/Product details/button_addToCart' is clicked on

2022-01-15 11:01:55 - [TEST_STEP][PASSED] - MiniCartHelpers.hoverOnMiniCartHeader(): Text of object 'Object Repository/Mini Cart/span_cartCounterPadge' is: '2'

2022-01-15 11:01:56 - [MESSAGE][PASSED] - Object: 'Object Repository/Mini Cart/a_miniCartLink' is hovered

2022-01-15 11:01:57 - [MESSAGE][PASSED] - Get CSS 'background-color' value on 'Object Repository/Mini Cart/a_miniCartLink' successfully: 'rgba(255, 255, 255, 1)'.

2022-01-15 11:01:57 - [MESSAGE][PASSED] - Get CSS 'color' value on 'Object Repository/Mini Cart/a_miniCartLink' successfully: 'rgba(82, 36, 127, 1)'.

2022-01-15 11:01:59 - [MESSAGE][PASSED] - Text of object 'Object Repository/Mini Cart/span_miniCartSubTotal' is: '$123.48'

2022-01-15 11:02:00 - [MESSAGE][PASSED] - Text of object 'Object Repository/Mini Cart/span_cartCounterPadge' is: '2'

2022-01-15 11:02:01 - [TEST_STEP][PASSED] - MiniCartActions.navigateToCartPage(): Object: 'Object Repository/Mini Cart/a_miniCartLink' is clicked on

2022-01-15 11:02:08 - [MESSAGE][PASSED] - Object: 'Object Repository/Mini Cart/a_miniCartLink' is clicked on

2022-01-15 11:02:08 - [TEST_STEP][PASSED] - ShoppingCartHelpers.navigateToCartPage(): Text of object 'Object Repository/Shopping Cart/td_summaryTotalSubTotal' is: '$123.48'

2022-01-15 11:02:16 - [MESSAGE][PASSED] - Text of object 'Object Repository/Mini Cart/span_cartCounterPadge' is: '2'

2022-01-15 11:02:16 - [MESSAGE][PASSED] - Text of object 'Object Repository/Shopping Cart/td_summaryTableItemCount' is: 'SUBTOTAL (2 ITEMS)'

2022-01-15 11:02:18 - [MESSAGE][PASSED] - Text of object 'Object Repository/Shopping Cart/td_summaryTableTotal' is: '$123.48'

2022-01-15 11:02:18 - [MESSAGE][PASSED] - Text of object 'Object Repository/Shopping Cart/td_summaryTotalSubTotal' is: '$123.48'

2022-01-15 11:02:19 - [TEST_STEP][PASSED] - ShoppingCartHelpers.updateQuantities(): Text of object 'Object Repository/Shopping Cart/td_summaryTotalSubTotal' is: '$108.96'

2022-01-15 11:02:21 - [MESSAGE][PASSED] - Attribute 'value' of object '' is: '4'

2022-01-15 11:02:21 - [MESSAGE][PASSED] - Attribute 'value' of object '' is: '4'

2022-01-15 11:02:22 - [MESSAGE][PASSED] - Object: 'Object Repository/Shopping Cart/td_summaryTableItemCount' is clicked on

2022-01-15 11:02:25 - [MESSAGE][PASSED] - Text of object 'Object Repository/Shopping Cart/td_summaryTableTotal' is: '$108.96'

2022-01-15 11:02:26 - [MESSAGE][PASSED] - Text of object 'Object Repository/Shopping Cart/td_summaryTotalSubTotal' is: '$108.96'

2022-01-15 11:02:26 - [TEST_STEP][PASSED] - ShoppingCartHelpers.navigateToCheckoutPage(): Object: 'Object Repository/Shopping Cart/button_proceedToCheckout' is clicked on

2022-01-15 11:02:26 - [MESSAGE][PASSED] - Object: 'Object Repository/Shopping Cart/a_shoppingCartProductTitle' is hovered

2022-01-15 11:02:27 - [MESSAGE][PASSED] - Get CSS 'background-color' value on 'Object Repository/Shopping Cart/button_proceedToCheckout' successfully: 'rgba(82, 36, 127, 1)'.

2022-01-15 11:02:27 - [MESSAGE][PASSED] - Get CSS 'color' value on 'Object Repository/Shopping Cart/button_proceedToCheckout' successfully: 'rgba(255, 255, 255, 1)'.

2022-01-15 11:02:28 - [MESSAGE][PASSED] - Object: 'Object Repository/Shopping Cart/button_proceedToCheckout' is hovered

2022-01-15 11:02:28 - [MESSAGE][PASSED] - Get CSS 'box-shadow' value on 'Object Repository/Shopping Cart/button_proceedToCheckout' successfully: 'rgba(0, 0, 0, 0.3) 0px 0px 10px 2px'.

2022-01-15 11:02:30 - [MESSAGE][PASSED] - Object: 'Object Repository/Shopping Cart/button_proceedToCheckout' is clicked on

2022-01-15 11:02:30 - [TEST_STEP][PASSED] - CheckoutPageHelpers.initCheckoutPage(): Unable to find the element located by 'By.xpath: '. Please recheck the objects properties to make sure the desired element is located. 

2022-01-15 11:02:31 - [MESSAGE][PASSED] - Text of object 'Object Repository/CheckOut/span_checkoutTitleTotal' is: '$108.96'

2022-01-15 11:02:32 - [MESSAGE][PASSED] - Text of object 'Object Repository/CheckOut/td_summaryTableTotal' is: '$108.96'

2022-01-15 11:02:32 - [MESSAGE][PASSED] - Text of object 'Object Repository/CheckOut/td_summaryTotalSubTotal' is: '$108.96'

2022-01-15 11:02:32 - [MESSAGE][PASSED] - Text of object 'Object Repository/CheckOut/label_checkoutAsGuest' is: 'Checkout as Guest'

2022-01-15 11:02:32 - [MESSAGE][PASSED] - Object 'Object Repository/CheckOut/input_checkoutAsGuestRadioButton' is checked

2022-01-15 11:02:35 - [MESSAGE][INFO] - Unable to find the element located by 'By.cssSelector: table.product-table tbody tr td.product-table__price'. Please recheck the objects properties to make sure the desired element is located. 

2022-01-15 11:02:35 - [MESSAGE][WARNING] - [SELF-HEALING] Failed to find element with id 'Object Repository/Shopping Cart/td_shoppingCartProductPrice'. Try using Self-healing.

2022-01-15 11:02:35 - [MESSAGE][WARNING] - [SELF-HEALING] Cannot find elements when the XPath is null.

2022-01-15 11:02:36 - [MESSAGE][INFO] - Unable to find the element located by 'By.xpath: '. Please recheck the objects properties to make sure the desired element is located. 

2022-01-15 11:02:38 - [MESSAGE][INFO] - Unable to find the element located by 'By.cssSelector: table.product-table tbody tr td.product-table__quantity input[name="quantity"]'. Please recheck the objects properties to make sure the desired element is located. 

2022-01-15 11:02:38 - [MESSAGE][WARNING] - [SELF-HEALING] Failed to find element with id 'Object Repository/Shopping Cart/input_shoppingCartProductQuantity'. Try using Self-healing.

2022-01-15 11:02:38 - [MESSAGE][WARNING] - [SELF-HEALING] Cannot find elements when the XPath is null.

2022-01-15 11:02:39 - [MESSAGE][INFO] - Unable to find the element located by 'By.xpath: '. Please recheck the objects properties to make sure the desired element is located. 

2022-01-15 11:02:41 - [MESSAGE][INFO] - Unable to find the element located by 'By.cssSelector: table.product-table tbody tr td.product-table__total'. Please recheck the objects properties to make sure the desired element is located. 

2022-01-15 11:02:41 - [MESSAGE][WARNING] - [SELF-HEALING] Failed to find element with id 'Object Repository/Shopping Cart/td_shoppingCartProductTotal'. Try using Self-healing.

2022-01-15 11:02:41 - [MESSAGE][WARNING] - [SELF-HEALING] Cannot find elements when the XPath is null.

2022-01-15 11:02:43 - [MESSAGE][INFO] - Unable to find the element located by 'By.xpath: '. Please recheck the objects properties to make sure the desired element is located. 

2022-01-15 11:02:45 - [TEST_STEP][PASSED] - CheckoutPageHelpers.navigateToCheckoutInformationForm(): Object: 'Object Repository/CheckOut/button_continueButton' is clicked on

2022-01-15 11:02:47 - [MESSAGE][PASSED] - Object: 'Object Repository/CheckOut/button_continueButton' is clicked on

2022-01-15 11:02:47 - [TEST_STEP][PASSED] - checkOutFormHelper.fillCheckOutForm(): Object: 'Object Repository/CheckOutForm/a_reviewOrder' is clicked on

2022-01-15 11:02:47 - [MESSAGE][PASSED] - Current window's title is: 'Checkout - Cleaner's Supply'

2022-01-15 11:02:47 - [MESSAGE][PASSED] - Current window's url is: 'https://www.cleanersupply.com/checkout/'

2022-01-15 11:02:48 - [MESSAGE][PASSED] - Text of object 'Object Repository/CheckOutForm/h1_checkOutHeader' is: 'CHECKOUT'

2022-01-15 11:02:48 - [MESSAGE][PASSED] - Object: 'Object Repository/CheckOutForm/input_company' is focused

2022-01-15 11:02:49 - [MESSAGE][PASSED] - Get CSS 'box-shadow' value on 'Object Repository/CheckOutForm/input_company' successfully: 'rgb(99, 99, 99) 0px -3px 0px 0px inset'.

2022-01-15 11:02:49 - [MESSAGE][PASSED] - Get CSS 'border-color' value on 'Object Repository/CheckOutForm/input_company' successfully: 'rgb(99, 99, 99)'.

2022-01-15 11:02:49 - [MESSAGE][PASSED] - Actual object 'rgb(99, 99, 99) 0px -3px 0px 0px inset' and expected object 'rgb(99, 99, 99) 0px -3px 0px 0px inset' are equal

2022-01-15 11:02:49 - [MESSAGE][PASSED] - Actual object 'rgb(99, 99, 99)' and expected object 'rgb(99, 99, 99)' are equal

2022-01-15 11:02:50 - [MESSAGE][PASSED] - Text 'testCompany' is set on object 'Object Repository/CheckOutForm/input_company'

2022-01-15 11:02:51 - [MESSAGE][PASSED] - Object: 'Object Repository/CheckOutForm/input_fname' is focused

2022-01-15 11:02:51 - [MESSAGE][PASSED] - Get CSS 'box-shadow' value on 'Object Repository/CheckOutForm/input_fname' successfully: 'rgb(99, 99, 99) 0px -3px 0px 0px inset'.

2022-01-15 11:02:51 - [MESSAGE][PASSED] - Get CSS 'border-color' value on 'Object Repository/CheckOutForm/input_fname' successfully: 'rgb(99, 99, 99)'.

2022-01-15 11:02:51 - [MESSAGE][PASSED] - Actual object 'rgb(99, 99, 99) 0px -3px 0px 0px inset' and expected object 'rgb(99, 99, 99) 0px -3px 0px 0px inset' are equal

2022-01-15 11:02:51 - [MESSAGE][PASSED] - Actual object 'rgb(99, 99, 99)' and expected object 'rgb(99, 99, 99)' are equal

2022-01-15 11:02:52 - [MESSAGE][PASSED] - Text 'FNameTest' is set on object 'Object Repository/CheckOutForm/input_fname'

2022-01-15 11:02:53 - [MESSAGE][PASSED] - Object: 'Object Repository/CheckOutForm/input_lNAme' is focused

2022-01-15 11:02:53 - [MESSAGE][PASSED] - Get CSS 'box-shadow' value on 'Object Repository/CheckOutForm/input_lNAme' successfully: 'rgb(99, 99, 99) 0px -3px 0px 0px inset'.

2022-01-15 11:02:53 - [MESSAGE][PASSED] - Get CSS 'border-color' value on 'Object Repository/CheckOutForm/input_lNAme' successfully: 'rgb(99, 99, 99)'.

2022-01-15 11:02:53 - [MESSAGE][PASSED] - Actual object 'rgb(99, 99, 99) 0px -3px 0px 0px inset' and expected object 'rgb(99, 99, 99) 0px -3px 0px 0px inset' are equal

2022-01-15 11:02:53 - [MESSAGE][PASSED] - Actual object 'rgb(99, 99, 99)' and expected object 'rgb(99, 99, 99)' are equal

2022-01-15 11:02:54 - [MESSAGE][PASSED] - Text 'lnameValueTest' is set on object 'Object Repository/CheckOutForm/input_lNAme'

2022-01-15 11:02:55 - [MESSAGE][PASSED] - Object: 'Object Repository/CheckOutForm/input_address' is focused

2022-01-15 11:02:55 - [MESSAGE][PASSED] - Get CSS 'box-shadow' value on 'Object Repository/CheckOutForm/input_address' successfully: 'rgb(99, 99, 99) 0px -3px 0px 0px inset'.

2022-01-15 11:02:56 - [MESSAGE][PASSED] - Get CSS 'border-color' value on 'Object Repository/CheckOutForm/input_address' successfully: 'rgb(99, 99, 99)'.

2022-01-15 11:02:56 - [MESSAGE][PASSED] - Actual object 'rgb(99, 99, 99) 0px -3px 0px 0px inset' and expected object 'rgb(99, 99, 99) 0px -3px 0px 0px inset' are equal

2022-01-15 11:02:56 - [MESSAGE][PASSED] - Actual object 'rgb(99, 99, 99)' and expected object 'rgb(99, 99, 99)' are equal

2022-01-15 11:02:57 - [MESSAGE][PASSED] - Text 'addres1Test' is set on object 'Object Repository/CheckOutForm/input_address'

2022-01-15 11:02:57 - [MESSAGE][PASSED] - Object: 'Object Repository/CheckOutForm/input_address2' is focused

2022-01-15 11:02:57 - [MESSAGE][PASSED] - Get CSS 'box-shadow' value on 'Object Repository/CheckOutForm/input_address2' successfully: 'rgb(99, 99, 99) 0px -3px 0px 0px inset'.

2022-01-15 11:02:58 - [MESSAGE][PASSED] - Get CSS 'border-color' value on 'Object Repository/CheckOutForm/input_address2' successfully: 'rgb(99, 99, 99)'.

2022-01-15 11:02:58 - [MESSAGE][PASSED] - Actual object 'rgb(99, 99, 99) 0px -3px 0px 0px inset' and expected object 'rgb(99, 99, 99) 0px -3px 0px 0px inset' are equal

2022-01-15 11:02:58 - [MESSAGE][PASSED] - Actual object 'rgb(99, 99, 99)' and expected object 'rgb(99, 99, 99)' are equal

2022-01-15 11:02:59 - [MESSAGE][PASSED] - Text 'address2 test' is set on object 'Object Repository/CheckOutForm/input_address2'

2022-01-15 11:02:59 - [MESSAGE][PASSED] - Object: 'Object Repository/CheckOutForm/input_zipCode' is focused

2022-01-15 11:03:00 - [MESSAGE][PASSED] - Get CSS 'box-shadow' value on 'Object Repository/CheckOutForm/input_zipCode' successfully: 'rgb(99, 99, 99) 0px -3px 0px 0px inset'.

2022-01-15 11:03:00 - [MESSAGE][PASSED] - Get CSS 'border-color' value on 'Object Repository/CheckOutForm/input_zipCode' successfully: 'rgb(99, 99, 99)'.

2022-01-15 11:03:00 - [MESSAGE][PASSED] - Actual object 'rgb(99, 99, 99) 0px -3px 0px 0px inset' and expected object 'rgb(99, 99, 99) 0px -3px 0px 0px inset' are equal

2022-01-15 11:03:00 - [MESSAGE][PASSED] - Actual object 'rgb(99, 99, 99)' and expected object 'rgb(99, 99, 99)' are equal

2022-01-15 11:03:01 - [MESSAGE][PASSED] - Text '55555' is set on object 'Object Repository/CheckOutForm/input_zipCode'

2022-01-15 11:03:01 - [MESSAGE][PASSED] - Object: 'Object Repository/CheckOutForm/input_city' is focused

2022-01-15 11:03:02 - [MESSAGE][PASSED] - Get CSS 'box-shadow' value on 'Object Repository/CheckOutForm/input_city' successfully: 'rgb(99, 99, 99) 0px -3px 0px 0px inset'.

[...]

2022-01-15 11:20:35 - [MESSAGE][WARNING] - A browser is already opened. Closing browser and opening a new one

2022-01-15 11:20:36 - [MESSAGE][INFO] - Starting 'Firefox' driver

2022-01-15 11:20:36 - [MESSAGE][INFO] - Action delay is set to 0 milliseconds

2022-01-15 11:20:39 - [MESSAGE][PASSED] - Browser is opened with url: ''

2022-01-15 11:20:40 - [MESSAGE][PASSED] - Current window maximized

2022-01-15 11:20:48 - [MESSAGE][PASSED] - Navigate to 'https://www.cleanersupply.com/' successfully

2022-01-15 11:20:48 - [MESSAGE][PASSED] - Wait for page load successfully

2022-01-15 11:20:48 - [MESSAGE][PASSED] - Current window's title is: 'Cleaner's Supply - Dry Cleaning Supplies'

2022-01-15 11:20:48 - [MESSAGE][PASSED] - Current window's title is: 'Cleaner's Supply - Dry Cleaning Supplies'

2022-01-15 11:20:48 - [MESSAGE][PASSED] - Current window's url is: 'https://www.cleanersupply.com/'

2022-01-15 11:20:48 - [TEST_STEP][PASSED] - defaultFooterValidatins.verifyExistingOftopFooterImage(): Object 'Object Repository/defaultFooter/img_topFooter' is visible

2022-01-15 11:20:58 - [MESSAGE][PASSED] - Object 'Object Repository/defaultFooter/img_topFooter' is visible

2022-01-15 11:20:58 - [TEST_STEP][FAILED] - defaultFooterValidatins.verifyBackGroundandMaxHeightOfTopFooter(): Cannot get CSS 'background' value on 'Object Repository/defaultFooter/div_topFooter'. (Root cause: com.kms.katalon.core.exception.StepFailedException: Cannot get CSS 'background' value on 'Object Repository/defaultFooter/div_topFooter'.
	at com.kms.katalon.core.webui.keyword.internal.WebUIKeywordMain.stepFailed(WebUIKeywordMain.groovy:64)
	at com.kms.katalon.core.webui.keyword.internal.WebUIKeywordMain.runKeyword(WebUIKeywordMain.groovy:26)
	at com.kms.katalon.core.webui.keyword.builtin.getCSSValueKeyword.getCSSValue(GetCSSValueKeyword.groovy:84)
	at com.kms.katalon.core.webui.keyword.builtin.getCSSValueKeyword.execute(GetCSSValueKeyword.groovy:68)
	at com.kms.katalon.core.keyword.internal.KeywordExecutor.executeKeywordForPlatform(KeywordExecutor.groovy:74)
	at com.kms.katalon.core.webui.keyword.WebUiBuiltInKeywords.getCSSValue(WebUiBuiltInKeywords.groovy:4594)
	at com.kms.katalon.core.webui.keyword.WebUiBuiltInKeywords$getCSSValue$6.call(Unknown Source)
	at validation.defaultFooterValidatins.verifyBackGroundandMaxHeightOfTopFooter(defaultFooterValidatins.groovy:33)
	at validation.defaultFooterValidatins$verifyBackGroundandMaxHeightOfTopFooter$0.call(Unknown Source)
	at Footer TC.run(Footer TC:25)
	at com.kms.katalon.core.main.ScriptEngine.run(ScriptEngine.java:194)
	at com.kms.katalon.core.main.ScriptEngine.runScriptAsRawText(ScriptEngine.java:119)
	at com.kms.katalon.core.main.TestCaseExecutor.runScript(TestCaseExecutor.java:442)
	at com.kms.katalon.core.main.TestCaseExecutor.doExecute(TestCaseExecutor.java:433)
	at com.kms.katalon.core.main.TestCaseExecutor.processExecutionPhase(TestCaseExecutor.java:412)
	at com.kms.katalon.core.main.TestCaseExecutor.accessMainPhase(TestCaseExecutor.java:404)
	at com.kms.katalon.core.main.TestCaseExecutor.execute(TestCaseExecutor.java:281)
	at com.kms.katalon.core.main.TestCaseExecutor.execute(TestCaseExecutor.java:363)
	at com.kms.katalon.core.main.TestCaseExecutor.execute(TestCaseExecutor.java:363)
	at com.kms.katalon.core.main.TestCaseExecutor.execute(TestCaseExecutor.java:363)
	at com.kms.katalon.core.main.TestSuiteExecutor.accessTestCaseMainPhase(TestSuiteExecutor.java:202)
	at com.kms.katalon.core.main.TestSuiteExecutor.accessTestSuiteMainPhase(TestSuiteExecutor.java:164)
	at com.kms.katalon.core.main.TestSuiteExecutor.execute(TestSuiteExecutor.java:105)
	at com.kms.katalon.core.main.TestCaseMain.startTestSuite(TestCaseMain.java:181)
	at com.kms.katalon.core.main.TestCaseMain$startTestSuite$0.call(Unknown Source)
	at TempTestSuite1642237148345.run(TempTestSuite1642237148345.groovy:36)
Caused by: com.kms.katalon.core.exception.StepFailedException: Cannot get CSS 'background' value on 'Object Repository/defaultFooter/div_topFooter'.
	at com.kms.katalon.core.webui.keyword.internal.WebUIKeywordMain.stepFailed(WebUIKeywordMain.groovy:64)
	at com.kms.katalon.core.webui.keyword.builtin.getCSSValueKeyword$_getCSSValue_closure1.doCall(GetCSSValueKeyword.groovy:79)
	at com.kms.katalon.core.webui.keyword.builtin.getCSSValueKeyword$_getCSSValue_closure1.call(GetCSSValueKeyword.groovy)
	at com.kms.katalon.core.webui.keyword.internal.WebUIKeywordMain.runKeyword(WebUIKeywordMain.groovy:20)
	... 24 more
)

2022-01-15 11:20:59 - [MESSAGE][FAILED] - Cannot get CSS 'background' value on 'Object Repository/defaultFooter/div_topFooter'. (Root cause: com.kms.katalon.core.exception.StepFailedException: Cannot get CSS 'background' value on 'Object Repository/defaultFooter/div_topFooter'.
	at com.kms.katalon.core.webui.keyword.internal.WebUIKeywordMain.stepFailed(WebUIKeywordMain.groovy:64)
	at com.kms.katalon.core.webui.keyword.builtin.getCSSValueKeyword$_getCSSValue_closure1.doCall(GetCSSValueKeyword.groovy:79)
	at com.kms.katalon.core.webui.keyword.builtin.getCSSValueKeyword$_getCSSValue_closure1.call(GetCSSValueKeyword.groovy)
	at com.kms.katalon.core.webui.keyword.internal.WebUIKeywordMain.runKeyword(WebUIKeywordMain.groovy:20)
	at com.kms.katalon.core.webui.keyword.builtin.getCSSValueKeyword.getCSSValue(GetCSSValueKeyword.groovy:84)
	at com.kms.katalon.core.webui.keyword.builtin.getCSSValueKeyword.execute(GetCSSValueKeyword.groovy:68)
	at com.kms.katalon.core.keyword.internal.KeywordExecutor.executeKeywordForPlatform(KeywordExecutor.groovy:74)
	at com.kms.katalon.core.webui.keyword.WebUiBuiltInKeywords.getCSSValue(WebUiBuiltInKeywords.groovy:4594)
	at com.kms.katalon.core.webui.keyword.WebUiBuiltInKeywords$getCSSValue$6.call(Unknown Source)
	at validation.defaultFooterValidatins.verifyBackGroundandMaxHeightOfTopFooter(defaultFooterValidatins.groovy:33)
	at validation.defaultFooterValidatins$verifyBackGroundandMaxHeightOfTopFooter$0.call(Unknown Source)
	at Footer TC.run(Footer TC:25)
	at com.kms.katalon.core.main.ScriptEngine.run(ScriptEngine.java:194)
	at com.kms.katalon.core.main.ScriptEngine.runScriptAsRawText(ScriptEngine.java:119)
	at com.kms.katalon.core.main.TestCaseExecutor.runScript(TestCaseExecutor.java:442)
	at com.kms.katalon.core.main.TestCaseExecutor.doExecute(TestCaseExecutor.java:433)
	at com.kms.katalon.core.main.TestCaseExecutor.processExecutionPhase(TestCaseExecutor.java:412)
	at com.kms.katalon.core.main.TestCaseExecutor.accessMainPhase(TestCaseExecutor.java:404)
	at com.kms.katalon.core.main.TestCaseExecutor.execute(TestCaseExecutor.java:281)
	at com.kms.katalon.core.main.TestCaseExecutor.execute(TestCaseExecutor.java:363)
	at com.kms.katalon.core.main.TestCaseExecutor.execute(TestCaseExecutor.java:363)
	at com.kms.katalon.core.main.TestCaseExecutor.execute(TestCaseExecutor.java:363)
	at com.kms.katalon.core.main.TestSuiteExecutor.accessTestCaseMainPhase(TestSuiteExecutor.java:202)
	at com.kms.katalon.core.main.TestSuiteExecutor.accessTestSuiteMainPhase(TestSuiteExecutor.java:164)
	at com.kms.katalon.core.main.TestSuiteExecutor.execute(TestSuiteExecutor.java:105)
	at com.kms.katalon.core.main.TestCaseMain.startTestSuite(TestCaseMain.java:181)
	at com.kms.katalon.core.main.TestCaseMain$startTestSuite$0.call(Unknown Source)
	at TempTestSuite1642237148345.run(TempTestSuite1642237148345.groovy:36)
)

2022-01-15 11:21:00 - [MESSAGE][FAILED] - Cannot get CSS 'background' value on 'Object Repository/defaultFooter/div_topFooter'. (Root cause: com.kms.katalon.core.exception.StepFailedException: Cannot get CSS 'background' value on 'Object Repository/defaultFooter/div_topFooter'.
	at com.kms.katalon.core.webui.keyword.internal.WebUIKeywordMain.stepFailed(WebUIKeywordMain.groovy:64)
	at com.kms.katalon.core.webui.keyword.internal.WebUIKeywordMain.runKeyword(WebUIKeywordMain.groovy:26)
	at com.kms.katalon.core.webui.keyword.builtin.getCSSValueKeyword.getCSSValue(GetCSSValueKeyword.groovy:84)
	at com.kms.katalon.core.webui.keyword.builtin.getCSSValueKeyword.execute(GetCSSValueKeyword.groovy:68)
	at com.kms.katalon.core.keyword.internal.KeywordExecutor.executeKeywordForPlatform(KeywordExecutor.groovy:74)
	at com.kms.katalon.core.webui.keyword.WebUiBuiltInKeywords.getCSSValue(WebUiBuiltInKeywords.groovy:4594)
	at com.kms.katalon.core.webui.keyword.WebUiBuiltInKeywords$getCSSValue$6.call(Unknown Source)
	at validation.defaultFooterValidatins.verifyBackGroundandMaxHeightOfTopFooter(defaultFooterValidatins.groovy:33)
	at validation.defaultFooterValidatins$verifyBackGroundandMaxHeightOfTopFooter$0.call(Unknown Source)
	at Footer TC.run(Footer TC:25)
	at com.kms.katalon.core.main.ScriptEngine.run(ScriptEngine.java:194)
	at com.kms.katalon.core.main.ScriptEngine.runScriptAsRawText(ScriptEngine.java:119)
	at com.kms.katalon.core.main.TestCaseExecutor.runScript(TestCaseExecutor.java:442)
	at com.kms.katalon.core.main.TestCaseExecutor.doExecute(TestCaseExecutor.java:433)
	at com.kms.katalon.core.main.TestCaseExecutor.processExecutionPhase(TestCaseExecutor.java:412)
	at com.kms.katalon.core.main.TestCaseExecutor.accessMainPhase(TestCaseExecutor.java:404)
	at com.kms.katalon.core.main.TestCaseExecutor.execute(TestCaseExecutor.java:281)
	at com.kms.katalon.core.main.TestCaseExecutor.execute(TestCaseExecutor.java:363)
	at com.kms.katalon.core.main.TestCaseExecutor.execute(TestCaseExecutor.java:363)
	at com.kms.katalon.core.main.TestCaseExecutor.execute(TestCaseExecutor.java:363)
	at com.kms.katalon.core.main.TestSuiteExecutor.accessTestCaseMainPhase(TestSuiteExecutor.java:202)
	at com.kms.katalon.core.main.TestSuiteExecutor.accessTestSuiteMainPhase(TestSuiteExecutor.java:164)
	at com.kms.katalon.core.main.TestSuiteExecutor.execute(TestSuiteExecutor.java:105)
	at com.kms.katalon.core.main.TestCaseMain.startTestSuite(TestCaseMain.java:181)
	at com.kms.katalon.core.main.TestCaseMain$startTestSuite$0.call(Unknown Source)
	at TempTestSuite1642237148345.run(TempTestSuite1642237148345.groovy:36)
Caused by: com.kms.katalon.core.exception.StepFailedException: Cannot get CSS 'background' value on 'Object Repository/defaultFooter/div_topFooter'.
	at com.kms.katalon.core.webui.keyword.internal.WebUIKeywordMain.stepFailed(WebUIKeywordMain.groovy:64)
	at com.kms.katalon.core.webui.keyword.builtin.getCSSValueKeyword$_getCSSValue_closure1.doCall(GetCSSValueKeyword.groovy:79)
	at com.kms.katalon.core.webui.keyword.builtin.getCSSValueKeyword$_getCSSValue_closure1.call(GetCSSValueKeyword.groovy)
	at com.kms.katalon.core.webui.keyword.internal.WebUIKeywordMain.runKeyword(WebUIKeywordMain.groovy:20)
	... 24 more
)
[[ATTACHMENT|/Users/waleedafifi/git/cleanersupply/Reports/20220115_105856/Footer/20220115_105908/1642238459263.png]]]]></system-out>
         <system-err><![CDATA[2022-01-15 11:20:35 - [TEST_CASE][FAILED] - Test Cases/Footer/Footer TC: Test Cases/Footer/Footer TC FAILED.
Reason:
com.kms.katalon.core.exception.StepFailedException: Cannot get CSS 'background' value on 'Object Repository/defaultFooter/div_topFooter'.
	at com.kms.katalon.core.webui.keyword.internal.WebUIKeywordMain.stepFailed(WebUIKeywordMain.groovy:64)
	at com.kms.katalon.core.webui.keyword.internal.WebUIKeywordMain.runKeyword(WebUIKeywordMain.groovy:26)
	at com.kms.katalon.core.webui.keyword.builtin.getCSSValueKeyword.getCSSValue(GetCSSValueKeyword.groovy:84)
	at com.kms.katalon.core.webui.keyword.builtin.getCSSValueKeyword.execute(GetCSSValueKeyword.groovy:68)
	at com.kms.katalon.core.keyword.internal.KeywordExecutor.executeKeywordForPlatform(KeywordExecutor.groovy:74)
	at com.kms.katalon.core.webui.keyword.WebUiBuiltInKeywords.getCSSValue(WebUiBuiltInKeywords.groovy:4594)
	at com.kms.katalon.core.webui.keyword.WebUiBuiltInKeywords$getCSSValue$6.call(Unknown Source)
	at validation.defaultFooterValidatins.verifyBackGroundandMaxHeightOfTopFooter(defaultFooterValidatins.groovy:33)
	at validation.defaultFooterValidatins$verifyBackGroundandMaxHeightOfTopFooter$0.call(Unknown Source)
	at Footer TC.run(Footer TC:25)
	at com.kms.katalon.core.main.ScriptEngine.run(ScriptEngine.java:194)
	at com.kms.katalon.core.main.ScriptEngine.runScriptAsRawText(ScriptEngine.java:119)
	at com.kms.katalon.core.main.TestCaseExecutor.runScript(TestCaseExecutor.java:442)
	at com.kms.katalon.core.main.TestCaseExecutor.doExecute(TestCaseExecutor.java:433)
	at com.kms.katalon.core.main.TestCaseExecutor.processExecutionPhase(TestCaseExecutor.java:412)
	at com.kms.katalon.core.main.TestCaseExecutor.accessMainPhase(TestCaseExecutor.java:404)
	at com.kms.katalon.core.main.TestCaseExecutor.execute(TestCaseExecutor.java:281)
	at com.kms.katalon.core.main.TestCaseExecutor.execute(TestCaseExecutor.java:363)
	at com.kms.katalon.core.main.TestCaseExecutor.execute(TestCaseExecutor.java:363)
	at com.kms.katalon.core.main.TestCaseExecutor.execute(TestCaseExecutor.java:363)
	at com.kms.katalon.core.main.TestSuiteExecutor.accessTestCaseMainPhase(TestSuiteExecutor.java:202)
	at com.kms.katalon.core.main.TestSuiteExecutor.accessTestSuiteMainPhase(TestSuiteExecutor.java:164)
	at com.kms.katalon.core.main.TestSuiteExecutor.execute(TestSuiteExecutor.java:105)
	at com.kms.katalon.core.main.TestCaseMain.startTestSuite(TestCaseMain.java:181)
	at com.kms.katalon.core.main.TestCaseMain$startTestSuite$0.call(Unknown Source)
	at TempTestSuite1642237148345.run(TempTestSuite1642237148345.groovy:36)
Caused by: com.kms.katalon.core.exception.StepFailedException: Cannot get CSS 'background' value on 'Object Repository/defaultFooter/div_topFooter'.
	at com.kms.katalon.core.webui.keyword.internal.WebUIKeywordMain.stepFailed(WebUIKeywordMain.groovy:64)
	at com.kms.katalon.core.webui.keyword.builtin.getCSSValueKeyword$_getCSSValue_closure1.doCall(GetCSSValueKeyword.groovy:79)
	at com.kms.katalon.core.webui.keyword.builtin.getCSSValueKeyword$_getCSSValue_closure1.call(GetCSSValueKeyword.groovy)
	at com.kms.katalon.core.webui.keyword.internal.WebUIKeywordMain.runKeyword(WebUIKeywordMain.groovy:20)
	... 24 more]]></system-err>
      </testcase>
      <system-out><![CDATA[2022-01-15 11:19:19 - [TEST_SUITE][FAILED] - Footer: Test Cases/Footer/Footer TC FAILED.
Reason:
com.kms.katalon.core.exception.StepFailedException: Cannot get CSS 'background' value on 'Object Repository/defaultFooter/div_topFooter'.
	at com.kms.katalon.core.webui.keyword.internal.WebUIKeywordMain.stepFailed(WebUIKeywordMain.groovy:64)
	at com.kms.katalon.core.webui.keyword.internal.WebUIKeywordMain.runKeyword(WebUIKeywordMain.groovy:26)
	at com.kms.katalon.core.webui.keyword.builtin.getCSSValueKeyword.getCSSValue(GetCSSValueKeyword.groovy:84)
	at com.kms.katalon.core.webui.keyword.builtin.getCSSValueKeyword.execute(GetCSSValueKeyword.groovy:68)
	at com.kms.katalon.core.keyword.internal.KeywordExecutor.executeKeywordForPlatform(KeywordExecutor.groovy:74)
	at com.kms.katalon.core.webui.keyword.WebUiBuiltInKeywords.getCSSValue(WebUiBuiltInKeywords.groovy:4594)
	at com.kms.katalon.core.webui.keyword.WebUiBuiltInKeywords$getCSSValue$6.call(Unknown Source)
	at validation.defaultFooterValidatins.verifyBackGroundandMaxHeightOfTopFooter(defaultFooterValidatins.groovy:33)
	at validation.defaultFooterValidatins$verifyBackGroundandMaxHeightOfTopFooter$0.call(Unknown Source)
	at Footer TC.run(Footer TC:25)
	at com.kms.katalon.core.main.ScriptEngine.run(ScriptEngine.java:194)
	at com.kms.katalon.core.main.ScriptEngine.runScriptAsRawText(ScriptEngine.java:119)
	at com.kms.katalon.core.main.TestCaseExecutor.runScript(TestCaseExecutor.java:442)
	at com.kms.katalon.core.main.TestCaseExecutor.doExecute(TestCaseExecutor.java:433)
	at com.kms.katalon.core.main.TestCaseExecutor.processExecutionPhase(TestCaseExecutor.java:412)
	at com.kms.katalon.core.main.TestCaseExecutor.accessMainPhase(TestCaseExecutor.java:404)
	at com.kms.katalon.core.main.TestCaseExecutor.execute(TestCaseExecutor.java:281)
	at com.kms.katalon.core.main.TestSuiteExecutor.accessTestCaseMainPhase(TestSuiteExecutor.java:202)
	at com.kms.katalon.core.main.TestSuiteExecutor.accessTestSuiteMainPhase(TestSuiteExecutor.java:164)
	at com.kms.katalon.core.main.TestSuiteExecutor.execute(TestSuiteExecutor.java:105)
	at com.kms.katalon.core.main.TestCaseMain.startTestSuite(TestCaseMain.java:181)
	at com.kms.katalon.core.main.TestCaseMain$startTestSuite$0.call(Unknown Source)
	at TempTestSuite1642237148345.run(TempTestSuite1642237148345.groovy:36)
Caused by: com.kms.katalon.core.exception.StepFailedException: Cannot get CSS 'background' value on 'Object Repository/defaultFooter/div_topFooter'.
	at com.kms.katalon.core.webui.keyword.internal.WebUIKeywordMain.stepFailed(WebUIKeywordMain.groovy:64)
	at com.kms.katalon.core.webui.keyword.builtin.getCSSValueKeyword$_getCSSValue_closure1.doCall(GetCSSValueKeyword.groovy:79)
	at com.kms.katalon.core.webui.keyword.builtin.getCSSValueKeyword$_getCSSValue_closure1.call(GetCSSValueKeyword.groovy)
	at com.kms.katalon.core.webui.keyword.internal.WebUIKeywordMain.runKeyword(WebUIKeywordMain.groovy:20)
	... 21 more]]></system-out>
      <system-err><![CDATA[2022-01-15 11:19:19 - [TEST_SUITE][FAILED] - Footer: Test Cases/Footer/Footer TC FAILED.
Reason:
com.kms.katalon.core.exception.StepFailedException: Cannot get CSS 'background' value on 'Object Repository/defaultFooter/div_topFooter'.
	at com.kms.katalon.core.webui.keyword.internal.WebUIKeywordMain.stepFailed(WebUIKeywordMain.groovy:64)
	at com.kms.katalon.core.webui.keyword.internal.WebUIKeywordMain.runKeyword(WebUIKeywordMain.groovy:26)
	at com.kms.katalon.core.webui.keyword.builtin.getCSSValueKeyword.getCSSValue(GetCSSValueKeyword.groovy:84)
	at com.kms.katalon.core.webui.keyword.builtin.getCSSValueKeyword.execute(GetCSSValueKeyword.groovy:68)
	at com.kms.katalon.core.keyword.internal.KeywordExecutor.executeKeywordForPlatform(KeywordExecutor.groovy:74)
	at com.kms.katalon.core.webui.keyword.WebUiBuiltInKeywords.getCSSValue(WebUiBuiltInKeywords.groovy:4594)
	at com.kms.katalon.core.webui.keyword.WebUiBuiltInKeywords$getCSSValue$6.call(Unknown Source)
	at validation.defaultFooterValidatins.verifyBackGroundandMaxHeightOfTopFooter(defaultFooterValidatins.groovy:33)
	at validation.defaultFooterValidatins$verifyBackGroundandMaxHeightOfTopFooter$0.call(Unknown Source)
	at Footer TC.run(Footer TC:25)
	at com.kms.katalon.core.main.ScriptEngine.run(ScriptEngine.java:194)
	at com.kms.katalon.core.main.ScriptEngine.runScriptAsRawText(ScriptEngine.java:119)
	at com.kms.katalon.core.main.TestCaseExecutor.runScript(TestCaseExecutor.java:442)
	at com.kms.katalon.core.main.TestCaseExecutor.doExecute(TestCaseExecutor.java:433)
	at com.kms.katalon.core.main.TestCaseExecutor.processExecutionPhase(TestCaseExecutor.java:412)
	at com.kms.katalon.core.main.TestCaseExecutor.accessMainPhase(TestCaseExecutor.java:404)
	at com.kms.katalon.core.main.TestCaseExecutor.execute(TestCaseExecutor.java:281)
	at com.kms.katalon.core.main.TestSuiteExecutor.accessTestCaseMainPhase(TestSuiteExecutor.java:202)
	at com.kms.katalon.core.main.TestSuiteExecutor.accessTestSuiteMainPhase(TestSuiteExecutor.java:164)
	at com.kms.katalon.core.main.TestSuiteExecutor.execute(TestSuiteExecutor.java:105)
	at com.kms.katalon.core.main.TestCaseMain.startTestSuite(TestCaseMain.java:181)
	at com.kms.katalon.core.main.TestCaseMain$startTestSuite$0.call(Unknown Source)
	at TempTestSuite1642237148345.run(TempTestSuite1642237148345.groovy:36)
Caused by: com.kms.katalon.core.exception.StepFailedException: Cannot get CSS 'background' value on 'Object Repository/defaultFooter/div_topFooter'.
	at com.kms.katalon.core.webui.keyword.internal.WebUIKeywordMain.stepFailed(WebUIKeywordMain.groovy:64)
	at com.kms.katalon.core.webui.keyword.builtin.getCSSValueKeyword$_getCSSValue_closure1.doCall(GetCSSValueKeyword.groovy:79)
	at com.kms.katalon.core.webui.keyword.builtin.getCSSValueKeyword$_getCSSValue_closure1.call(GetCSSValueKeyword.groovy)
	at com.kms.katalon.core.webui.keyword.internal.WebUIKeywordMain.runKeyword(WebUIKeywordMain.groovy:20)
	... 21 more]]></system-err>
   </testsuite>
</testsuites>
